<?xml version="1.0" encoding="UTF-8"?>
<!-- Generated by org.testng.reporters.JUnitXMLReporter -->
<testsuite ignored="9" hostname="Gourav" failures="0" tests="1" name="Default test" time="0.135" errors="0" timestamp="2024-05-24T17:18:30 IST">
  <testcase classname="TENs.TestTENsAppUatSf" name="@BeforeTest beforeTestMethod" time="-1.716551309888E9">
    <failure type="org.testng.TestNGException" message="
Parameter &amp;apos;browser&amp;apos; is required by BeforeTest on method beforeTestMethod but has not been marked @Optional or defined
in C:\Users\Gaurav\AppData\Local\Temp\testng-eclipse-1684207359\testng-customsuite.xml">
      <![CDATA[org.testng.TestNGException: 
Parameter 'browser' is required by BeforeTest on method beforeTestMethod but has not been marked @Optional or defined
in C:\Users\Gaurav\AppData\Local\Temp\testng-eclipse-1684207359\testng-customsuite.xml
at org.testng.internal.Parameters.createParams(Parameters.java:267)
at org.testng.internal.Parameters.createParametersForMethod(Parameters.java:355)
at org.testng.internal.Parameters.createParameters(Parameters.java:684)
at org.testng.internal.Parameters.createConfigurationParameters(Parameters.java:166)
at org.testng.internal.invokers.ConfigInvoker.invokeConfigurations(ConfigInvoker.java:306)
at org.testng.TestRunner.invokeTestConfigurations(TestRunner.java:663)
at org.testng.TestRunner.beforeRun(TestRunner.java:652)
at org.testng.TestRunner.run(TestRunner.java:614)
at org.testng.SuiteRunner.runTest(SuiteRunner.java:443)
at org.testng.SuiteRunner.runSequentially(SuiteRunner.java:437)
at org.testng.SuiteRunner.privateRun(SuiteRunner.java:397)
at org.testng.SuiteRunner.run(SuiteRunner.java:336)
at org.testng.SuiteRunnerWorker.runSuite(SuiteRunnerWorker.java:52)
at org.testng.SuiteRunnerWorker.run(SuiteRunnerWorker.java:95)
at org.testng.TestNG.runSuitesSequentially(TestNG.java:1280)
at org.testng.TestNG.runSuitesLocally(TestNG.java:1200)
at org.testng.TestNG.runSuites(TestNG.java:1114)
at org.testng.TestNG.run(TestNG.java:1082)
at org.testng.remote.AbstractRemoteTestNG.run(AbstractRemoteTestNG.java:115)
at org.testng.remote.RemoteTestNG.initAndRun(RemoteTestNG.java:251)
at org.testng.remote.RemoteTestNG.main(RemoteTestNG.java:77)
]]>
    </failure>
  </testcase> <!-- @BeforeTest beforeTestMethod -->
  <testcase classname="base.BaseTest" name="@AfterMethod afterMethod" time="0.0">
    <skipped/>
  </testcase> <!-- @AfterMethod afterMethod -->
  <testcase classname="base.BaseTest" name="@AfterTest afterTest" time="0.0">
    <skipped/>
  </testcase> <!-- @AfterTest afterTest -->
  <testcase classname="TENs.TestTENsAppUatSf" name="addPayment" time="0.0">
    <skipped/>
  </testcase> <!-- addPayment -->
  <testcase classname="TENs.TestTENsAppUatSf" name="fillPersonalLicence" time="0.0">
    <ignored/>
  </testcase> <!-- fillPersonalLicence -->
  <testcase classname="TENs.TestTENsAppUatSf" name="uploadApplicaitonEvidence" time="0.0">
    <ignored/>
  </testcase> <!-- uploadApplicaitonEvidence -->
  <testcase classname="TENs.TestTENsAppUatSf" name="fillDateTime" time="0.0">
    <ignored/>
  </testcase> <!-- fillDateTime -->
  <testcase classname="TENs.TestTENsAppUatSf" name="fillLicenceActivities" time="0.0">
    <ignored/>
  </testcase> <!-- fillLicenceActivities -->
  <testcase classname="TENs.TestTENsAppUatSf" name="fillPremiseEventDetails" time="0.0">
    <ignored/>
  </testcase> <!-- fillPremiseEventDetails -->
  <testcase classname="TENs.TestTENsAppUatSf" name="infoAboutProperty" time="0.0">
    <ignored/>
  </testcase> <!-- infoAboutProperty -->
  <testcase classname="TENs.TestTENsAppUatSf" name="openLa_03LoginUrl" time="0.0">
    <ignored/>
  </testcase> <!-- openLa_03LoginUrl -->
  <testcase classname="TENs.TestTENsAppUatSf" name="confirmInformationtrue" time="0.0">
    <ignored/>
  </testcase> <!-- confirmInformationtrue -->
  <testcase classname="TENs.TestTENsAppUatSf" name="addDeclaration" time="0.0">
    <ignored/>
  </testcase> <!-- addDeclaration -->
</testsuite> <!-- Default test -->
