<?xml version="1.0" encoding="UTF-8"?>
<!-- Generated by org.testng.reporters.JUnitXMLReporter -->
<testsuite ignored="12" hostname="Gourav" failures="0" tests="0" time="0.096" errors="0" timestamp="2024-05-18T13:31:23 IST">
  <testcase classname="qa.test.TestPremiseAppUatSf" name="@BeforeTest beforeTestMethod" time="-1.716019283491E9">
    <failure type="org.testng.TestNGException" message="
Parameter &amp;apos;browser&amp;apos; is required by BeforeTest on method beforeTestMethod but has not been marked @Optional or defined
in C:\Users\Gaurav\AppData\Local\Temp\testng-eclipse--1737667951\testng-customsuite.xml">
      <![CDATA[org.testng.TestNGException: 
Parameter 'browser' is required by BeforeTest on method beforeTestMethod but has not been marked @Optional or defined
in C:\Users\Gaurav\AppData\Local\Temp\testng-eclipse--1737667951\testng-customsuite.xml
at org.testng.internal.Parameters.createParams(Parameters.java:267)
at org.testng.internal.Parameters.createParametersForMethod(Parameters.java:355)
at org.testng.internal.Parameters.createParameters(Parameters.java:684)
at org.testng.internal.Parameters.createConfigurationParameters(Parameters.java:166)
at org.testng.internal.invokers.ConfigInvoker.invokeConfigurations(ConfigInvoker.java:306)
at org.testng.TestRunner.invokeTestConfigurations(TestRunner.java:663)
at org.testng.TestRunner.beforeRun(TestRunner.java:652)
at org.testng.TestRunner.run(TestRunner.java:614)
at org.testng.SuiteRunner.runTest(SuiteRunner.java:443)
at org.testng.SuiteRunner.runSequentially(SuiteRunner.java:437)
at org.testng.SuiteRunner.privateRun(SuiteRunner.java:397)
at org.testng.SuiteRunner.run(SuiteRunner.java:336)
at org.testng.SuiteRunnerWorker.runSuite(SuiteRunnerWorker.java:52)
at org.testng.SuiteRunnerWorker.run(SuiteRunnerWorker.java:95)
at org.testng.TestNG.runSuitesSequentially(TestNG.java:1280)
at org.testng.TestNG.runSuitesLocally(TestNG.java:1200)
at org.testng.TestNG.runSuites(TestNG.java:1114)
at org.testng.TestNG.run(TestNG.java:1082)
at org.testng.remote.AbstractRemoteTestNG.run(AbstractRemoteTestNG.java:115)
at org.testng.remote.RemoteTestNG.initAndRun(RemoteTestNG.java:251)
at org.testng.remote.RemoteTestNG.main(RemoteTestNG.java:77)
]]>
    </failure>
  </testcase> <!-- @BeforeTest beforeTestMethod -->
  <testcase classname="base.BaseTest" name="@AfterTest afterTest" time="0.0">
    <skipped/>
  </testcase> <!-- @AfterTest afterTest -->
  <testcase classname="qa.test.TestPremiseAppUatSf" name="fillBusinessHours" time="0.0">
    <ignored/>
  </testcase> <!-- fillBusinessHours -->
  <testcase classname="qa.test.TestPremiseAppUatSf" name="fillingLicenceDuration" time="0.0">
    <ignored/>
  </testcase> <!-- fillingLicenceDuration -->
  <testcase classname="qa.test.TestPremiseAppUatSf" name="fillDeclaration" time="0.0">
    <ignored/>
  </testcase> <!-- fillDeclaration -->
  <testcase classname="qa.test.TestPremiseAppUatSf" name="fillOperatingSchedule" time="0.0">
    <ignored/>
  </testcase> <!-- fillOperatingSchedule -->
  <testcase classname="qa.test.TestPremiseAppUatSf" name="fillLicenceObjectives" time="0.0">
    <ignored/>
  </testcase> <!-- fillLicenceObjectives -->
  <testcase classname="qa.test.TestPremiseAppUatSf" name="payment" time="0.0">
    <ignored/>
  </testcase> <!-- payment -->
  <testcase classname="qa.test.TestPremiseAppUatSf" name="openLa_03LoginUrl" time="0.0">
    <ignored/>
  </testcase> <!-- openLa_03LoginUrl -->
  <testcase classname="qa.test.TestPremiseAppUatSf" name="confirmInformationtrue" time="0.0">
    <ignored/>
  </testcase> <!-- confirmInformationtrue -->
  <testcase classname="qa.test.TestPremiseAppUatSf" name="fillingDesignatedPremisesSupervisor" time="0.0">
    <ignored/>
  </testcase> <!-- fillingDesignatedPremisesSupervisor -->
  <testcase classname="qa.test.TestPremiseAppUatSf" name="uploadApplicationEvidence" time="0.0">
    <ignored/>
  </testcase> <!-- uploadApplicationEvidence -->
  <testcase classname="qa.test.TestPremiseAppUatSf" name="fillPremisesDetails" time="0.0">
    <ignored/>
  </testcase> <!-- fillPremisesDetails -->
  <testcase classname="qa.test.TestPremiseAppUatSf" name="fillingApplicantDetails" time="0.0">
    <ignored/>
  </testcase> <!-- fillingApplicantDetails -->
</testsuite>
