<?xml version="1.0" encoding="UTF-8"?>
<!-- Generated by org.testng.reporters.JUnitXMLReporter -->
<testsuite ignored="11" hostname="Gourav" failures="0" tests="15" name="TestSuite1" time="0.311" errors="0" timestamp="2024-05-20T02:17:42 IST">
  <testcase classname="qa.test.TestPremiseAppTestServerSf" name="@BeforeTest beforeTestMethod" time="-1.716151661979E9">
    <failure type="org.testng.TestNGException" message="
Parameter &amp;apos;browser&amp;apos; is required by BeforeTest on method beforeTestMethod but has not been marked @Optional or defined
in Z:\Sysnomy\Appl\WestminsterBo\testng.xml">
      <![CDATA[org.testng.TestNGException: 
Parameter 'browser' is required by BeforeTest on method beforeTestMethod but has not been marked @Optional or defined
in Z:\Sysnomy\Appl\WestminsterBo\testng.xml
at java.base/java.util.concurrent.FutureTask.run(FutureTask.java:264)
at java.base/java.util.concurrent.ThreadPoolExecutor.runWorker(ThreadPoolExecutor.java:1136)
at java.base/java.util.concurrent.ThreadPoolExecutor$Worker.run(ThreadPoolExecutor.java:635)
at java.base/java.lang.Thread.run(Thread.java:833)
... Removed 11 stack frames]]>
    </failure>
  </testcase> <!-- @BeforeTest beforeTestMethod -->
  <testcase classname="qa.test.TestPremiseAppUatSf" name="@BeforeTest beforeTestMethod" time="-1.716151661979E9">
    <failure type="org.testng.TestNGException" message="
Parameter &amp;apos;browser&amp;apos; is required by BeforeTest on method beforeTestMethod but has not been marked @Optional or defined
in Z:\Sysnomy\Appl\WestminsterBo\testng.xml">
      <![CDATA[org.testng.TestNGException: 
Parameter 'browser' is required by BeforeTest on method beforeTestMethod but has not been marked @Optional or defined
in Z:\Sysnomy\Appl\WestminsterBo\testng.xml
at java.base/java.util.concurrent.FutureTask.run(FutureTask.java:264)
at java.base/java.util.concurrent.ThreadPoolExecutor.runWorker(ThreadPoolExecutor.java:1136)
at java.base/java.util.concurrent.ThreadPoolExecutor$Worker.run(ThreadPoolExecutor.java:635)
at java.base/java.lang.Thread.run(Thread.java:833)
... Removed 11 stack frames]]>
    </failure>
  </testcase> <!-- @BeforeTest beforeTestMethod -->
  <testcase classname="qa.test.TestPremiseAppTestServerSfbo" name="@BeforeTest beforeTestMethod" time="0.0">
    <skipped/>
  </testcase> <!-- @BeforeTest beforeTestMethod -->
  <testcase classname="qa.test.TestPremiseAppUatSfbo" name="@BeforeTest beforeTestMethod" time="0.0">
    <skipped/>
  </testcase> <!-- @BeforeTest beforeTestMethod -->
  <testcase classname="base.BaseTest" name="@AfterMethod afterMethod" time="0.0">
    <skipped/>
  </testcase> <!-- @AfterMethod afterMethod -->
  <testcase classname="base.BaseTest" name="@AfterMethod afterMethod" time="0.0">
    <skipped/>
  </testcase> <!-- @AfterMethod afterMethod -->
  <testcase classname="base.BaseTest" name="@AfterMethod afterMethod" time="0.0">
    <skipped/>
  </testcase> <!-- @AfterMethod afterMethod -->
  <testcase classname="base.BaseTest" name="@AfterMethod afterMethod" time="0.0">
    <skipped/>
  </testcase> <!-- @AfterMethod afterMethod -->
  <testcase classname="base.BaseTest" name="@AfterMethod afterMethod" time="0.0">
    <skipped/>
  </testcase> <!-- @AfterMethod afterMethod -->
  <testcase classname="base.BaseTest" name="@AfterMethod afterMethod" time="0.0">
    <skipped/>
  </testcase> <!-- @AfterMethod afterMethod -->
  <testcase classname="base.BaseTest" name="@AfterMethod afterMethod" time="0.0">
    <skipped/>
  </testcase> <!-- @AfterMethod afterMethod -->
  <testcase classname="base.BaseTest" name="@AfterMethod afterMethod" time="0.0">
    <skipped/>
  </testcase> <!-- @AfterMethod afterMethod -->
  <testcase classname="base.BaseTest" name="@AfterMethod afterMethod" time="0.0">
    <skipped/>
  </testcase> <!-- @AfterMethod afterMethod -->
  <testcase classname="base.BaseTest" name="@AfterMethod afterMethod" time="0.0">
    <skipped/>
  </testcase> <!-- @AfterMethod afterMethod -->
  <testcase classname="base.BaseTest" name="@AfterMethod afterMethod" time="0.0">
    <skipped/>
  </testcase> <!-- @AfterMethod afterMethod -->
  <testcase classname="base.BaseTest" name="@AfterMethod afterMethod" time="0.0">
    <skipped/>
  </testcase> <!-- @AfterMethod afterMethod -->
  <testcase classname="base.BaseTest" name="@AfterMethod afterMethod" time="0.0">
    <skipped/>
  </testcase> <!-- @AfterMethod afterMethod -->
  <testcase classname="base.BaseTest" name="@AfterMethod afterMethod" time="0.0">
    <skipped/>
  </testcase> <!-- @AfterMethod afterMethod -->
  <testcase classname="base.BaseTest" name="@AfterMethod afterMethod" time="0.0">
    <skipped/>
  </testcase> <!-- @AfterMethod afterMethod -->
  <testcase classname="base.BaseTest" name="@AfterMethod afterMethod" time="0.0">
    <skipped/>
  </testcase> <!-- @AfterMethod afterMethod -->
  <testcase classname="base.BaseTest" name="@AfterMethod afterMethod" time="0.0">
    <skipped/>
  </testcase> <!-- @AfterMethod afterMethod -->
  <testcase classname="base.BaseTest" name="@AfterMethod afterMethod" time="0.0">
    <skipped/>
  </testcase> <!-- @AfterMethod afterMethod -->
  <testcase classname="base.BaseTest" name="@AfterMethod afterMethod" time="0.0">
    <skipped/>
  </testcase> <!-- @AfterMethod afterMethod -->
  <testcase classname="base.BaseTest" name="@AfterMethod afterMethod" time="0.0">
    <skipped/>
  </testcase> <!-- @AfterMethod afterMethod -->
  <testcase classname="base.BaseTest" name="@AfterMethod afterMethod" time="0.0">
    <skipped/>
  </testcase> <!-- @AfterMethod afterMethod -->
  <testcase classname="base.BaseTest" name="@AfterMethod afterMethod" time="0.0">
    <skipped/>
  </testcase> <!-- @AfterMethod afterMethod -->
  <testcase classname="base.BaseTest" name="@AfterMethod afterMethod" time="0.0">
    <skipped/>
  </testcase> <!-- @AfterMethod afterMethod -->
  <testcase classname="base.BaseTest" name="@AfterMethod afterMethod" time="0.0">
    <skipped/>
  </testcase> <!-- @AfterMethod afterMethod -->
  <testcase classname="base.BaseTest" name="@AfterMethod afterMethod" time="0.0">
    <skipped/>
  </testcase> <!-- @AfterMethod afterMethod -->
  <testcase classname="base.BaseTest" name="@AfterMethod afterMethod" time="0.0">
    <skipped/>
  </testcase> <!-- @AfterMethod afterMethod -->
  <testcase classname="base.BaseTest" name="@AfterMethod afterMethod" time="0.0">
    <skipped/>
  </testcase> <!-- @AfterMethod afterMethod -->
  <testcase classname="base.BaseTest" name="@AfterMethod afterMethod" time="0.0">
    <skipped/>
  </testcase> <!-- @AfterMethod afterMethod -->
  <testcase classname="base.BaseTest" name="@AfterMethod afterMethod" time="0.0">
    <skipped/>
  </testcase> <!-- @AfterMethod afterMethod -->
  <testcase classname="base.BaseTest" name="@AfterMethod afterMethod" time="0.0">
    <skipped/>
  </testcase> <!-- @AfterMethod afterMethod -->
  <testcase classname="base.BaseTest" name="@AfterMethod afterMethod" time="0.0">
    <skipped/>
  </testcase> <!-- @AfterMethod afterMethod -->
  <testcase classname="base.BaseTest" name="@AfterMethod afterMethod" time="0.0">
    <skipped/>
  </testcase> <!-- @AfterMethod afterMethod -->
  <testcase classname="base.BaseTest" name="@AfterTest afterTest" time="0.0">
    <skipped/>
  </testcase> <!-- @AfterTest afterTest -->
  <testcase classname="base.BaseTest" name="@AfterMethod afterMethod" time="0.0">
    <skipped/>
  </testcase> <!-- @AfterMethod afterMethod -->
  <testcase classname="base.BaseTest" name="@AfterMethod afterMethod" time="0.0">
    <skipped/>
  </testcase> <!-- @AfterMethod afterMethod -->
  <testcase classname="base.BaseTest" name="@AfterMethod afterMethod" time="0.0">
    <skipped/>
  </testcase> <!-- @AfterMethod afterMethod -->
  <testcase classname="base.BaseTest" name="@AfterMethod afterMethod" time="0.0">
    <skipped/>
  </testcase> <!-- @AfterMethod afterMethod -->
  <testcase classname="base.BaseTest" name="@AfterMethod afterMethod" time="0.0">
    <skipped/>
  </testcase> <!-- @AfterMethod afterMethod -->
  <testcase classname="base.BaseTest" name="@AfterMethod afterMethod" time="0.0">
    <skipped/>
  </testcase> <!-- @AfterMethod afterMethod -->
  <testcase classname="base.BaseTest" name="@AfterMethod afterMethod" time="0.0">
    <skipped/>
  </testcase> <!-- @AfterMethod afterMethod -->
  <testcase classname="base.BaseTest" name="@AfterMethod afterMethod" time="0.0">
    <skipped/>
  </testcase> <!-- @AfterMethod afterMethod -->
  <testcase classname="base.BaseTest" name="@AfterTest afterTest" time="0.0">
    <skipped/>
  </testcase> <!-- @AfterTest afterTest -->
  <testcase classname="qa.test.TestPremiseAppTestServerSf" name="openLa_03LoginUrl" time="0.001">
    <skipped/>
  </testcase> <!-- openLa_03LoginUrl -->
  <testcase classname="qa.test.TestPremiseAppTestServerSfbo" name="openLa_03LoginUrl" time="0.001">
    <skipped/>
  </testcase> <!-- openLa_03LoginUrl -->
  <testcase classname="qa.test.TestPremiseAppTestServerSfbo" name="fillBusinessDetails" time="0.0">
    <skipped/>
  </testcase> <!-- fillBusinessDetails -->
  <testcase classname="qa.test.TestPremiseAppTestServerSfbo" name="confirmInformationTrue" time="0.0">
    <skipped/>
  </testcase> <!-- confirmInformationTrue -->
  <testcase classname="qa.test.TestPremiseAppTestServerSfbo" name="fillingLicenceDuration" time="0.0">
    <skipped/>
  </testcase> <!-- fillingLicenceDuration -->
  <testcase classname="qa.test.TestPremiseAppTestServerSfbo" name="fillingApplicantDetails" time="0.0">
    <skipped/>
  </testcase> <!-- fillingApplicantDetails -->
  <testcase classname="qa.test.TestPremiseAppTestServerSfbo" name="fillingDesignatedPremisesSupervisor" time="0.0">
    <skipped/>
  </testcase> <!-- fillingDesignatedPremisesSupervisor -->
  <testcase classname="qa.test.TestPremiseAppTestServerSfbo" name="uploadApplicationEvidence" time="0.001">
    <skipped/>
  </testcase> <!-- uploadApplicationEvidence -->
  <testcase classname="qa.test.TestPremiseAppTestServerSfbo" name="fillPremisesDetails" time="0.0">
    <skipped/>
  </testcase> <!-- fillPremisesDetails -->
  <testcase classname="qa.test.TestPremiseAppTestServerSfbo" name="fillBusinessHours" time="0.0">
    <skipped/>
  </testcase> <!-- fillBusinessHours -->
  <testcase classname="qa.test.TestPremiseAppTestServerSf" name="fillOperatingSchedule" time="0.0">
    <skipped/>
  </testcase> <!-- fillOperatingSchedule -->
  <testcase classname="qa.test.TestPremiseAppTestServerSfbo" name="fillOperatingSchedule" time="0.0">
    <skipped/>
  </testcase> <!-- fillOperatingSchedule -->
  <testcase classname="qa.test.TestPremiseAppTestServerSfbo" name="fillLicenceObjectives" time="0.0">
    <skipped/>
  </testcase> <!-- fillLicenceObjectives -->
  <testcase classname="qa.test.TestPremiseAppTestServerSfbo" name="fillDeclaration" time="0.0">
    <skipped/>
  </testcase> <!-- fillDeclaration -->
  <testcase classname="qa.test.TestPremiseAppTestServerSfbo" name="payment" time="0.0">
    <skipped/>
  </testcase> <!-- payment -->
  <testcase classname="qa.test.TestPremiseAppTestServerSf" name="fillingDesignatedPremisesSupervisor" time="0.0">
    <ignored/>
  </testcase> <!-- fillingDesignatedPremisesSupervisor -->
  <testcase classname="qa.test.TestPremiseAppTestServerSf" name="payment" time="0.0">
    <ignored/>
  </testcase> <!-- payment -->
  <testcase classname="qa.test.TestPremiseAppTestServerSf" name="fillDeclaration" time="0.0">
    <ignored/>
  </testcase> <!-- fillDeclaration -->
  <testcase classname="qa.test.TestPremiseAppTestServerSf" name="fillBusinessHours" time="0.0">
    <ignored/>
  </testcase> <!-- fillBusinessHours -->
  <testcase classname="base.BaseTest" name="@AfterTest afterTest" time="0.0">
    <ignored/>
  </testcase> <!-- @AfterTest afterTest -->
  <testcase classname="qa.test.TestPremiseAppTestServerSf" name="fillingApplicantDetails" time="0.0">
    <ignored/>
  </testcase> <!-- fillingApplicantDetails -->
  <testcase classname="qa.test.TestPremiseAppTestServerSf" name="fillPremisesDetails" time="0.0">
    <ignored/>
  </testcase> <!-- fillPremisesDetails -->
  <testcase classname="qa.test.TestPremiseAppTestServerSf" name="confirmInformationtrue" time="0.0">
    <ignored/>
  </testcase> <!-- confirmInformationtrue -->
  <testcase classname="qa.test.TestPremiseAppTestServerSf" name="fillingLicenceDuration" time="0.0">
    <ignored/>
  </testcase> <!-- fillingLicenceDuration -->
  <testcase classname="qa.test.TestPremiseAppTestServerSf" name="uploadApplicationEvidence" time="0.0">
    <ignored/>
  </testcase> <!-- uploadApplicationEvidence -->
  <testcase classname="qa.test.TestPremiseAppTestServerSf" name="fillLicenceObjectives" time="0.0">
    <ignored/>
  </testcase> <!-- fillLicenceObjectives -->
</testsuite> <!-- TestSuite1 -->
