<?xml version="1.0" encoding="UTF-8"?>
<!-- Generated by org.testng.reporters.JUnitXMLReporter -->
<testsuite ignored="5" hostname="Gourav" failures="0" tests="16" name="TestSuite4" time="0.314" errors="0" timestamp="2024-05-20T02:17:42 IST">
  <testcase classname="qa.test.TestSec50UatSf" name="OpenWestminsterBoUrl" time="0.001">
    <skipped/>
  </testcase> <!-- OpenWestminsterBoUrl -->
  <testcase classname="qa.test.TestSec50UatSfbo" name="OpenWestminsterBoUrl" time="0.001">
    <skipped/>
  </testcase> <!-- OpenWestminsterBoUrl -->
  <testcase classname="qa.test.TestSec50UatSf" name="confirmInformationTrue" time="0.0">
    <skipped/>
  </testcase> <!-- confirmInformationTrue -->
  <testcase classname="qa.test.TestSec50UatSfbo" name="fillBusinessDetails" time="0.0">
    <skipped/>
  </testcase> <!-- fillBusinessDetails -->
  <testcase classname="qa.test.TestSec50UatSf" name="fillingApplicationDates" time="0.0">
    <skipped/>
  </testcase> <!-- fillingApplicationDates -->
  <testcase classname="qa.test.TestSec50UatSfbo" name="fillingApplicationDates" time="0.0">
    <skipped/>
  </testcase> <!-- fillingApplicationDates -->
  <testcase classname="qa.test.TestSec50UatSf" name="fillingSiteDetails" time="0.001">
    <skipped/>
  </testcase> <!-- fillingSiteDetails -->
  <testcase classname="qa.test.TestSec50UatSfbo" name="fillingSiteDetails" time="0.0">
    <skipped/>
  </testcase> <!-- fillingSiteDetails -->
  <testcase classname="qa.test.TestSec50UatSf" name="fillAboutTheWorkSection" time="0.0">
    <skipped/>
  </testcase> <!-- fillAboutTheWorkSection -->
  <testcase classname="qa.test.TestSec50UatSfbo" name="fillAboutTheWorkSection" time="0.0">
    <skipped/>
  </testcase> <!-- fillAboutTheWorkSection -->
  <testcase classname="qa.test.TestSec50UatSf" name="fillSupervisorDetails" time="0.0">
    <skipped/>
  </testcase> <!-- fillSupervisorDetails -->
  <testcase classname="qa.test.TestSec50UatSf" name="fillOperatorDetails" time="0.0">
    <skipped/>
  </testcase> <!-- fillOperatorDetails -->
  <testcase classname="qa.test.TestSec50UatSf" name="addDeclarations" time="0.0">
    <skipped/>
  </testcase> <!-- addDeclarations -->
  <testcase classname="qa.test.TestSec50UatSfbo" name="addDeclarations" time="0.0">
    <skipped/>
  </testcase> <!-- addDeclarations -->
  <testcase classname="qa.test.TestSec50UatSf" name="checkOrderSummary" time="0.0">
    <skipped/>
  </testcase> <!-- checkOrderSummary -->
  <testcase classname="qa.test.TestSec50UatSfbo" name="checkOrderSummary" time="0.0">
    <skipped/>
  </testcase> <!-- checkOrderSummary -->
  <testcase classname="base.BaseTest" name="@AfterTest afterTest" time="0.0">
    <ignored/>
  </testcase> <!-- @AfterTest afterTest -->
  <testcase classname="qa.test.TestSec50UatSfbo" name="payFees" time="0.0">
    <ignored/>
  </testcase> <!-- payFees -->
  <testcase classname="qa.test.TestSec50UatSf" name="payFees" time="0.0">
    <ignored/>
  </testcase> <!-- payFees -->
  <testcase classname="qa.test.TestSec50UatSfbo" name="fillOperatorDetails" time="0.0">
    <ignored/>
  </testcase> <!-- fillOperatorDetails -->
  <testcase classname="qa.test.TestSec50UatSfbo" name="fillSupervisorDetails" time="0.0">
    <ignored/>
  </testcase> <!-- fillSupervisorDetails -->
</testsuite> <!-- TestSuite4 -->
