<?xml version="1.0" encoding="UTF-8"?>
<!-- Generated by org.testng.reporters.JUnitXMLReporter -->
<testsuite ignored="10" hostname="Gourav" failures="1" tests="2" name="ChromeTest" time="19.479" errors="0" timestamp="2024-05-02T11:39:54 IST">
  <testcase classname="qa.test.TestSection50UatSfbo" name="OpenWestminsterBoUrl" time="9.222"/>
  <testcase classname="qa.test.TestSection50UatSfbo" name="performActionOnDashboard" time="0.315">
    <failure type="junit.framework.ComparisonFailure" message="expected:&amp;lt;Success: Highways link clicked successfully&amp;gt; but was:&amp;lt;Error: Unexpected error occurred in dashboard page :Element &amp;lt;a href=&amp;quot;home?did=highways&amp;quot;&amp;gt; could not be scrolled into view
Build info: version: &amp;apos;4.16.1&amp;apos;, revision: &amp;apos;9b4c83354e&amp;apos;
System info: os.name: &amp;apos;Windows 10&amp;apos;, os.arch: &amp;apos;amd64&amp;apos;, os.version: &amp;apos;10.0&amp;apos;, java.version: &amp;apos;17.0.3&amp;apos;
Driver info: org.openqa.selenium.firefox.FirefoxDriver
Command: [97a3c98b-372b-4c1e-a299-b96b9ec7f87d, clickElement {id=dd9569b8-a1f0-4b27-8fd7-22294e0dcdc0}]
Capabilities {acceptInsecureCerts: true, browserName: firefox, browserVersion: 123.0, moz:accessibilityChecks: false, moz:buildID: 20240213221259, moz:debuggerAddress: 127.0.0.1:10856, moz:geckodriverVersion: 0.34.0, moz:headless: false, moz:platformVersion: 10.0, moz:processID: 16560, moz:profile: C:\Users\Gaurav\AppData\Loc..., moz:shutdownTimeout: 60000, moz:webdriverClick: true, moz:windowless: false, pageLoadStrategy: normal, platformName: windows, proxy: Proxy(), se:cdp: ws://127.0.0.1:10856/devtoo..., se:cdpVersion: 85.0, setWindowRect: true, strictFileInteractability: false, timeouts: {implicit: 0, pageLoad: 300000, script: 30000}, unhandledPromptBehavior: dismiss and notify}
Element: [[FirefoxDriver: firefox on windows (97a3c98b-372b-4c1e-a299-b96b9ec7f87d)] -&amp;gt; xpath: //a[@title=&amp;apos;Highways&amp;apos;]]
Session ID: 97a3c98b-372b-4c1e-a299-b96b9ec7f87d&amp;gt;">
      <![CDATA[junit.framework.ComparisonFailure: expected:<Success: Highways link clicked successfully> but was:<Error: Unexpected error occurred in dashboard page :Element <a href="home?did=highways"> could not be scrolled into view
Build info: version: '4.16.1', revision: '9b4c83354e'
System info: os.name: 'Windows 10', os.arch: 'amd64', os.version: '10.0', java.version: '17.0.3'
Driver info: org.openqa.selenium.firefox.FirefoxDriver
Command: [97a3c98b-372b-4c1e-a299-b96b9ec7f87d, clickElement {id=dd9569b8-a1f0-4b27-8fd7-22294e0dcdc0}]
Capabilities {acceptInsecureCerts: true, browserName: firefox, browserVersion: 123.0, moz:accessibilityChecks: false, moz:buildID: 20240213221259, moz:debuggerAddress: 127.0.0.1:10856, moz:geckodriverVersion: 0.34.0, moz:headless: false, moz:platformVersion: 10.0, moz:processID: 16560, moz:profile: C:\Users\Gaurav\AppData\Loc..., moz:shutdownTimeout: 60000, moz:webdriverClick: true, moz:windowless: false, pageLoadStrategy: normal, platformName: windows, proxy: Proxy(), se:cdp: ws://127.0.0.1:10856/devtoo..., se:cdpVersion: 85.0, setWindowRect: true, strictFileInteractability: false, timeouts: {implicit: 0, pageLoad: 300000, script: 30000}, unhandledPromptBehavior: dismiss and notify}
Element: [[FirefoxDriver: firefox on windows (97a3c98b-372b-4c1e-a299-b96b9ec7f87d)] -> xpath: //a[@title='Highways']]
Session ID: 97a3c98b-372b-4c1e-a299-b96b9ec7f87d>
at junit.framework.Assert.assertEquals(Assert.java:81)
at junit.framework.Assert.assertEquals(Assert.java:87)
at qa.test.TestSection50UatSfbo.performActionOnDashboard(TestSection50UatSfbo.java:59)
at java.base/java.util.ArrayList.forEach(ArrayList.java:1511)
... Removed 27 stack frames]]>
    </failure>
  </testcase> <!-- performActionOnDashboard -->
  <testcase classname="qa.test.TestSection50UatSfbo" name="fillOperatorDetails" time="0.0">
    <ignored/>
  </testcase> <!-- fillOperatorDetails -->
  <testcase classname="qa.test.TestSection50UatSfbo" name="performActionOnHighwaysPage" time="0.0">
    <ignored/>
  </testcase> <!-- performActionOnHighwaysPage -->
  <testcase classname="qa.test.TestSection50UatSfbo" name="fillingSiteDetails" time="0.0">
    <ignored/>
  </testcase> <!-- fillingSiteDetails -->
  <testcase classname="qa.test.TestSection50UatSfbo" name="fillSupervisorDetails" time="0.0">
    <ignored/>
  </testcase> <!-- fillSupervisorDetails -->
  <testcase classname="qa.test.TestSection50UatSfbo" name="addDeclaration" time="0.0">
    <ignored/>
  </testcase> <!-- addDeclaration -->
  <testcase classname="qa.test.TestSection50UatSfbo" name="fillBusinessDetails" time="0.0">
    <ignored/>
  </testcase> <!-- fillBusinessDetails -->
  <testcase classname="qa.test.TestSection50UatSfbo" name="ProceedToPayment" time="0.0">
    <ignored/>
  </testcase> <!-- ProceedToPayment -->
  <testcase classname="qa.test.TestSection50UatSfbo" name="OrderSummary" time="0.0">
    <ignored/>
  </testcase> <!-- OrderSummary -->
  <testcase classname="qa.test.TestSection50UatSfbo" name="fillingApplicationDates" time="0.0">
    <ignored/>
  </testcase> <!-- fillingApplicationDates -->
  <testcase classname="qa.test.TestSection50UatSfbo" name="fillAboutTheWorkSection" time="0.0">
    <ignored/>
  </testcase> <!-- fillAboutTheWorkSection -->
</testsuite> <!-- ChromeTest -->
