<?xml version="1.0" encoding="UTF-8"?>
<!-- Generated by org.testng.reporters.JUnitXMLReporter -->
<testsuite ignored="0" hostname="Gourav" failures="0" tests="3" name="ChromeTest" time="45.125" errors="0" timestamp="2024-04-19T16:51:43 IST">
  <testcase classname="qa.test.VerifySection50Application" name="OpenWestminsterBoUrl" time="18.452"/>
  <testcase classname="qa.test.VerifySection50Application" name="performActionOnDashboard" time="10.797"/>
  <testcase classname="qa.test.VerifySection50Application" name="checkApplicationDetails" time="4.976"/>
</testsuite> <!-- ChromeTest -->
