<?xml version="1.0" encoding="UTF-8"?>
<!-- Generated by org.testng.reporters.JUnitXMLReporter -->
<testsuite ignored="0" hostname="Gourav" failures="0" tests="10" name="FireFoxTest" time="47.385" errors="0" timestamp="2024-05-24T17:51:06 IST">
  <testcase classname="TENs.TestTENsAppTestServerSfbo" name="openLa_03LoginUrl" time="12.946"/>
  <testcase classname="TENs.TestTENsAppTestServerSfbo" name="searchBusiness" time="3.783"/>
  <testcase classname="TENs.TestTENsAppTestServerSfbo" name="fillDateTime" time="0.762"/>
  <testcase classname="TENs.TestTENsAppTestServerSfbo" name="fillLicenceActivities" time="2.571"/>
  <testcase classname="TENs.TestTENsAppTestServerSfbo" name="fillPersonalLicence" time="1.064"/>
  <testcase classname="TENs.TestTENsAppTestServerSfbo" name="fillPremiseEventDetails" time="6.737"/>
  <testcase classname="TENs.TestTENsAppTestServerSfbo" name="uploadApplicaitonEvidence" time="1.285"/>
  <testcase classname="TENs.TestTENsAppTestServerSfbo" name="infoAboutProperty" time="4.084"/>
  <testcase classname="TENs.TestTENsAppTestServerSfbo" name="addDeclaration" time="4.715"/>
  <testcase classname="TENs.TestTENsAppTestServerSfbo" name="addPayment" time="4.022"/>
</testsuite> <!-- FireFoxTest -->
