<?xml version="1.0" encoding="UTF-8"?>
<!-- Generated by org.testng.reporters.JUnitXMLReporter -->
<testsuite ignored="0" hostname="Gourav" failures="1" tests="12" name="FireFoxTest2" time="104.334" errors="0" timestamp="2024-05-22T14:51:54 IST">
  <testcase classname="qa.test.TestPremiseAppUatSf" name="openLa_03LoginUrl" time="13.527"/>
  <testcase classname="qa.test.TestPremiseAppUatSf" name="confirmInformationtrue" time="3.437"/>
  <testcase classname="qa.test.TestPremiseAppUatSf" name="fillingLicenceDuration" time="0.445"/>
  <testcase classname="qa.test.TestPremiseAppUatSf" name="fillingApplicantDetails" time="11.135"/>
  <testcase classname="qa.test.TestPremiseAppUatSf" name="fillingDesignatedPremisesSupervisor" time="6.762"/>
  <testcase classname="qa.test.TestPremiseAppUatSf" name="uploadApplicationEvidence" time="1.34"/>
  <testcase classname="qa.test.TestPremiseAppUatSf" name="fillPremisesDetails" time="8.777"/>
  <testcase classname="qa.test.TestPremiseAppUatSf" name="fillBusinessHours" time="13.853"/>
  <testcase classname="qa.test.TestPremiseAppUatSf" name="fillOperatingSchedule" time="15.3"/>
  <testcase classname="qa.test.TestPremiseAppUatSf" name="fillLicenceObjectives" time="0.824"/>
  <testcase classname="qa.test.TestPremiseAppUatSf" name="fillDeclaration" time="7.394"/>
  <testcase classname="qa.test.TestPremiseAppUatSf" name="payment" time="12.355">
    <failure type="junit.framework.ComparisonFailure" message="expected:&amp;lt;Payment successful&amp;gt; but was:&amp;lt;Error :Unable to locate element: #Field\-numberInput
For documentation on this error, please visit: https://www.selenium.dev/documentation/webdriver/troubleshooting/errors#no-such-element-exception
Build info: version: &amp;apos;4.16.1&amp;apos;, revision: &amp;apos;9b4c83354e&amp;apos;
System info: os.name: &amp;apos;Windows 10&amp;apos;, os.arch: &amp;apos;amd64&amp;apos;, os.version: &amp;apos;10.0&amp;apos;, java.version: &amp;apos;17.0.3&amp;apos;
Driver info: org.openqa.selenium.firefox.FirefoxDriver
Command: [02e9ce0b-c8aa-4497-9b82-b6737ee5ebe4, findElement {using=id, value=Field-numberInput}]
Capabilities {acceptInsecureCerts: true, browserName: firefox, browserVersion: 125.0.3, moz:accessibilityChecks: false, moz:buildID: 20240425211020, moz:debuggerAddress: 127.0.0.1:22173, moz:geckodriverVersion: 0.34.0, moz:headless: false, moz:platformVersion: 10.0, moz:processID: 20536, moz:profile: C:\Users\Gaurav\AppData\Loc..., moz:shutdownTimeout: 60000, moz:webdriverClick: true, moz:windowless: false, pageLoadStrategy: normal, platformName: windows, proxy: Proxy(), se:cdp: ws://127.0.0.1:22173/devtoo..., se:cdpVersion: 85.0, setWindowRect: true, strictFileInteractability: false, timeouts: {implicit: 0, pageLoad: 300000, script: 30000}, unhandledPromptBehavior: dismiss and notify, userAgent: Mozilla/5.0 (Windows NT 10....}
Session ID: 02e9ce0b-c8aa-4497-9b82-b6737ee5ebe4&amp;gt;">
      <![CDATA[junit.framework.ComparisonFailure: expected:<Payment successful> but was:<Error :Unable to locate element: #Field\-numberInput
For documentation on this error, please visit: https://www.selenium.dev/documentation/webdriver/troubleshooting/errors#no-such-element-exception
Build info: version: '4.16.1', revision: '9b4c83354e'
System info: os.name: 'Windows 10', os.arch: 'amd64', os.version: '10.0', java.version: '17.0.3'
Driver info: org.openqa.selenium.firefox.FirefoxDriver
Command: [02e9ce0b-c8aa-4497-9b82-b6737ee5ebe4, findElement {using=id, value=Field-numberInput}]
Capabilities {acceptInsecureCerts: true, browserName: firefox, browserVersion: 125.0.3, moz:accessibilityChecks: false, moz:buildID: 20240425211020, moz:debuggerAddress: 127.0.0.1:22173, moz:geckodriverVersion: 0.34.0, moz:headless: false, moz:platformVersion: 10.0, moz:processID: 20536, moz:profile: C:\Users\Gaurav\AppData\Loc..., moz:shutdownTimeout: 60000, moz:webdriverClick: true, moz:windowless: false, pageLoadStrategy: normal, platformName: windows, proxy: Proxy(), se:cdp: ws://127.0.0.1:22173/devtoo..., se:cdpVersion: 85.0, setWindowRect: true, strictFileInteractability: false, timeouts: {implicit: 0, pageLoad: 300000, script: 30000}, unhandledPromptBehavior: dismiss and notify, userAgent: Mozilla/5.0 (Windows NT 10....}
Session ID: 02e9ce0b-c8aa-4497-9b82-b6737ee5ebe4>
at junit.framework.Assert.assertEquals(Assert.java:81)
at junit.framework.Assert.assertEquals(Assert.java:87)
at qa.test.TestPremiseAppUatSf.payment(TestPremiseAppUatSf.java:160)
at java.base/java.util.ArrayList.forEach(ArrayList.java:1511)
... Removed 27 stack frames]]>
    </failure>
  </testcase> <!-- payment -->
</testsuite> <!-- FireFoxTest2 -->
