<?xml version="1.0" encoding="UTF-8"?>
<!-- Generated by org.testng.reporters.JUnitXMLReporter -->
<testsuite ignored="0" hostname="Gourav" failures="1" tests="12" name="FireFoxTest" time="104.172" errors="0" timestamp="2024-05-22T14:43:04 IST">
  <testcase classname="qa.test.TestPremiseAppTestServerSf" name="openLa_03LoginUrl" time="19.237"/>
  <testcase classname="qa.test.TestPremiseAppTestServerSf" name="confirmInformationtrue" time="1.854"/>
  <testcase classname="qa.test.TestPremiseAppTestServerSf" name="fillingLicenceDuration" time="0.236"/>
  <testcase classname="qa.test.TestPremiseAppTestServerSf" name="fillingApplicantDetails" time="10.632"/>
  <testcase classname="qa.test.TestPremiseAppTestServerSf" name="fillingDesignatedPremisesSupervisor" time="6.497"/>
  <testcase classname="qa.test.TestPremiseAppTestServerSf" name="uploadApplicationEvidence" time="1.364"/>
  <testcase classname="qa.test.TestPremiseAppTestServerSf" name="fillPremisesDetails" time="8.381"/>
  <testcase classname="qa.test.TestPremiseAppTestServerSf" name="fillBusinessHours" time="17.873"/>
  <testcase classname="qa.test.TestPremiseAppTestServerSf" name="fillOperatingSchedule" time="14.339"/>
  <testcase classname="qa.test.TestPremiseAppTestServerSf" name="fillLicenceObjectives" time="0.705"/>
  <testcase classname="qa.test.TestPremiseAppTestServerSf" name="fillDeclaration" time="7.283"/>
  <testcase classname="qa.test.TestPremiseAppTestServerSf" name="payment" time="9.416">
    <failure type="junit.framework.ComparisonFailure" message="expected:&amp;lt;Payment successful&amp;gt; but was:&amp;lt;Error :Expected condition failed: waiting for element to be clickable: By.xpath: //span[@class=&amp;apos;MuiButton-label&amp;apos;] (tried for 8 second(s) with 500 milliseconds interval)
Build info: version: &amp;apos;4.16.1&amp;apos;, revision: &amp;apos;9b4c83354e&amp;apos;
System info: os.name: &amp;apos;Windows 10&amp;apos;, os.arch: &amp;apos;amd64&amp;apos;, os.version: &amp;apos;10.0&amp;apos;, java.version: &amp;apos;17.0.3&amp;apos;
Driver info: org.openqa.selenium.firefox.FirefoxDriver
Capabilities {acceptInsecureCerts: true, browserName: firefox, browserVersion: 125.0.3, moz:accessibilityChecks: false, moz:buildID: 20240425211020, moz:debuggerAddress: 127.0.0.1:33600, moz:geckodriverVersion: 0.34.0, moz:headless: false, moz:platformVersion: 10.0, moz:processID: 18460, moz:profile: C:\Users\Gaurav\AppData\Loc..., moz:shutdownTimeout: 60000, moz:webdriverClick: true, moz:windowless: false, pageLoadStrategy: normal, platformName: windows, proxy: Proxy(), se:cdp: ws://127.0.0.1:33600/devtoo..., se:cdpVersion: 85.0, setWindowRect: true, strictFileInteractability: false, timeouts: {implicit: 0, pageLoad: 300000, script: 30000}, unhandledPromptBehavior: dismiss and notify, userAgent: Mozilla/5.0 (Windows NT 10....}
Session ID: ed9f7b11-c431-43e0-843b-0cb7410d2206&amp;gt;">
      <![CDATA[junit.framework.ComparisonFailure: expected:<Payment successful> but was:<Error :Expected condition failed: waiting for element to be clickable: By.xpath: //span[@class='MuiButton-label'] (tried for 8 second(s) with 500 milliseconds interval)
Build info: version: '4.16.1', revision: '9b4c83354e'
System info: os.name: 'Windows 10', os.arch: 'amd64', os.version: '10.0', java.version: '17.0.3'
Driver info: org.openqa.selenium.firefox.FirefoxDriver
Capabilities {acceptInsecureCerts: true, browserName: firefox, browserVersion: 125.0.3, moz:accessibilityChecks: false, moz:buildID: 20240425211020, moz:debuggerAddress: 127.0.0.1:33600, moz:geckodriverVersion: 0.34.0, moz:headless: false, moz:platformVersion: 10.0, moz:processID: 18460, moz:profile: C:\Users\Gaurav\AppData\Loc..., moz:shutdownTimeout: 60000, moz:webdriverClick: true, moz:windowless: false, pageLoadStrategy: normal, platformName: windows, proxy: Proxy(), se:cdp: ws://127.0.0.1:33600/devtoo..., se:cdpVersion: 85.0, setWindowRect: true, strictFileInteractability: false, timeouts: {implicit: 0, pageLoad: 300000, script: 30000}, unhandledPromptBehavior: dismiss and notify, userAgent: Mozilla/5.0 (Windows NT 10....}
Session ID: ed9f7b11-c431-43e0-843b-0cb7410d2206>
at junit.framework.Assert.assertEquals(Assert.java:81)
at junit.framework.Assert.assertEquals(Assert.java:87)
at qa.test.TestPremiseAppTestServerSf.payment(TestPremiseAppTestServerSf.java:160)
at java.base/java.util.ArrayList.forEach(ArrayList.java:1511)
... Removed 27 stack frames]]>
    </failure>
  </testcase> <!-- payment -->
</testsuite> <!-- FireFoxTest -->
