<?xml version="1.0" encoding="UTF-8"?>
<!-- Generated by org.testng.reporters.JUnitXMLReporter -->
<testsuite ignored="8" hostname="Gourav" failures="0" tests="2" name="FireFoxTest" time="26.891" errors="0" timestamp="2024-05-17T10:42:15 IST">
  <testcase classname="qa.test.TestPremiseAppUatSf" name="openLa_03LoginUrl" time="12.783"/>
  <testcase classname="qa.test.TestPremiseAppUatSf" name="fillBusinessHours" time="5.756"/>
  <testcase classname="qa.test.TestPremiseAppUatSf" name="uploadApplicationEvidence" time="0.0">
    <ignored/>
  </testcase> <!-- uploadApplicationEvidence -->
  <testcase classname="qa.test.TestPremiseAppUatSf" name="fillDeclaration" time="0.0">
    <ignored/>
  </testcase> <!-- fillDeclaration -->
  <testcase classname="qa.test.TestPremiseAppUatSf" name="fillingDesignatedPremisesSupervisor" time="0.0">
    <ignored/>
  </testcase> <!-- fillingDesignatedPremisesSupervisor -->
  <testcase classname="qa.test.TestPremiseAppUatSf" name="confirmInformationTrue" time="0.0">
    <ignored/>
  </testcase> <!-- confirmInformationTrue -->
  <testcase classname="qa.test.TestPremiseAppUatSf" name="fillLicenceObjectives" time="0.0">
    <ignored/>
  </testcase> <!-- fillLicenceObjectives -->
  <testcase classname="qa.test.TestPremiseAppUatSf" name="fillingLicenceDuration" time="0.0">
    <ignored/>
  </testcase> <!-- fillingLicenceDuration -->
  <testcase classname="qa.test.TestPremiseAppUatSf" name="fillPremisesDetails" time="0.0">
    <ignored/>
  </testcase> <!-- fillPremisesDetails -->
  <testcase classname="qa.test.TestPremiseAppUatSf" name="fillingApplicantDetails" time="0.0">
    <ignored/>
  </testcase> <!-- fillingApplicantDetails -->
</testsuite> <!-- FireFoxTest -->
