<?xml version="1.0" encoding="UTF-8"?>
<!-- Generated by org.testng.reporters.JUnitXMLReporter -->
<testsuite ignored="0" hostname="Gourav" failures="0" tests="10" name="FireFoxTest" time="44.943" errors="0" timestamp="2024-05-24T17:36:18 IST">
  <testcase classname="TENs.TestTENsAppUatSfbo" name="openLa_03LoginUrl" time="10.902"/>
  <testcase classname="TENs.TestTENsAppUatSfbo" name="searchBusiness" time="3.519"/>
  <testcase classname="TENs.TestTENsAppUatSfbo" name="fillDateTime" time="0.782"/>
  <testcase classname="TENs.TestTENsAppUatSfbo" name="fillLicenceActivities" time="2.644"/>
  <testcase classname="TENs.TestTENsAppUatSfbo" name="fillPersonalLicence" time="1.063"/>
  <testcase classname="TENs.TestTENsAppUatSfbo" name="fillPremiseEventDetails" time="6.698"/>
  <testcase classname="TENs.TestTENsAppUatSfbo" name="uploadApplicaitonEvidence" time="1.27"/>
  <testcase classname="TENs.TestTENsAppUatSfbo" name="infoAboutProperty" time="4.129"/>
  <testcase classname="TENs.TestTENsAppUatSfbo" name="addDeclaration" time="4.768"/>
  <testcase classname="TENs.TestTENsAppUatSfbo" name="addPayment" time="4.146"/>
</testsuite> <!-- FireFoxTest -->
