<?xml version="1.0" encoding="UTF-8"?>
<!-- Generated by org.testng.reporters.JUnitXMLReporter -->
<testsuite ignored="7" hostname="Gourav" failures="0" tests="2" name="FireFoxTest1" time="21.476" errors="0" timestamp="2024-05-10T12:35:23 IST">
  <testcase classname="qa.test.TestSec50UatSfbo" name="OpenWestminsterBoUrl" time="10.987"/>
  <testcase classname="qa.test.TestSec50UatSfbo" name="fillBusinessDetails" time="4.712"/>
  <testcase classname="qa.test.TestSec50UatSfbo" name="fillingSiteDetails" time="0.0">
    <ignored/>
  </testcase> <!-- fillingSiteDetails -->
  <testcase classname="qa.test.TestSec50UatSfbo" name="fillOperatorDetails" time="0.0">
    <ignored/>
  </testcase> <!-- fillOperatorDetails -->
  <testcase classname="qa.test.TestSec50UatSfbo" name="fillAboutTheWorkSection" time="0.0">
    <ignored/>
  </testcase> <!-- fillAboutTheWorkSection -->
  <testcase classname="qa.test.TestSec50UatSfbo" name="fillSupervisorDetails" time="0.0">
    <ignored/>
  </testcase> <!-- fillSupervisorDetails -->
  <testcase classname="qa.test.TestSec50UatSfbo" name="fillingApplicationDates" time="0.0">
    <ignored/>
  </testcase> <!-- fillingApplicationDates -->
  <testcase classname="qa.test.TestSec50UatSfbo" name="addDeclarations" time="0.0">
    <ignored/>
  </testcase> <!-- addDeclarations -->
  <testcase classname="qa.test.TestSec50UatSfbo" name="payFees" time="0.0">
    <ignored/>
  </testcase> <!-- payFees -->
</testsuite> <!-- FireFoxTest1 -->
