<?xml version="1.0" encoding="UTF-8"?>
<!-- Generated by org.testng.reporters.JUnitXMLReporter -->
<testsuite ignored="8" hostname="Gourav" failures="0" tests="2" name="FireFoxTest" time="24.35" errors="0" timestamp="2024-05-03T11:52:50 IST">
  <testcase classname="qa.test.TestSection50UatSfbo" name="OpenWestminsterBoUrl" time="14.028"/>
  <testcase classname="qa.test.TestSection50UatSfbo" name="fillBusinessDetails" time="4.589"/>
  <testcase classname="qa.test.TestSection50UatSfbo" name="fillingSiteDetails" time="0.0">
    <ignored/>
  </testcase> <!-- fillingSiteDetails -->
  <testcase classname="qa.test.TestSection50UatSfbo" name="fillAboutTheWorkSection" time="0.0">
    <ignored/>
  </testcase> <!-- fillAboutTheWorkSection -->
  <testcase classname="qa.test.TestSection50UatSfbo" name="addDeclaration" time="0.0">
    <ignored/>
  </testcase> <!-- addDeclaration -->
  <testcase classname="qa.test.TestSection50UatSfbo" name="ProceedToPayment" time="0.0">
    <ignored/>
  </testcase> <!-- ProceedToPayment -->
  <testcase classname="qa.test.TestSection50UatSfbo" name="fillOperatorDetails" time="0.0">
    <ignored/>
  </testcase> <!-- fillOperatorDetails -->
  <testcase classname="qa.test.TestSection50UatSfbo" name="fillSupervisorDetails" time="0.0">
    <ignored/>
  </testcase> <!-- fillSupervisorDetails -->
  <testcase classname="qa.test.TestSection50UatSfbo" name="fillingApplicationDates" time="0.0">
    <ignored/>
  </testcase> <!-- fillingApplicationDates -->
  <testcase classname="qa.test.TestSection50UatSfbo" name="OrderSummary" time="0.0">
    <ignored/>
  </testcase> <!-- OrderSummary -->
</testsuite> <!-- FireFoxTest -->
