<?xml version="1.0" encoding="UTF-8"?>
<!-- Generated by org.testng.reporters.JUnitXMLReporter -->
<testsuite ignored="0" hostname="Gourav" failures="0" tests="3" name="FireFoxTest" time="18.035" errors="0" timestamp="2024-04-05T17:55:50 IST">
  <testcase classname="qa.test.TestSection50" name="OpenWestminsterUrl" time="10.172"/>
  <testcase classname="qa.test.TestSection50" name="performDashboardPageEvents" time="1.787"/>
  <testcase classname="qa.test.TestSection50" name="fillingSection50" time="0.796"/>
</testsuite> <!-- FireFoxTest -->
