<?xml version="1.0" encoding="UTF-8"?>
<!-- Generated by org.testng.reporters.JUnitXMLReporter -->
<testsuite ignored="11" hostname="Gourav" failures="1" tests="2" name="FireFoxTest" time="60.996" errors="0" timestamp="2024-05-20T01:16:12 IST">
  <testcase classname="qa.test.TestPremiseAppTestServerSfbo" name="openLa_03LoginUrl" time="41.07"/>
  <testcase classname="qa.test.TestPremiseAppTestServerSfbo" name="fillOperatingSchedule" time="11.035">
    <failure type="junit.framework.ComparisonFailure" message="expected:&amp;lt;Success : Operating schedule filled successfully&amp;gt; but was:&amp;lt;Error : There are some problemExpected condition failed: waiting for element to be clickable: [[FirefoxDriver: firefox on windows (69e62f3e-952c-4a5b-a6e1-4b3ccf965f6c)] -&amp;gt; xpath: (//a/span[@class=&amp;apos;text&amp;apos; and text()=&amp;apos;00:00&amp;apos;])[1]] (tried for 5 second(s) with 500 milliseconds interval)
Build info: version: &amp;apos;4.16.1&amp;apos;, revision: &amp;apos;9b4c83354e&amp;apos;
System info: os.name: &amp;apos;Windows 10&amp;apos;, os.arch: &amp;apos;amd64&amp;apos;, os.version: &amp;apos;10.0&amp;apos;, java.version: &amp;apos;17.0.3&amp;apos;
Driver info: org.openqa.selenium.firefox.FirefoxDriver
Capabilities {acceptInsecureCerts: true, browserName: firefox, browserVersion: 125.0.3, moz:accessibilityChecks: false, moz:buildID: 20240425211020, moz:debuggerAddress: 127.0.0.1:35497, moz:geckodriverVersion: 0.34.0, moz:headless: false, moz:platformVersion: 10.0, moz:processID: 20164, moz:profile: C:\Users\Gaurav\AppData\Loc..., moz:shutdownTimeout: 60000, moz:webdriverClick: true, moz:windowless: false, pageLoadStrategy: normal, platformName: windows, proxy: Proxy(), se:cdp: ws://127.0.0.1:35497/devtoo..., se:cdpVersion: 85.0, setWindowRect: true, strictFileInteractability: false, timeouts: {implicit: 0, pageLoad: 300000, script: 30000}, unhandledPromptBehavior: dismiss and notify, userAgent: Mozilla/5.0 (Windows NT 10....}
Session ID: 69e62f3e-952c-4a5b-a6e1-4b3ccf965f6c&amp;gt;">
      <![CDATA[junit.framework.ComparisonFailure: expected:<Success : Operating schedule filled successfully> but was:<Error : There are some problemExpected condition failed: waiting for element to be clickable: [[FirefoxDriver: firefox on windows (69e62f3e-952c-4a5b-a6e1-4b3ccf965f6c)] -> xpath: (//a/span[@class='text' and text()='00:00'])[1]] (tried for 5 second(s) with 500 milliseconds interval)
Build info: version: '4.16.1', revision: '9b4c83354e'
System info: os.name: 'Windows 10', os.arch: 'amd64', os.version: '10.0', java.version: '17.0.3'
Driver info: org.openqa.selenium.firefox.FirefoxDriver
Capabilities {acceptInsecureCerts: true, browserName: firefox, browserVersion: 125.0.3, moz:accessibilityChecks: false, moz:buildID: 20240425211020, moz:debuggerAddress: 127.0.0.1:35497, moz:geckodriverVersion: 0.34.0, moz:headless: false, moz:platformVersion: 10.0, moz:processID: 20164, moz:profile: C:\Users\Gaurav\AppData\Loc..., moz:shutdownTimeout: 60000, moz:webdriverClick: true, moz:windowless: false, pageLoadStrategy: normal, platformName: windows, proxy: Proxy(), se:cdp: ws://127.0.0.1:35497/devtoo..., se:cdpVersion: 85.0, setWindowRect: true, strictFileInteractability: false, timeouts: {implicit: 0, pageLoad: 300000, script: 30000}, unhandledPromptBehavior: dismiss and notify, userAgent: Mozilla/5.0 (Windows NT 10....}
Session ID: 69e62f3e-952c-4a5b-a6e1-4b3ccf965f6c>
at junit.framework.Assert.assertEquals(Assert.java:81)
at junit.framework.Assert.assertEquals(Assert.java:87)
at qa.test.TestPremiseAppTestServerSfbo.fillOperatingSchedule(TestPremiseAppTestServerSfbo.java:136)
at java.base/java.util.ArrayList.forEach(ArrayList.java:1511)
... Removed 27 stack frames]]>
    </failure>
  </testcase> <!-- fillOperatingSchedule -->
  <testcase classname="qa.test.TestPremiseAppTestServerSfbo" name="fillBusinessDetails" time="0.0">
    <ignored/>
  </testcase> <!-- fillBusinessDetails -->
  <testcase classname="qa.test.TestPremiseAppTestServerSfbo" name="fillingLicenceDuration" time="0.0">
    <ignored/>
  </testcase> <!-- fillingLicenceDuration -->
  <testcase classname="qa.test.TestPremiseAppTestServerSfbo" name="fillPremisesDetails" time="0.0">
    <ignored/>
  </testcase> <!-- fillPremisesDetails -->
  <testcase classname="qa.test.TestPremiseAppTestServerSfbo" name="uploadApplicationEvidence" time="0.0">
    <ignored/>
  </testcase> <!-- uploadApplicationEvidence -->
  <testcase classname="qa.test.TestPremiseAppTestServerSfbo" name="confirmInformationTrue" time="0.0">
    <ignored/>
  </testcase> <!-- confirmInformationTrue -->
  <testcase classname="qa.test.TestPremiseAppTestServerSfbo" name="fillingApplicantDetails" time="0.0">
    <ignored/>
  </testcase> <!-- fillingApplicantDetails -->
  <testcase classname="qa.test.TestPremiseAppTestServerSfbo" name="fillingDesignatedPremisesSupervisor" time="0.0">
    <ignored/>
  </testcase> <!-- fillingDesignatedPremisesSupervisor -->
  <testcase classname="qa.test.TestPremiseAppTestServerSfbo" name="fillBusinessHours" time="0.0">
    <ignored/>
  </testcase> <!-- fillBusinessHours -->
  <testcase classname="qa.test.TestPremiseAppTestServerSfbo" name="payment" time="0.0">
    <ignored/>
  </testcase> <!-- payment -->
  <testcase classname="qa.test.TestPremiseAppTestServerSfbo" name="fillLicenceObjectives" time="0.0">
    <ignored/>
  </testcase> <!-- fillLicenceObjectives -->
  <testcase classname="qa.test.TestPremiseAppTestServerSfbo" name="fillDeclaration" time="0.0">
    <ignored/>
  </testcase> <!-- fillDeclaration -->
</testsuite> <!-- FireFoxTest -->
