<?xml version="1.0" encoding="UTF-8"?>
<!-- Generated by org.testng.reporters.JUnitXMLReporter -->
<testsuite ignored="0" hostname="Gourav" failures="1" tests="12" name="FireFoxTest4" time="90.32" errors="0" timestamp="2024-05-20T01:56:53 IST">
  <testcase classname="qa.test.TestPremiseAppUatSf" name="openLa_03LoginUrl" time="21.286"/>
  <testcase classname="qa.test.TestPremiseAppUatSf" name="confirmInformationtrue" time="1.582"/>
  <testcase classname="qa.test.TestPremiseAppUatSf" name="fillingLicenceDuration" time="0.129"/>
  <testcase classname="qa.test.TestPremiseAppUatSf" name="fillingApplicantDetails" time="10.236"/>
  <testcase classname="qa.test.TestPremiseAppUatSf" name="fillingDesignatedPremisesSupervisor" time="6.316"/>
  <testcase classname="qa.test.TestPremiseAppUatSf" name="uploadApplicationEvidence" time="1.285"/>
  <testcase classname="qa.test.TestPremiseAppUatSf" name="fillPremisesDetails" time="8.311"/>
  <testcase classname="qa.test.TestPremiseAppUatSf" name="fillBusinessHours" time="6.123"/>
  <testcase classname="qa.test.TestPremiseAppUatSf" name="fillOperatingSchedule" time="7.916"/>
  <testcase classname="qa.test.TestPremiseAppUatSf" name="fillLicenceObjectives" time="0.677"/>
  <testcase classname="qa.test.TestPremiseAppUatSf" name="fillDeclaration" time="7.191"/>
  <testcase classname="qa.test.TestPremiseAppUatSf" name="payment" time="14.624">
    <failure type="junit.framework.ComparisonFailure" message="expected:&amp;lt;Payment successful&amp;gt; but was:&amp;lt;Error :Unable to locate element: #Field\-numberInput
For documentation on this error, please visit: https://www.selenium.dev/documentation/webdriver/troubleshooting/errors#no-such-element-exception
Build info: version: &amp;apos;4.16.1&amp;apos;, revision: &amp;apos;9b4c83354e&amp;apos;
System info: os.name: &amp;apos;Windows 10&amp;apos;, os.arch: &amp;apos;amd64&amp;apos;, os.version: &amp;apos;10.0&amp;apos;, java.version: &amp;apos;17.0.3&amp;apos;
Driver info: org.openqa.selenium.firefox.FirefoxDriver
Command: [b4a5c1be-4a51-4fbb-bd94-d428b5537525, findElement {using=id, value=Field-numberInput}]
Capabilities {acceptInsecureCerts: true, browserName: firefox, browserVersion: 125.0.3, moz:accessibilityChecks: false, moz:buildID: 20240425211020, moz:debuggerAddress: 127.0.0.1:45095, moz:geckodriverVersion: 0.34.0, moz:headless: false, moz:platformVersion: 10.0, moz:processID: 4108, moz:profile: C:\Users\Gaurav\AppData\Loc..., moz:shutdownTimeout: 60000, moz:webdriverClick: true, moz:windowless: false, pageLoadStrategy: normal, platformName: windows, proxy: Proxy(), se:cdp: ws://127.0.0.1:45095/devtoo..., se:cdpVersion: 85.0, setWindowRect: true, strictFileInteractability: false, timeouts: {implicit: 0, pageLoad: 300000, script: 30000}, unhandledPromptBehavior: dismiss and notify, userAgent: Mozilla/5.0 (Windows NT 10....}
Session ID: b4a5c1be-4a51-4fbb-bd94-d428b5537525&amp;gt;">
      <![CDATA[junit.framework.ComparisonFailure: expected:<Payment successful> but was:<Error :Unable to locate element: #Field\-numberInput
For documentation on this error, please visit: https://www.selenium.dev/documentation/webdriver/troubleshooting/errors#no-such-element-exception
Build info: version: '4.16.1', revision: '9b4c83354e'
System info: os.name: 'Windows 10', os.arch: 'amd64', os.version: '10.0', java.version: '17.0.3'
Driver info: org.openqa.selenium.firefox.FirefoxDriver
Command: [b4a5c1be-4a51-4fbb-bd94-d428b5537525, findElement {using=id, value=Field-numberInput}]
Capabilities {acceptInsecureCerts: true, browserName: firefox, browserVersion: 125.0.3, moz:accessibilityChecks: false, moz:buildID: 20240425211020, moz:debuggerAddress: 127.0.0.1:45095, moz:geckodriverVersion: 0.34.0, moz:headless: false, moz:platformVersion: 10.0, moz:processID: 4108, moz:profile: C:\Users\Gaurav\AppData\Loc..., moz:shutdownTimeout: 60000, moz:webdriverClick: true, moz:windowless: false, pageLoadStrategy: normal, platformName: windows, proxy: Proxy(), se:cdp: ws://127.0.0.1:45095/devtoo..., se:cdpVersion: 85.0, setWindowRect: true, strictFileInteractability: false, timeouts: {implicit: 0, pageLoad: 300000, script: 30000}, unhandledPromptBehavior: dismiss and notify, userAgent: Mozilla/5.0 (Windows NT 10....}
Session ID: b4a5c1be-4a51-4fbb-bd94-d428b5537525>
at junit.framework.Assert.assertEquals(Assert.java:81)
at junit.framework.Assert.assertEquals(Assert.java:87)
at qa.test.TestPremiseAppUatSf.payment(TestPremiseAppUatSf.java:160)
at java.base/java.util.ArrayList.forEach(ArrayList.java:1511)
... Removed 27 stack frames]]>
    </failure>
  </testcase> <!-- payment -->
</testsuite> <!-- FireFoxTest4 -->
