<?xml version="1.0" encoding="UTF-8"?>
<!-- Generated by org.testng.reporters.JUnitXMLReporter -->
<testsuite ignored="10" hostname="Gourav" failures="0" tests="2" name="FireFoxTest" time="51.671" errors="0" timestamp="2024-05-20T02:06:07 IST">
  <testcase classname="qa.test.TestPremiseAppTestServerSf" name="openLa_03LoginUrl" time="36.149"/>
  <testcase classname="qa.test.TestPremiseAppTestServerSf" name="fillOperatingSchedule" time="10.184"/>
  <testcase classname="qa.test.TestPremiseAppTestServerSf" name="fillingDesignatedPremisesSupervisor" time="0.0">
    <ignored/>
  </testcase> <!-- fillingDesignatedPremisesSupervisor -->
  <testcase classname="qa.test.TestPremiseAppTestServerSf" name="payment" time="0.0">
    <ignored/>
  </testcase> <!-- payment -->
  <testcase classname="qa.test.TestPremiseAppTestServerSf" name="fillDeclaration" time="0.0">
    <ignored/>
  </testcase> <!-- fillDeclaration -->
  <testcase classname="qa.test.TestPremiseAppTestServerSf" name="fillBusinessHours" time="0.0">
    <ignored/>
  </testcase> <!-- fillBusinessHours -->
  <testcase classname="qa.test.TestPremiseAppTestServerSf" name="fillingApplicantDetails" time="0.0">
    <ignored/>
  </testcase> <!-- fillingApplicantDetails -->
  <testcase classname="qa.test.TestPremiseAppTestServerSf" name="fillPremisesDetails" time="0.0">
    <ignored/>
  </testcase> <!-- fillPremisesDetails -->
  <testcase classname="qa.test.TestPremiseAppTestServerSf" name="confirmInformationtrue" time="0.0">
    <ignored/>
  </testcase> <!-- confirmInformationtrue -->
  <testcase classname="qa.test.TestPremiseAppTestServerSf" name="fillingLicenceDuration" time="0.0">
    <ignored/>
  </testcase> <!-- fillingLicenceDuration -->
  <testcase classname="qa.test.TestPremiseAppTestServerSf" name="uploadApplicationEvidence" time="0.0">
    <ignored/>
  </testcase> <!-- uploadApplicationEvidence -->
  <testcase classname="qa.test.TestPremiseAppTestServerSf" name="fillLicenceObjectives" time="0.0">
    <ignored/>
  </testcase> <!-- fillLicenceObjectives -->
</testsuite> <!-- FireFoxTest -->
