<?xml version="1.0" encoding="UTF-8"?>
<!-- Generated by org.testng.reporters.JUnitXMLReporter -->
<testsuite ignored="0" hostname="Gourav" failures="1" tests="10" name="FireFoxTest" time="47.808" errors="0" timestamp="2024-05-24T17:02:35 IST">
  <testcase classname="TENs.TestTENsAppUatSf" name="openLa_03LoginUrl" time="12.854"/>
  <testcase classname="TENs.TestTENsAppUatSf" name="confirmInformationtrue" time="1.307"/>
  <testcase classname="TENs.TestTENsAppUatSf" name="fillDateTime" time="0.581"/>
  <testcase classname="TENs.TestTENsAppUatSf" name="fillLicenceActivities" time="2.659"/>
  <testcase classname="TENs.TestTENsAppUatSf" name="fillPersonalLicence" time="1.055"/>
  <testcase classname="TENs.TestTENsAppUatSf" name="fillPremiseEventDetails" time="6.76"/>
  <testcase classname="TENs.TestTENsAppUatSf" name="uploadApplicaitonEvidence" time="1.288"/>
  <testcase classname="TENs.TestTENsAppUatSf" name="infoAboutProperty" time="2.111"/>
  <testcase classname="TENs.TestTENsAppUatSf" name="addDeclaration" time="4.773"/>
  <testcase classname="TENs.TestTENsAppUatSf" name="addPayment" time="8.574">
    <failure type="junit.framework.ComparisonFailure" message="expected:&amp;lt;Payment successful&amp;gt; but was:&amp;lt;Error :Expected condition failed: waiting for element to be clickable: By.xpath: //span[@class=&amp;apos;MuiButton-label&amp;apos;] (tried for 8 second(s) with 500 milliseconds interval)
Build info: version: &amp;apos;4.16.1&amp;apos;, revision: &amp;apos;9b4c83354e&amp;apos;
System info: os.name: &amp;apos;Windows 10&amp;apos;, os.arch: &amp;apos;amd64&amp;apos;, os.version: &amp;apos;10.0&amp;apos;, java.version: &amp;apos;17.0.3&amp;apos;
Driver info: org.openqa.selenium.firefox.FirefoxDriver
Capabilities {acceptInsecureCerts: true, browserName: firefox, browserVersion: 125.0.3, moz:accessibilityChecks: false, moz:buildID: 20240425211020, moz:debuggerAddress: 127.0.0.1:24601, moz:geckodriverVersion: 0.34.0, moz:headless: false, moz:platformVersion: 10.0, moz:processID: 12568, moz:profile: C:\Users\Gaurav\AppData\Loc..., moz:shutdownTimeout: 60000, moz:webdriverClick: true, moz:windowless: false, pageLoadStrategy: normal, platformName: windows, proxy: Proxy(), se:cdp: ws://127.0.0.1:24601/devtoo..., se:cdpVersion: 85.0, setWindowRect: true, strictFileInteractability: false, timeouts: {implicit: 0, pageLoad: 300000, script: 30000}, unhandledPromptBehavior: dismiss and notify, userAgent: Mozilla/5.0 (Windows NT 10....}
Session ID: 08760b54-c11d-40b0-9d72-4ffe20bb62be&amp;gt;">
      <![CDATA[junit.framework.ComparisonFailure: expected:<Payment successful> but was:<Error :Expected condition failed: waiting for element to be clickable: By.xpath: //span[@class='MuiButton-label'] (tried for 8 second(s) with 500 milliseconds interval)
Build info: version: '4.16.1', revision: '9b4c83354e'
System info: os.name: 'Windows 10', os.arch: 'amd64', os.version: '10.0', java.version: '17.0.3'
Driver info: org.openqa.selenium.firefox.FirefoxDriver
Capabilities {acceptInsecureCerts: true, browserName: firefox, browserVersion: 125.0.3, moz:accessibilityChecks: false, moz:buildID: 20240425211020, moz:debuggerAddress: 127.0.0.1:24601, moz:geckodriverVersion: 0.34.0, moz:headless: false, moz:platformVersion: 10.0, moz:processID: 12568, moz:profile: C:\Users\Gaurav\AppData\Loc..., moz:shutdownTimeout: 60000, moz:webdriverClick: true, moz:windowless: false, pageLoadStrategy: normal, platformName: windows, proxy: Proxy(), se:cdp: ws://127.0.0.1:24601/devtoo..., se:cdpVersion: 85.0, setWindowRect: true, strictFileInteractability: false, timeouts: {implicit: 0, pageLoad: 300000, script: 30000}, unhandledPromptBehavior: dismiss and notify, userAgent: Mozilla/5.0 (Windows NT 10....}
Session ID: 08760b54-c11d-40b0-9d72-4ffe20bb62be>
at junit.framework.Assert.assertEquals(Assert.java:81)
at junit.framework.Assert.assertEquals(Assert.java:87)
at TENs.TestTENsAppUatSf.addPayment(TestTENsAppUatSf.java:175)
at java.base/java.util.ArrayList.forEach(ArrayList.java:1511)
... Removed 27 stack frames]]>
    </failure>
  </testcase> <!-- addPayment -->
</testsuite> <!-- FireFoxTest -->
