<?xml version="1.0" encoding="UTF-8"?>
<!-- Generated by org.testng.reporters.JUnitXMLReporter -->
<testsuite ignored="0" hostname="Gourav" failures="2" tests="10" name="FireFoxTest" time="72.707" errors="0" timestamp="2024-05-16T13:33:56 IST">
  <testcase classname="qa.test.TestPremiseAppUatSf" name="openLa_03LoginUrl" time="11.63"/>
  <testcase classname="qa.test.TestPremiseAppUatSf" name="confirmInformationTrue" time="1.858"/>
  <testcase classname="qa.test.TestPremiseAppUatSf" name="fillingLicenceDuration" time="5.168"/>
  <testcase classname="qa.test.TestPremiseAppUatSf" name="fillingApplicantDetails" time="13.249"/>
  <testcase classname="qa.test.TestPremiseAppUatSf" name="fillingDesignatedPremisesSupervisor" time="9.338"/>
  <testcase classname="qa.test.TestPremiseAppUatSf" name="uploadApplicationEvidence" time="3.319"/>
  <testcase classname="qa.test.TestPremiseAppUatSf" name="fillPremisesDetails" time="11.271"/>
  <testcase classname="qa.test.TestPremiseAppUatSf" name="fillBusinessHours" time="6.311">
    <failure type="junit.framework.ComparisonFailure" message="expected:&amp;lt;Success : Business hours filled successfully&amp;gt; but was:&amp;lt;Error : There are some problemElement &amp;lt;button class=&amp;quot;btn dropdown-toggle bs-placeholder btn-default&amp;quot; type=&amp;quot;button&amp;quot;&amp;gt; is not clickable at point (528,342) because another element &amp;lt;div class=&amp;quot;bs-searchbox&amp;quot;&amp;gt; obscures it
Build info: version: &amp;apos;4.16.1&amp;apos;, revision: &amp;apos;9b4c83354e&amp;apos;
System info: os.name: &amp;apos;Windows 10&amp;apos;, os.arch: &amp;apos;amd64&amp;apos;, os.version: &amp;apos;10.0&amp;apos;, java.version: &amp;apos;17.0.3&amp;apos;
Driver info: org.openqa.selenium.firefox.FirefoxDriver
Command: [7e7dfa3b-9096-4f7e-83f7-7da4e3e80cf2, clickElement {id=64e47b2f-97f8-4ec9-97dd-4deb63adb1f5}]
Capabilities {acceptInsecureCerts: true, browserName: firefox, browserVersion: 125.0.3, moz:accessibilityChecks: false, moz:buildID: 20240425211020, moz:debuggerAddress: 127.0.0.1:8371, moz:geckodriverVersion: 0.34.0, moz:headless: false, moz:platformVersion: 10.0, moz:processID: 6412, moz:profile: C:\Users\Gaurav\AppData\Loc..., moz:shutdownTimeout: 60000, moz:webdriverClick: true, moz:windowless: false, pageLoadStrategy: normal, platformName: windows, proxy: Proxy(), se:cdp: ws://127.0.0.1:8371/devtool..., se:cdpVersion: 85.0, setWindowRect: true, strictFileInteractability: false, timeouts: {implicit: 0, pageLoad: 300000, script: 30000}, unhandledPromptBehavior: dismiss and notify, userAgent: Mozilla/5.0 (Windows NT 10....}
Element: [[FirefoxDriver: firefox on windows (7e7dfa3b-9096-4f7e-83f7-7da4e3e80cf2)] -&amp;gt; xpath: (//button[@title=&amp;apos;Start At&amp;apos;])[2]]
Session ID: 7e7dfa3b-9096-4f7e-83f7-7da4e3e80cf2&amp;gt;">
      <![CDATA[junit.framework.ComparisonFailure: expected:<Success : Business hours filled successfully> but was:<Error : There are some problemElement <button class="btn dropdown-toggle bs-placeholder btn-default" type="button"> is not clickable at point (528,342) because another element <div class="bs-searchbox"> obscures it
Build info: version: '4.16.1', revision: '9b4c83354e'
System info: os.name: 'Windows 10', os.arch: 'amd64', os.version: '10.0', java.version: '17.0.3'
Driver info: org.openqa.selenium.firefox.FirefoxDriver
Command: [7e7dfa3b-9096-4f7e-83f7-7da4e3e80cf2, clickElement {id=64e47b2f-97f8-4ec9-97dd-4deb63adb1f5}]
Capabilities {acceptInsecureCerts: true, browserName: firefox, browserVersion: 125.0.3, moz:accessibilityChecks: false, moz:buildID: 20240425211020, moz:debuggerAddress: 127.0.0.1:8371, moz:geckodriverVersion: 0.34.0, moz:headless: false, moz:platformVersion: 10.0, moz:processID: 6412, moz:profile: C:\Users\Gaurav\AppData\Loc..., moz:shutdownTimeout: 60000, moz:webdriverClick: true, moz:windowless: false, pageLoadStrategy: normal, platformName: windows, proxy: Proxy(), se:cdp: ws://127.0.0.1:8371/devtool..., se:cdpVersion: 85.0, setWindowRect: true, strictFileInteractability: false, timeouts: {implicit: 0, pageLoad: 300000, script: 30000}, unhandledPromptBehavior: dismiss and notify, userAgent: Mozilla/5.0 (Windows NT 10....}
Element: [[FirefoxDriver: firefox on windows (7e7dfa3b-9096-4f7e-83f7-7da4e3e80cf2)] -> xpath: (//button[@title='Start At'])[2]]
Session ID: 7e7dfa3b-9096-4f7e-83f7-7da4e3e80cf2>
at junit.framework.Assert.assertEquals(Assert.java:81)
at junit.framework.Assert.assertEquals(Assert.java:87)
at qa.test.TestPremiseAppUatSf.fillBusinessHours(TestPremiseAppUatSf.java:115)
at java.base/java.util.ArrayList.forEach(ArrayList.java:1511)
... Removed 27 stack frames]]>
    </failure>
  </testcase> <!-- fillBusinessHours -->
  <testcase classname="qa.test.TestPremiseAppUatSf" name="fillLicenceObjectives" time="2.172"/>
  <testcase classname="qa.test.TestPremiseAppUatSf" name="fillDeclaration" time="2.031">
    <failure type="junit.framework.ComparisonFailure" message="expected:&amp;lt;Success : Declaration filled successfully&amp;gt; but was:&amp;lt;Error : There are some problemElement &amp;lt;button id=&amp;quot;declaration_add&amp;quot; class=&amp;quot;btn btn-primary&amp;quot; type=&amp;quot;button&amp;quot;&amp;gt; is not clickable at point (708,339) because another element &amp;lt;div class=&amp;quot;modal-backdrop fade&amp;quot;&amp;gt; obscures it
Build info: version: &amp;apos;4.16.1&amp;apos;, revision: &amp;apos;9b4c83354e&amp;apos;
System info: os.name: &amp;apos;Windows 10&amp;apos;, os.arch: &amp;apos;amd64&amp;apos;, os.version: &amp;apos;10.0&amp;apos;, java.version: &amp;apos;17.0.3&amp;apos;
Driver info: org.openqa.selenium.firefox.FirefoxDriver
Command: [7e7dfa3b-9096-4f7e-83f7-7da4e3e80cf2, clickElement {id=a4bf3a8f-fb67-4c17-847c-fdf8f41dff10}]
Capabilities {acceptInsecureCerts: true, browserName: firefox, browserVersion: 125.0.3, moz:accessibilityChecks: false, moz:buildID: 20240425211020, moz:debuggerAddress: 127.0.0.1:8371, moz:geckodriverVersion: 0.34.0, moz:headless: false, moz:platformVersion: 10.0, moz:processID: 6412, moz:profile: C:\Users\Gaurav\AppData\Loc..., moz:shutdownTimeout: 60000, moz:webdriverClick: true, moz:windowless: false, pageLoadStrategy: normal, platformName: windows, proxy: Proxy(), se:cdp: ws://127.0.0.1:8371/devtool..., se:cdpVersion: 85.0, setWindowRect: true, strictFileInteractability: false, timeouts: {implicit: 0, pageLoad: 300000, script: 30000}, unhandledPromptBehavior: dismiss and notify, userAgent: Mozilla/5.0 (Windows NT 10....}
Element: [[FirefoxDriver: firefox on windows (7e7dfa3b-9096-4f7e-83f7-7da4e3e80cf2)] -&amp;gt; id: declaration_add]
Session ID: 7e7dfa3b-9096-4f7e-83f7-7da4e3e80cf2&amp;gt;">
      <![CDATA[junit.framework.ComparisonFailure: expected:<Success : Declaration filled successfully> but was:<Error : There are some problemElement <button id="declaration_add" class="btn btn-primary" type="button"> is not clickable at point (708,339) because another element <div class="modal-backdrop fade"> obscures it
Build info: version: '4.16.1', revision: '9b4c83354e'
System info: os.name: 'Windows 10', os.arch: 'amd64', os.version: '10.0', java.version: '17.0.3'
Driver info: org.openqa.selenium.firefox.FirefoxDriver
Command: [7e7dfa3b-9096-4f7e-83f7-7da4e3e80cf2, clickElement {id=a4bf3a8f-fb67-4c17-847c-fdf8f41dff10}]
Capabilities {acceptInsecureCerts: true, browserName: firefox, browserVersion: 125.0.3, moz:accessibilityChecks: false, moz:buildID: 20240425211020, moz:debuggerAddress: 127.0.0.1:8371, moz:geckodriverVersion: 0.34.0, moz:headless: false, moz:platformVersion: 10.0, moz:processID: 6412, moz:profile: C:\Users\Gaurav\AppData\Loc..., moz:shutdownTimeout: 60000, moz:webdriverClick: true, moz:windowless: false, pageLoadStrategy: normal, platformName: windows, proxy: Proxy(), se:cdp: ws://127.0.0.1:8371/devtool..., se:cdpVersion: 85.0, setWindowRect: true, strictFileInteractability: false, timeouts: {implicit: 0, pageLoad: 300000, script: 30000}, unhandledPromptBehavior: dismiss and notify, userAgent: Mozilla/5.0 (Windows NT 10....}
Element: [[FirefoxDriver: firefox on windows (7e7dfa3b-9096-4f7e-83f7-7da4e3e80cf2)] -> id: declaration_add]
Session ID: 7e7dfa3b-9096-4f7e-83f7-7da4e3e80cf2>
at junit.framework.Assert.assertEquals(Assert.java:81)
at junit.framework.Assert.assertEquals(Assert.java:87)
at qa.test.TestPremiseAppUatSf.fillDeclaration(TestPremiseAppUatSf.java:133)
at java.base/java.util.ArrayList.forEach(ArrayList.java:1511)
... Removed 27 stack frames]]>
    </failure>
  </testcase> <!-- fillDeclaration -->
</testsuite> <!-- FireFoxTest -->
