<?xml version="1.0" encoding="UTF-8"?>
<!-- Generated by org.testng.reporters.JUnitXMLReporter -->
<testsuite ignored="0" hostname="Gourav" failures="0" tests="13" name="FireFoxTest3" time="79.602" errors="0" timestamp="2024-05-20T01:55:23 IST">
  <testcase classname="qa.test.TestPremiseAppUatSfbo" name="openLa_03LoginUrl" time="16.294"/>
  <testcase classname="qa.test.TestPremiseAppUatSfbo" name="fillBusinessDetails" time="4.046"/>
  <testcase classname="qa.test.TestPremiseAppUatSfbo" name="confirmInformationTrue" time="2.461"/>
  <testcase classname="qa.test.TestPremiseAppUatSfbo" name="fillingLicenceDuration" time="0.149"/>
  <testcase classname="qa.test.TestPremiseAppUatSfbo" name="fillingApplicantDetails" time="10.311"/>
  <testcase classname="qa.test.TestPremiseAppUatSfbo" name="fillingDesignatedPremisesSupervisor" time="6.302"/>
  <testcase classname="qa.test.TestPremiseAppUatSfbo" name="uploadApplicationEvidence" time="1.29"/>
  <testcase classname="qa.test.TestPremiseAppUatSfbo" name="fillPremisesDetails" time="8.248"/>
  <testcase classname="qa.test.TestPremiseAppUatSfbo" name="fillBusinessHours" time="5.892"/>
  <testcase classname="qa.test.TestPremiseAppUatSfbo" name="fillOperatingSchedule" time="8.128"/>
  <testcase classname="qa.test.TestPremiseAppUatSfbo" name="fillLicenceObjectives" time="0.669"/>
  <testcase classname="qa.test.TestPremiseAppUatSfbo" name="fillDeclaration" time="7.204"/>
  <testcase classname="qa.test.TestPremiseAppUatSfbo" name="payment" time="4.286"/>
</testsuite> <!-- FireFoxTest3 -->
