<?xml version="1.0" encoding="UTF-8"?>
<!-- Generated by org.testng.reporters.JUnitXMLReporter -->
<testsuite ignored="8" hostname="Gourav" failures="0" tests="1" name="FireFoxTest1" time="15.641" errors="0" timestamp="2024-05-10T11:29:39 IST">
  <testcase classname="common_files.TestSec50UatSfbo" name="OpenWestminsterBoUrl" time="10.41"/>
  <testcase classname="common_files.TestSec50UatSfbo" name="fillingSiteDetails" time="0.0">
    <ignored/>
  </testcase> <!-- fillingSiteDetails -->
  <testcase classname="common_files.TestSec50UatSfbo" name="fillingApplicationDates" time="0.0">
    <ignored/>
  </testcase> <!-- fillingApplicationDates -->
  <testcase classname="common_files.TestSec50UatSfbo" name="fillOperatorDetails" time="0.0">
    <ignored/>
  </testcase> <!-- fillOperatorDetails -->
  <testcase classname="common_files.TestSec50UatSfbo" name="fillBusinessDetails" time="0.0">
    <ignored/>
  </testcase> <!-- fillBusinessDetails -->
  <testcase classname="common_files.TestSec50UatSfbo" name="payFees" time="0.0">
    <ignored/>
  </testcase> <!-- payFees -->
  <testcase classname="common_files.TestSec50UatSfbo" name="fillAboutTheWorkSection" time="0.0">
    <ignored/>
  </testcase> <!-- fillAboutTheWorkSection -->
  <testcase classname="common_files.TestSec50UatSfbo" name="fillSupervisorDetails" time="0.0">
    <ignored/>
  </testcase> <!-- fillSupervisorDetails -->
  <testcase classname="common_files.TestSec50UatSfbo" name="addDeclarations" time="0.0">
    <ignored/>
  </testcase> <!-- addDeclarations -->
</testsuite> <!-- FireFoxTest1 -->
