<?xml version="1.0" encoding="UTF-8"?>
<testng-results ignored="0" total="4" passed="4" failed="0" skipped="0">
  <reporter-output>
  </reporter-output>
  <suite started-at="2024-05-03T11:52:26 IST" name="Suite" finished-at="2024-05-03T11:53:40 IST" duration-ms="73734">
    <groups>
    </groups>
    <test started-at="2024-05-03T11:52:26 IST" name="FireFoxTest" finished-at="2024-05-03T11:52:50 IST" duration-ms="24350">
      <class name="qa.test.TestSection50UatSfbo">
        <test-method is-config="true" signature="beforeTestMethod(java.lang.String)[pri:0, instance:qa.test.TestSection50UatSfbo@5b218417]" started-at="2024-05-03T11:52:26 IST" name="beforeTestMethod" finished-at="2024-05-03T11:52:31 IST" duration-ms="5192" status="PASS">
          <params>
            <param index="0">
              <value>
                <![CDATA[firefox]]>
              </value>
            </param>
          </params>
          <reporter-output>
          </reporter-output>
        </test-method> <!-- beforeTestMethod -->
        <test-method signature="OpenWestminsterBoUrl(java.lang.reflect.Method)[pri:49, instance:qa.test.TestSection50UatSfbo@5b218417]" started-at="2024-05-03T11:52:31 IST" name="OpenWestminsterBoUrl" finished-at="2024-05-03T11:52:45 IST" duration-ms="14028" status="PASS">
          <params>
            <param index="0">
              <value>
                <![CDATA[public void qa.test.TestSection50UatSfbo.OpenWestminsterBoUrl(java.lang.reflect.Method)]]>
              </value>
            </param>
          </params>
          <reporter-output>
          </reporter-output>
        </test-method> <!-- OpenWestminsterBoUrl -->
        <test-method is-config="true" signature="afterMethod(org.testng.ITestResult)[pri:0, instance:qa.test.TestSection50UatSfbo@5b218417]" started-at="2024-05-03T11:52:45 IST" name="afterMethod" finished-at="2024-05-03T11:52:45 IST" duration-ms="5" status="PASS">
          <params>
            <param index="0">
              <value>
                <![CDATA[[TestResult name=OpenWestminsterBoUrl status=SUCCESS method=TestSection50UatSfbo.OpenWestminsterBoUrl(java.lang.reflect.Method)[pri:49, instance:qa.test.TestSection50UatSfbo@5b218417] output={null}]]]>
              </value>
            </param>
          </params>
          <reporter-output>
          </reporter-output>
        </test-method> <!-- afterMethod -->
        <test-method signature="fillBusinessDetails(java.lang.reflect.Method)[pri:50, instance:qa.test.TestSection50UatSfbo@5b218417]" started-at="2024-05-03T11:52:45 IST" name="fillBusinessDetails" finished-at="2024-05-03T11:52:50 IST" duration-ms="4589" status="PASS">
          <params>
            <param index="0">
              <value>
                <![CDATA[public void qa.test.TestSection50UatSfbo.fillBusinessDetails(java.lang.reflect.Method)]]>
              </value>
            </param>
          </params>
          <reporter-output>
          </reporter-output>
        </test-method> <!-- fillBusinessDetails -->
        <test-method is-config="true" signature="afterMethod(org.testng.ITestResult)[pri:0, instance:qa.test.TestSection50UatSfbo@5b218417]" started-at="2024-05-03T11:52:50 IST" name="afterMethod" finished-at="2024-05-03T11:52:50 IST" duration-ms="1" status="PASS">
          <params>
            <param index="0">
              <value>
                <![CDATA[[TestResult name=fillBusinessDetails status=SUCCESS method=TestSection50UatSfbo.fillBusinessDetails(java.lang.reflect.Method)[pri:50, instance:qa.test.TestSection50UatSfbo@5b218417] output={null}]]]>
              </value>
            </param>
          </params>
          <reporter-output>
          </reporter-output>
        </test-method> <!-- afterMethod -->
        <test-method is-config="true" signature="afterTest()[pri:0, instance:qa.test.TestSection50UatSfbo@5b218417]" started-at="2024-05-03T11:52:50 IST" name="afterTest" finished-at="2024-05-03T11:52:50 IST" duration-ms="479" status="PASS">
          <reporter-output>
          </reporter-output>
        </test-method> <!-- afterTest -->
      </class> <!-- qa.test.TestSection50UatSfbo -->
    </test> <!-- FireFoxTest -->
    <test started-at="2024-05-03T11:52:50 IST" name="EdgeTest" finished-at="2024-05-03T11:53:40 IST" duration-ms="49357">
      <class name="qa.test.Section50TestServerSfbo">
        <test-method is-config="true" signature="beforeTestMethod(java.lang.String)[pri:0, instance:qa.test.Section50TestServerSfbo@45d84a20]" started-at="2024-05-03T11:52:50 IST" name="beforeTestMethod" finished-at="2024-05-03T11:52:54 IST" duration-ms="3852" status="PASS">
          <params>
            <param index="0">
              <value>
                <![CDATA[firefox]]>
              </value>
            </param>
          </params>
          <reporter-output>
          </reporter-output>
        </test-method> <!-- beforeTestMethod -->
        <test-method signature="OpenWestminsterBoUrl(java.lang.reflect.Method)[pri:49, instance:qa.test.Section50TestServerSfbo@45d84a20]" started-at="2024-05-03T11:52:54 IST" name="OpenWestminsterBoUrl" finished-at="2024-05-03T11:53:35 IST" duration-ms="41137" status="PASS">
          <params>
            <param index="0">
              <value>
                <![CDATA[public void qa.test.Section50TestServerSfbo.OpenWestminsterBoUrl(java.lang.reflect.Method)]]>
              </value>
            </param>
          </params>
          <reporter-output>
          </reporter-output>
        </test-method> <!-- OpenWestminsterBoUrl -->
        <test-method is-config="true" signature="afterMethod(org.testng.ITestResult)[pri:0, instance:qa.test.Section50TestServerSfbo@45d84a20]" started-at="2024-05-03T11:53:35 IST" name="afterMethod" finished-at="2024-05-03T11:53:35 IST" duration-ms="1" status="PASS">
          <params>
            <param index="0">
              <value>
                <![CDATA[[TestResult name=OpenWestminsterBoUrl status=SUCCESS method=Section50TestServerSfbo.OpenWestminsterBoUrl(java.lang.reflect.Method)[pri:49, instance:qa.test.Section50TestServerSfbo@45d84a20] output={null}]]]>
              </value>
            </param>
          </params>
          <reporter-output>
          </reporter-output>
        </test-method> <!-- afterMethod -->
        <test-method signature="fillBusinessDetails(java.lang.reflect.Method)[pri:50, instance:qa.test.Section50TestServerSfbo@45d84a20]" started-at="2024-05-03T11:53:35 IST" name="fillBusinessDetails" finished-at="2024-05-03T11:53:40 IST" duration-ms="4239" status="PASS">
          <params>
            <param index="0">
              <value>
                <![CDATA[public void qa.test.Section50TestServerSfbo.fillBusinessDetails(java.lang.reflect.Method)]]>
              </value>
            </param>
          </params>
          <reporter-output>
          </reporter-output>
        </test-method> <!-- fillBusinessDetails -->
        <test-method is-config="true" signature="afterTest()[pri:0, instance:qa.test.Section50TestServerSfbo@45d84a20]" started-at="2024-05-03T11:53:40 IST" name="afterTest" finished-at="2024-05-03T11:53:40 IST" duration-ms="119" status="PASS">
          <reporter-output>
          </reporter-output>
        </test-method> <!-- afterTest -->
        <test-method is-config="true" signature="afterMethod(org.testng.ITestResult)[pri:0, instance:qa.test.Section50TestServerSfbo@45d84a20]" started-at="2024-05-03T11:53:40 IST" name="afterMethod" finished-at="2024-05-03T11:53:40 IST" duration-ms="0" status="PASS">
          <params>
            <param index="0">
              <value>
                <![CDATA[[TestResult name=fillBusinessDetails status=SUCCESS method=Section50TestServerSfbo.fillBusinessDetails(java.lang.reflect.Method)[pri:50, instance:qa.test.Section50TestServerSfbo@45d84a20] output={null}]]]>
              </value>
            </param>
          </params>
          <reporter-output>
          </reporter-output>
        </test-method> <!-- afterMethod -->
      </class> <!-- qa.test.Section50TestServerSfbo -->
    </test> <!-- EdgeTest -->
  </suite> <!-- Suite -->
</testng-results>
