<?xml version="1.0" encoding="UTF-8"?>
<testng-results ignored="0" total="2" passed="2" failed="0" skipped="0">
  <reporter-output>
  </reporter-output>
  <suite started-at="2024-05-20T02:05:15 IST" name="Suite" finished-at="2024-05-20T02:06:07 IST" duration-ms="51671">
    <groups>
    </groups>
    <test started-at="2024-05-20T02:05:15 IST" name="FireFoxTest" finished-at="2024-05-20T02:06:07 IST" duration-ms="51671">
      <class name="qa.test.TestPremiseAppTestServerSf">
        <test-method is-config="true" signature="beforeTestMethod(java.lang.String)[pri:0, instance:qa.test.TestPremiseAppTestServerSf@645aa696]" started-at="2024-05-20T02:05:15 IST" name="beforeTestMethod" finished-at="2024-05-20T02:05:20 IST" duration-ms="4801" status="PASS">
          <params>
            <param index="0">
              <value>
                <![CDATA[firefox]]>
              </value>
            </param>
          </params>
          <reporter-output>
          </reporter-output>
        </test-method> <!-- beforeTestMethod -->
        <test-method signature="openLa_03LoginUrl(java.lang.reflect.Method)[pri:1, instance:qa.test.TestPremiseAppTestServerSf@645aa696]" started-at="2024-05-20T02:05:20 IST" name="openLa_03LoginUrl" finished-at="2024-05-20T02:05:56 IST" duration-ms="36149" status="PASS">
          <params>
            <param index="0">
              <value>
                <![CDATA[public void qa.test.TestPremiseAppTestServerSf.openLa_03LoginUrl(java.lang.reflect.Method)]]>
              </value>
            </param>
          </params>
          <reporter-output>
          </reporter-output>
        </test-method> <!-- openLa_03LoginUrl -->
        <test-method is-config="true" signature="afterMethod(org.testng.ITestResult)[pri:0, instance:qa.test.TestPremiseAppTestServerSf@645aa696]" started-at="2024-05-20T02:05:56 IST" name="afterMethod" finished-at="2024-05-20T02:05:56 IST" duration-ms="10" status="PASS">
          <params>
            <param index="0">
              <value>
                <![CDATA[[TestResult name=openLa_03LoginUrl status=SUCCESS method=TestPremiseAppTestServerSf.openLa_03LoginUrl(java.lang.reflect.Method)[pri:1, instance:qa.test.TestPremiseAppTestServerSf@645aa696] output={null}]]]>
              </value>
            </param>
          </params>
          <reporter-output>
          </reporter-output>
        </test-method> <!-- afterMethod -->
        <test-method signature="fillOperatingSchedule(java.lang.reflect.Method)[pri:9, instance:qa.test.TestPremiseAppTestServerSf@645aa696]" started-at="2024-05-20T02:05:56 IST" name="fillOperatingSchedule" finished-at="2024-05-20T02:06:07 IST" duration-ms="10184" status="PASS">
          <params>
            <param index="0">
              <value>
                <![CDATA[public void qa.test.TestPremiseAppTestServerSf.fillOperatingSchedule(java.lang.reflect.Method)]]>
              </value>
            </param>
          </params>
          <reporter-output>
          </reporter-output>
        </test-method> <!-- fillOperatingSchedule -->
        <test-method is-config="true" signature="afterMethod(org.testng.ITestResult)[pri:0, instance:qa.test.TestPremiseAppTestServerSf@645aa696]" started-at="2024-05-20T02:06:07 IST" name="afterMethod" finished-at="2024-05-20T02:06:07 IST" duration-ms="1" status="PASS">
          <params>
            <param index="0">
              <value>
                <![CDATA[[TestResult name=fillOperatingSchedule status=SUCCESS method=TestPremiseAppTestServerSf.fillOperatingSchedule(java.lang.reflect.Method)[pri:9, instance:qa.test.TestPremiseAppTestServerSf@645aa696] output={null}]]]>
              </value>
            </param>
          </params>
          <reporter-output>
          </reporter-output>
        </test-method> <!-- afterMethod -->
        <test-method is-config="true" signature="afterTest()[pri:0, instance:qa.test.TestPremiseAppTestServerSf@645aa696]" started-at="2024-05-20T02:06:07 IST" name="afterTest" finished-at="2024-05-20T02:06:07 IST" duration-ms="463" status="PASS">
          <reporter-output>
          </reporter-output>
        </test-method> <!-- afterTest -->
      </class> <!-- qa.test.TestPremiseAppTestServerSf -->
    </test> <!-- FireFoxTest -->
  </suite> <!-- Suite -->
</testng-results>
