<?xml version="1.0" encoding="UTF-8"?>
<testng-results ignored="0" total="3" passed="3" failed="0" skipped="0">
  <reporter-output>
  </reporter-output>
  <suite started-at="2024-05-11T11:51:08 IST" name="Suite" finished-at="2024-05-11T11:52:02 IST" duration-ms="54033">
    <groups>
    </groups>
    <test started-at="2024-05-11T11:51:08 IST" name="FireFoxTest1" finished-at="2024-05-11T11:52:02 IST" duration-ms="54033">
      <class name="qa.test.TestSec50TestServerSfbo">
        <test-method is-config="true" signature="beforeTestMethod(java.lang.String)[pri:0, instance:qa.test.TestSec50TestServerSfbo@2cb4893b]" started-at="2024-05-11T11:51:08 IST" name="beforeTestMethod" finished-at="2024-05-11T11:51:13 IST" duration-ms="5510" status="PASS">
          <params>
            <param index="0">
              <value>
                <![CDATA[firefox]]>
              </value>
            </param>
          </params>
          <reporter-output>
          </reporter-output>
        </test-method> <!-- beforeTestMethod -->
        <test-method signature="OpenWestminsterBoUrl(java.lang.reflect.Method)[pri:49, instance:qa.test.TestSec50TestServerSfbo@2cb4893b]" started-at="2024-05-11T11:51:13 IST" name="OpenWestminsterBoUrl" finished-at="2024-05-11T11:51:53 IST" duration-ms="39412" status="PASS">
          <params>
            <param index="0">
              <value>
                <![CDATA[public void qa.test.TestSec50TestServerSfbo.OpenWestminsterBoUrl(java.lang.reflect.Method)]]>
              </value>
            </param>
          </params>
          <reporter-output>
          </reporter-output>
        </test-method> <!-- OpenWestminsterBoUrl -->
        <test-method is-config="true" signature="afterMethod(org.testng.ITestResult)[pri:0, instance:qa.test.TestSec50TestServerSfbo@2cb4893b]" started-at="2024-05-11T11:51:53 IST" name="afterMethod" finished-at="2024-05-11T11:51:53 IST" duration-ms="4" status="PASS">
          <params>
            <param index="0">
              <value>
                <![CDATA[[TestResult name=OpenWestminsterBoUrl status=SUCCESS method=TestSec50TestServerSfbo.OpenWestminsterBoUrl(java.lang.reflect.Method)[pri:49, instance:qa.test.TestSec50TestServerSfbo@2cb4893b] output={null}]]]>
              </value>
            </param>
          </params>
          <reporter-output>
          </reporter-output>
        </test-method> <!-- afterMethod -->
        <test-method signature="fillingApplicationDates(java.lang.reflect.Method)[pri:51, instance:qa.test.TestSec50TestServerSfbo@2cb4893b]" started-at="2024-05-11T11:51:53 IST" name="fillingApplicationDates" finished-at="2024-05-11T11:51:55 IST" duration-ms="2540" status="PASS">
          <params>
            <param index="0">
              <value>
                <![CDATA[public void qa.test.TestSec50TestServerSfbo.fillingApplicationDates(java.lang.reflect.Method)]]>
              </value>
            </param>
          </params>
          <reporter-output>
          </reporter-output>
        </test-method> <!-- fillingApplicationDates -->
        <test-method is-config="true" signature="afterMethod(org.testng.ITestResult)[pri:0, instance:qa.test.TestSec50TestServerSfbo@2cb4893b]" started-at="2024-05-11T11:51:55 IST" name="afterMethod" finished-at="2024-05-11T11:51:55 IST" duration-ms="1" status="PASS">
          <params>
            <param index="0">
              <value>
                <![CDATA[[TestResult name=fillingApplicationDates status=SUCCESS method=TestSec50TestServerSfbo.fillingApplicationDates(java.lang.reflect.Method)[pri:51, instance:qa.test.TestSec50TestServerSfbo@2cb4893b] output={null}]]]>
              </value>
            </param>
          </params>
          <reporter-output>
          </reporter-output>
        </test-method> <!-- afterMethod -->
        <test-method signature="fillingSiteDetails(java.lang.reflect.Method)[pri:52, instance:qa.test.TestSec50TestServerSfbo@2cb4893b]" started-at="2024-05-11T11:51:55 IST" name="fillingSiteDetails" finished-at="2024-05-11T11:52:01 IST" duration-ms="5861" status="PASS">
          <params>
            <param index="0">
              <value>
                <![CDATA[public void qa.test.TestSec50TestServerSfbo.fillingSiteDetails(java.lang.reflect.Method)]]>
              </value>
            </param>
          </params>
          <reporter-output>
          </reporter-output>
        </test-method> <!-- fillingSiteDetails -->
        <test-method is-config="true" signature="afterMethod(org.testng.ITestResult)[pri:0, instance:qa.test.TestSec50TestServerSfbo@2cb4893b]" started-at="2024-05-11T11:52:01 IST" name="afterMethod" finished-at="2024-05-11T11:52:01 IST" duration-ms="1" status="PASS">
          <params>
            <param index="0">
              <value>
                <![CDATA[[TestResult name=fillingSiteDetails status=SUCCESS method=TestSec50TestServerSfbo.fillingSiteDetails(java.lang.reflect.Method)[pri:52, instance:qa.test.TestSec50TestServerSfbo@2cb4893b] output={null}]]]>
              </value>
            </param>
          </params>
          <reporter-output>
          </reporter-output>
        </test-method> <!-- afterMethod -->
        <test-method is-config="true" signature="afterTest()[pri:0, instance:qa.test.TestSec50TestServerSfbo@2cb4893b]" started-at="2024-05-11T11:52:01 IST" name="afterTest" finished-at="2024-05-11T11:52:02 IST" duration-ms="632" status="PASS">
          <reporter-output>
          </reporter-output>
        </test-method> <!-- afterTest -->
      </class> <!-- qa.test.TestSec50TestServerSfbo -->
    </test> <!-- FireFoxTest1 -->
  </suite> <!-- Suite -->
</testng-results>
