<?xml version="1.0" encoding="UTF-8"?>
<testng-results ignored="0" total="2" passed="2" failed="0" skipped="0">
  <reporter-output>
  </reporter-output>
  <suite started-at="2024-05-14T11:44:18 IST" name="Suite" finished-at="2024-05-14T11:44:48 IST" duration-ms="29457">
    <groups>
    </groups>
    <test started-at="2024-05-14T11:44:18 IST" name="FireFoxTest1" finished-at="2024-05-14T11:44:48 IST" duration-ms="29457">
      <class name="qa.test.TestPremiseAppUatSfbo">
        <test-method is-config="true" signature="beforeTestMethod(java.lang.String)[pri:0, instance:qa.test.TestPremiseAppUatSfbo@8458f04]" started-at="2024-05-14T11:44:18 IST" name="beforeTestMethod" finished-at="2024-05-14T11:44:23 IST" duration-ms="4126" status="PASS">
          <params>
            <param index="0">
              <value>
                <![CDATA[firefox]]>
              </value>
            </param>
          </params>
          <reporter-output>
          </reporter-output>
        </test-method> <!-- beforeTestMethod -->
        <test-method signature="openLa_03LoginUrl(java.lang.reflect.Method)[pri:49, instance:qa.test.TestPremiseAppUatSfbo@8458f04]" started-at="2024-05-14T11:44:23 IST" name="openLa_03LoginUrl" finished-at="2024-05-14T11:44:33 IST" duration-ms="10929" status="PASS">
          <params>
            <param index="0">
              <value>
                <![CDATA[public void qa.test.TestPremiseAppUatSfbo.openLa_03LoginUrl(java.lang.reflect.Method)]]>
              </value>
            </param>
          </params>
          <reporter-output>
          </reporter-output>
        </test-method> <!-- openLa_03LoginUrl -->
        <test-method is-config="true" signature="afterMethod(org.testng.ITestResult)[pri:0, instance:qa.test.TestPremiseAppUatSfbo@8458f04]" started-at="2024-05-14T11:44:34 IST" name="afterMethod" finished-at="2024-05-14T11:44:34 IST" duration-ms="3" status="PASS">
          <params>
            <param index="0">
              <value>
                <![CDATA[[TestResult name=openLa_03LoginUrl status=SUCCESS method=TestPremiseAppUatSfbo.openLa_03LoginUrl(java.lang.reflect.Method)[pri:49, instance:qa.test.TestPremiseAppUatSfbo@8458f04] output={null}]]]>
              </value>
            </param>
          </params>
          <reporter-output>
          </reporter-output>
        </test-method> <!-- afterMethod -->
        <test-method signature="fillingApplicantDetails(java.lang.reflect.Method)[pri:53, instance:qa.test.TestPremiseAppUatSfbo@8458f04]" started-at="2024-05-14T11:44:34 IST" name="fillingApplicantDetails" finished-at="2024-05-14T11:44:48 IST" duration-ms="14035" status="PASS">
          <params>
            <param index="0">
              <value>
                <![CDATA[public void qa.test.TestPremiseAppUatSfbo.fillingApplicantDetails(java.lang.reflect.Method)]]>
              </value>
            </param>
          </params>
          <reporter-output>
          </reporter-output>
        </test-method> <!-- fillingApplicantDetails -->
        <test-method is-config="true" signature="afterMethod(org.testng.ITestResult)[pri:0, instance:qa.test.TestPremiseAppUatSfbo@8458f04]" started-at="2024-05-14T11:44:48 IST" name="afterMethod" finished-at="2024-05-14T11:44:48 IST" duration-ms="0" status="PASS">
          <params>
            <param index="0">
              <value>
                <![CDATA[[TestResult name=fillingApplicantDetails status=SUCCESS method=TestPremiseAppUatSfbo.fillingApplicantDetails(java.lang.reflect.Method)[pri:53, instance:qa.test.TestPremiseAppUatSfbo@8458f04] output={null}]]]>
              </value>
            </param>
          </params>
          <reporter-output>
          </reporter-output>
        </test-method> <!-- afterMethod -->
        <test-method is-config="true" signature="afterTest()[pri:0, instance:qa.test.TestPremiseAppUatSfbo@8458f04]" started-at="2024-05-14T11:44:48 IST" name="afterTest" finished-at="2024-05-14T11:44:48 IST" duration-ms="317" status="PASS">
          <reporter-output>
          </reporter-output>
        </test-method> <!-- afterTest -->
      </class> <!-- qa.test.TestPremiseAppUatSfbo -->
    </test> <!-- FireFoxTest1 -->
  </suite> <!-- Suite -->
</testng-results>
