<?xml version="1.0" encoding="UTF-8"?>
<testng-results ignored="0" total="7" passed="6" failed="1" skipped="0">
  <reporter-output>
  </reporter-output>
  <suite started-at="2024-05-15T17:28:10 IST" name="Suite" finished-at="2024-05-15T17:29:03 IST" duration-ms="52980">
    <groups>
    </groups>
    <test started-at="2024-05-15T17:28:10 IST" name="FireFoxTest1" finished-at="2024-05-15T17:29:03 IST" duration-ms="52980">
      <class name="qa.test.TestPremiseAppUatSfbo">
        <test-method is-config="true" signature="beforeTestMethod(java.lang.String)[pri:0, instance:qa.test.TestPremiseAppUatSfbo@5b218417]" started-at="2024-05-15T17:28:10 IST" name="beforeTestMethod" finished-at="2024-05-15T17:28:15 IST" duration-ms="5060" status="PASS">
          <params>
            <param index="0">
              <value>
                <![CDATA[firefox]]>
              </value>
            </param>
          </params>
          <reporter-output>
          </reporter-output>
        </test-method> <!-- beforeTestMethod -->
        <test-method signature="openLa_03LoginUrl(java.lang.reflect.Method)[pri:1, instance:qa.test.TestPremiseAppUatSfbo@5b218417]" started-at="2024-05-15T17:28:15 IST" name="openLa_03LoginUrl" finished-at="2024-05-15T17:28:34 IST" duration-ms="18423" status="PASS">
          <params>
            <param index="0">
              <value>
                <![CDATA[public void qa.test.TestPremiseAppUatSfbo.openLa_03LoginUrl(java.lang.reflect.Method)]]>
              </value>
            </param>
          </params>
          <reporter-output>
          </reporter-output>
        </test-method> <!-- openLa_03LoginUrl -->
        <test-method is-config="true" signature="afterMethod(org.testng.ITestResult)[pri:0, instance:qa.test.TestPremiseAppUatSfbo@5b218417]" started-at="2024-05-15T17:28:34 IST" name="afterMethod" finished-at="2024-05-15T17:28:34 IST" duration-ms="5" status="PASS">
          <params>
            <param index="0">
              <value>
                <![CDATA[[TestResult name=openLa_03LoginUrl status=SUCCESS method=TestPremiseAppUatSfbo.openLa_03LoginUrl(java.lang.reflect.Method)[pri:1, instance:qa.test.TestPremiseAppUatSfbo@5b218417] output={null}]]]>
              </value>
            </param>
          </params>
          <reporter-output>
          </reporter-output>
        </test-method> <!-- afterMethod -->
        <test-method signature="fillBusinessDetails(java.lang.reflect.Method)[pri:2, instance:qa.test.TestPremiseAppUatSfbo@5b218417]" started-at="2024-05-15T17:28:34 IST" name="fillBusinessDetails" finished-at="2024-05-15T17:28:38 IST" duration-ms="4598" status="PASS">
          <params>
            <param index="0">
              <value>
                <![CDATA[public void qa.test.TestPremiseAppUatSfbo.fillBusinessDetails(java.lang.reflect.Method)]]>
              </value>
            </param>
          </params>
          <reporter-output>
          </reporter-output>
        </test-method> <!-- fillBusinessDetails -->
        <test-method is-config="true" signature="afterMethod(org.testng.ITestResult)[pri:0, instance:qa.test.TestPremiseAppUatSfbo@5b218417]" started-at="2024-05-15T17:28:38 IST" name="afterMethod" finished-at="2024-05-15T17:28:38 IST" duration-ms="1" status="PASS">
          <params>
            <param index="0">
              <value>
                <![CDATA[[TestResult name=fillBusinessDetails status=SUCCESS method=TestPremiseAppUatSfbo.fillBusinessDetails(java.lang.reflect.Method)[pri:2, instance:qa.test.TestPremiseAppUatSfbo@5b218417] output={null}]]]>
              </value>
            </param>
          </params>
          <reporter-output>
          </reporter-output>
        </test-method> <!-- afterMethod -->
        <test-method signature="confirmInformationTrue(java.lang.reflect.Method)[pri:3, instance:qa.test.TestPremiseAppUatSfbo@5b218417]" started-at="2024-05-15T17:28:38 IST" name="confirmInformationTrue" finished-at="2024-05-15T17:28:40 IST" duration-ms="1951" status="PASS">
          <params>
            <param index="0">
              <value>
                <![CDATA[public void qa.test.TestPremiseAppUatSfbo.confirmInformationTrue(java.lang.reflect.Method)]]>
              </value>
            </param>
          </params>
          <reporter-output>
          </reporter-output>
        </test-method> <!-- confirmInformationTrue -->
        <test-method is-config="true" signature="afterMethod(org.testng.ITestResult)[pri:0, instance:qa.test.TestPremiseAppUatSfbo@5b218417]" started-at="2024-05-15T17:28:40 IST" name="afterMethod" finished-at="2024-05-15T17:28:40 IST" duration-ms="1" status="PASS">
          <params>
            <param index="0">
              <value>
                <![CDATA[[TestResult name=confirmInformationTrue status=SUCCESS method=TestPremiseAppUatSfbo.confirmInformationTrue(java.lang.reflect.Method)[pri:3, instance:qa.test.TestPremiseAppUatSfbo@5b218417] output={null}]]]>
              </value>
            </param>
          </params>
          <reporter-output>
          </reporter-output>
        </test-method> <!-- afterMethod -->
        <test-method signature="uploadApplicationEvidence(java.lang.reflect.Method)[pri:7, instance:qa.test.TestPremiseAppUatSfbo@5b218417]" started-at="2024-05-15T17:28:40 IST" name="uploadApplicationEvidence" finished-at="2024-05-15T17:28:44 IST" duration-ms="3452" status="PASS">
          <params>
            <param index="0">
              <value>
                <![CDATA[public void qa.test.TestPremiseAppUatSfbo.uploadApplicationEvidence(java.lang.reflect.Method)]]>
              </value>
            </param>
          </params>
          <reporter-output>
          </reporter-output>
        </test-method> <!-- uploadApplicationEvidence -->
        <test-method is-config="true" signature="afterMethod(org.testng.ITestResult)[pri:0, instance:qa.test.TestPremiseAppUatSfbo@5b218417]" started-at="2024-05-15T17:28:44 IST" name="afterMethod" finished-at="2024-05-15T17:28:44 IST" duration-ms="1" status="PASS">
          <params>
            <param index="0">
              <value>
                <![CDATA[[TestResult name=uploadApplicationEvidence status=SUCCESS method=TestPremiseAppUatSfbo.uploadApplicationEvidence(java.lang.reflect.Method)[pri:7, instance:qa.test.TestPremiseAppUatSfbo@5b218417] output={null}]]]>
              </value>
            </param>
          </params>
          <reporter-output>
          </reporter-output>
        </test-method> <!-- afterMethod -->
        <test-method signature="fillPremisesDetails(java.lang.reflect.Method)[pri:8, instance:qa.test.TestPremiseAppUatSfbo@5b218417]" started-at="2024-05-15T17:28:44 IST" name="fillPremisesDetails" finished-at="2024-05-15T17:28:55 IST" duration-ms="11291" status="PASS">
          <params>
            <param index="0">
              <value>
                <![CDATA[public void qa.test.TestPremiseAppUatSfbo.fillPremisesDetails(java.lang.reflect.Method)]]>
              </value>
            </param>
          </params>
          <reporter-output>
          </reporter-output>
        </test-method> <!-- fillPremisesDetails -->
        <test-method is-config="true" signature="afterMethod(org.testng.ITestResult)[pri:0, instance:qa.test.TestPremiseAppUatSfbo@5b218417]" started-at="2024-05-15T17:28:55 IST" name="afterMethod" finished-at="2024-05-15T17:28:55 IST" duration-ms="0" status="PASS">
          <params>
            <param index="0">
              <value>
                <![CDATA[[TestResult name=fillPremisesDetails status=SUCCESS method=TestPremiseAppUatSfbo.fillPremisesDetails(java.lang.reflect.Method)[pri:8, instance:qa.test.TestPremiseAppUatSfbo@5b218417] output={null}]]]>
              </value>
            </param>
          </params>
          <reporter-output>
          </reporter-output>
        </test-method> <!-- afterMethod -->
        <test-method signature="fillLicenceObjectives(java.lang.reflect.Method)[pri:10, instance:qa.test.TestPremiseAppUatSfbo@5b218417]" started-at="2024-05-15T17:28:55 IST" name="fillLicenceObjectives" finished-at="2024-05-15T17:28:57 IST" duration-ms="2153" status="PASS">
          <params>
            <param index="0">
              <value>
                <![CDATA[public void qa.test.TestPremiseAppUatSfbo.fillLicenceObjectives(java.lang.reflect.Method)]]>
              </value>
            </param>
          </params>
          <reporter-output>
          </reporter-output>
        </test-method> <!-- fillLicenceObjectives -->
        <test-method is-config="true" signature="afterMethod(org.testng.ITestResult)[pri:0, instance:qa.test.TestPremiseAppUatSfbo@5b218417]" started-at="2024-05-15T17:28:57 IST" name="afterMethod" finished-at="2024-05-15T17:28:57 IST" duration-ms="0" status="PASS">
          <params>
            <param index="0">
              <value>
                <![CDATA[[TestResult name=fillLicenceObjectives status=SUCCESS method=TestPremiseAppUatSfbo.fillLicenceObjectives(java.lang.reflect.Method)[pri:10, instance:qa.test.TestPremiseAppUatSfbo@5b218417] output={null}]]]>
              </value>
            </param>
          </params>
          <reporter-output>
          </reporter-output>
        </test-method> <!-- afterMethod -->
        <test-method signature="fillDeclaration(java.lang.reflect.Method)[pri:11, instance:qa.test.TestPremiseAppUatSfbo@5b218417]" started-at="2024-05-15T17:28:57 IST" name="fillDeclaration" finished-at="2024-05-15T17:29:03 IST" duration-ms="5482" status="FAIL">
          <params>
            <param index="0">
              <value>
                <![CDATA[public void qa.test.TestPremiseAppUatSfbo.fillDeclaration(java.lang.reflect.Method)]]>
              </value>
            </param>
          </params>
          <exception class="junit.framework.ComparisonFailure">
            <message>
              <![CDATA[expected:<Success : Declaration filled successfully> but was:<Error : There are some problemElement <label class="btn btn-danger active toggle-off"> is not clickable at point (424,404) because another element <div class="col-xs-3"> obscures it
Build info: version: '4.16.1', revision: '9b4c83354e'
System info: os.name: 'Windows 10', os.arch: 'amd64', os.version: '10.0', java.version: '17.0.3'
Driver info: org.openqa.selenium.firefox.FirefoxDriver
Command: [08ab29de-d92a-4caa-8613-38e237858def, clickElement {id=53e4b159-9fa2-4c33-9e62-2eb41edf3b63}]
Capabilities {acceptInsecureCerts: true, browserName: firefox, browserVersion: 125.0.3, moz:accessibilityChecks: false, moz:buildID: 20240425211020, moz:debuggerAddress: 127.0.0.1:23983, moz:geckodriverVersion: 0.34.0, moz:headless: false, moz:platformVersion: 10.0, moz:processID: 23904, moz:profile: C:\Users\Gaurav\AppData\Loc..., moz:shutdownTimeout: 60000, moz:webdriverClick: true, moz:windowless: false, pageLoadStrategy: normal, platformName: windows, proxy: Proxy(), se:cdp: ws://127.0.0.1:23983/devtoo..., se:cdpVersion: 85.0, setWindowRect: true, strictFileInteractability: false, timeouts: {implicit: 0, pageLoad: 300000, script: 30000}, unhandledPromptBehavior: dismiss and notify, userAgent: Mozilla/5.0 (Windows NT 10....}
Element: [[FirefoxDriver: firefox on windows (08ab29de-d92a-4caa-8613-38e237858def)] -> xpath: (//label[@class='btn btn-danger active toggle-off'])[4]]
Session ID: 08ab29de-d92a-4caa-8613-38e237858def>]]>
            </message>
            <full-stacktrace>
              <![CDATA[junit.framework.ComparisonFailure: expected:<Success : Declaration filled successfully> but was:<Error : There are some problemElement <label class="btn btn-danger active toggle-off"> is not clickable at point (424,404) because another element <div class="col-xs-3"> obscures it
Build info: version: '4.16.1', revision: '9b4c83354e'
System info: os.name: 'Windows 10', os.arch: 'amd64', os.version: '10.0', java.version: '17.0.3'
Driver info: org.openqa.selenium.firefox.FirefoxDriver
Command: [08ab29de-d92a-4caa-8613-38e237858def, clickElement {id=53e4b159-9fa2-4c33-9e62-2eb41edf3b63}]
Capabilities {acceptInsecureCerts: true, browserName: firefox, browserVersion: 125.0.3, moz:accessibilityChecks: false, moz:buildID: 20240425211020, moz:debuggerAddress: 127.0.0.1:23983, moz:geckodriverVersion: 0.34.0, moz:headless: false, moz:platformVersion: 10.0, moz:processID: 23904, moz:profile: C:\Users\Gaurav\AppData\Loc..., moz:shutdownTimeout: 60000, moz:webdriverClick: true, moz:windowless: false, pageLoadStrategy: normal, platformName: windows, proxy: Proxy(), se:cdp: ws://127.0.0.1:23983/devtoo..., se:cdpVersion: 85.0, setWindowRect: true, strictFileInteractability: false, timeouts: {implicit: 0, pageLoad: 300000, script: 30000}, unhandledPromptBehavior: dismiss and notify, userAgent: Mozilla/5.0 (Windows NT 10....}
Element: [[FirefoxDriver: firefox on windows (08ab29de-d92a-4caa-8613-38e237858def)] -> xpath: (//label[@class='btn btn-danger active toggle-off'])[4]]
Session ID: 08ab29de-d92a-4caa-8613-38e237858def>
at junit.framework.Assert.assertEquals(Assert.java:81)
at junit.framework.Assert.assertEquals(Assert.java:87)
at qa.test.TestPremiseAppUatSfbo.fillDeclaration(TestPremiseAppUatSfbo.java:145)
at java.base/jdk.internal.reflect.NativeMethodAccessorImpl.invoke0(Native Method)
at java.base/jdk.internal.reflect.NativeMethodAccessorImpl.invoke(NativeMethodAccessorImpl.java:77)
at java.base/jdk.internal.reflect.DelegatingMethodAccessorImpl.invoke(DelegatingMethodAccessorImpl.java:43)
at java.base/java.lang.reflect.Method.invoke(Method.java:568)
at org.testng.internal.invokers.MethodInvocationHelper.invokeMethod(MethodInvocationHelper.java:139)
at org.testng.internal.invokers.TestInvoker.invokeMethod(TestInvoker.java:664)
at org.testng.internal.invokers.TestInvoker.invokeTestMethod(TestInvoker.java:227)
at org.testng.internal.invokers.MethodRunner.runInSequence(MethodRunner.java:50)
at org.testng.internal.invokers.TestInvoker$MethodInvocationAgent.invoke(TestInvoker.java:957)
at org.testng.internal.invokers.TestInvoker.invokeTestMethods(TestInvoker.java:200)
at org.testng.internal.invokers.TestMethodWorker.invokeTestMethods(TestMethodWorker.java:148)
at org.testng.internal.invokers.TestMethodWorker.run(TestMethodWorker.java:128)
at java.base/java.util.ArrayList.forEach(ArrayList.java:1511)
at org.testng.TestRunner.privateRun(TestRunner.java:848)
at org.testng.TestRunner.run(TestRunner.java:621)
at org.testng.SuiteRunner.runTest(SuiteRunner.java:443)
at org.testng.SuiteRunner.runSequentially(SuiteRunner.java:437)
at org.testng.SuiteRunner.privateRun(SuiteRunner.java:397)
at org.testng.SuiteRunner.run(SuiteRunner.java:336)
at org.testng.SuiteRunnerWorker.runSuite(SuiteRunnerWorker.java:52)
at org.testng.SuiteRunnerWorker.run(SuiteRunnerWorker.java:95)
at org.testng.TestNG.runSuitesSequentially(TestNG.java:1280)
at org.testng.TestNG.runSuitesLocally(TestNG.java:1200)
at org.testng.TestNG.runSuites(TestNG.java:1114)
at org.testng.TestNG.run(TestNG.java:1082)
at org.testng.remote.AbstractRemoteTestNG.run(AbstractRemoteTestNG.java:115)
at org.testng.remote.RemoteTestNG.initAndRun(RemoteTestNG.java:251)
at org.testng.remote.RemoteTestNG.main(RemoteTestNG.java:77)
]]>
            </full-stacktrace>
          </exception> <!-- junit.framework.ComparisonFailure -->
          <reporter-output>
          </reporter-output>
        </test-method> <!-- fillDeclaration -->
        <test-method is-config="true" signature="afterMethod(org.testng.ITestResult)[pri:0, instance:qa.test.TestPremiseAppUatSfbo@5b218417]" started-at="2024-05-15T17:29:03 IST" name="afterMethod" finished-at="2024-05-15T17:29:03 IST" duration-ms="149" status="PASS">
          <params>
            <param index="0">
              <value>
                <![CDATA[[TestResult name=fillDeclaration status=FAILURE method=TestPremiseAppUatSfbo.fillDeclaration(java.lang.reflect.Method)[pri:11, instance:qa.test.TestPremiseAppUatSfbo@5b218417] output={null}]]]>
              </value>
            </param>
          </params>
          <reporter-output>
          </reporter-output>
        </test-method> <!-- afterMethod -->
        <test-method is-config="true" signature="afterTest()[pri:0, instance:qa.test.TestPremiseAppUatSfbo@5b218417]" started-at="2024-05-15T17:29:03 IST" name="afterTest" finished-at="2024-05-15T17:29:03 IST" duration-ms="337" status="PASS">
          <reporter-output>
          </reporter-output>
        </test-method> <!-- afterTest -->
      </class> <!-- qa.test.TestPremiseAppUatSfbo -->
    </test> <!-- FireFoxTest1 -->
  </suite> <!-- Suite -->
</testng-results>
