<?xml version="1.0" encoding="UTF-8"?>
<testng-results ignored="0" total="1" passed="1" failed="0" skipped="0">
  <reporter-output>
  </reporter-output>
  <suite started-at="2024-05-10T11:29:24 IST" name="Suite" finished-at="2024-05-10T11:29:39 IST" duration-ms="15641">
    <groups>
    </groups>
    <test started-at="2024-05-10T11:29:24 IST" name="FireFoxTest1" finished-at="2024-05-10T11:29:39 IST" duration-ms="15641">
      <class name="common_files.TestSec50UatSfbo">
        <test-method is-config="true" signature="beforeTestMethod(java.lang.String)[pri:0, instance:common_files.TestSec50UatSfbo@5e2c3d18]" started-at="2024-05-10T11:29:24 IST" name="beforeTestMethod" finished-at="2024-05-10T11:29:28 IST" duration-ms="4718" status="PASS">
          <params>
            <param index="0">
              <value>
                <![CDATA[firefox]]>
              </value>
            </param>
          </params>
          <reporter-output>
          </reporter-output>
        </test-method> <!-- beforeTestMethod -->
        <test-method signature="OpenWestminsterBoUrl(java.lang.reflect.Method)[pri:49, instance:common_files.TestSec50UatSfbo@5e2c3d18]" started-at="2024-05-10T11:29:29 IST" name="OpenWestminsterBoUrl" finished-at="2024-05-10T11:29:39 IST" duration-ms="10410" status="PASS">
          <params>
            <param index="0">
              <value>
                <![CDATA[public void common_files.TestSec50UatSfbo.OpenWestminsterBoUrl(java.lang.reflect.Method)]]>
              </value>
            </param>
          </params>
          <reporter-output>
          </reporter-output>
        </test-method> <!-- OpenWestminsterBoUrl -->
        <test-method is-config="true" signature="afterMethod(org.testng.ITestResult)[pri:0, instance:common_files.TestSec50UatSfbo@5e2c3d18]" started-at="2024-05-10T11:29:39 IST" name="afterMethod" finished-at="2024-05-10T11:29:39 IST" duration-ms="6" status="PASS">
          <params>
            <param index="0">
              <value>
                <![CDATA[[TestResult name=OpenWestminsterBoUrl status=SUCCESS method=TestSec50UatSfbo.OpenWestminsterBoUrl(java.lang.reflect.Method)[pri:49, instance:common_files.TestSec50UatSfbo@5e2c3d18] output={null}]]]>
              </value>
            </param>
          </params>
          <reporter-output>
          </reporter-output>
        </test-method> <!-- afterMethod -->
        <test-method is-config="true" signature="afterTest()[pri:0, instance:common_files.TestSec50UatSfbo@5e2c3d18]" started-at="2024-05-10T11:29:39 IST" name="afterTest" finished-at="2024-05-10T11:29:39 IST" duration-ms="462" status="PASS">
          <reporter-output>
          </reporter-output>
        </test-method> <!-- afterTest -->
      </class> <!-- common_files.TestSec50UatSfbo -->
    </test> <!-- FireFoxTest1 -->
  </suite> <!-- Suite -->
</testng-results>
