<?xml version="1.0" encoding="UTF-8"?>
<testng-results ignored="0" total="9" passed="9" failed="0" skipped="0">
  <reporter-output>
  </reporter-output>
  <suite started-at="2024-05-14T17:04:31 IST" name="Suite" finished-at="2024-05-14T17:05:41 IST" duration-ms="69462">
    <groups>
    </groups>
    <test started-at="2024-05-14T17:04:31 IST" name="FireFoxTest1" finished-at="2024-05-14T17:05:41 IST" duration-ms="69462">
      <class name="qa.test.TestSec50UatSf">
        <test-method is-config="true" signature="beforeTestMethod(java.lang.String)[pri:0, instance:qa.test.TestSec50UatSf@cc43f62]" started-at="2024-05-14T17:04:31 IST" name="beforeTestMethod" finished-at="2024-05-14T17:04:39 IST" duration-ms="7730" status="PASS">
          <params>
            <param index="0">
              <value>
                <![CDATA[firefox]]>
              </value>
            </param>
          </params>
          <reporter-output>
          </reporter-output>
        </test-method> <!-- beforeTestMethod -->
        <test-method signature="OpenWestminsterBoUrl(java.lang.reflect.Method)[pri:1, instance:qa.test.TestSec50UatSf@cc43f62]" started-at="2024-05-14T17:04:39 IST" name="OpenWestminsterBoUrl" finished-at="2024-05-14T17:04:54 IST" duration-ms="14753" status="PASS">
          <params>
            <param index="0">
              <value>
                <![CDATA[public void qa.test.TestSec50UatSf.OpenWestminsterBoUrl(java.lang.reflect.Method)]]>
              </value>
            </param>
          </params>
          <reporter-output>
          </reporter-output>
        </test-method> <!-- OpenWestminsterBoUrl -->
        <test-method is-config="true" signature="afterMethod(org.testng.ITestResult)[pri:0, instance:qa.test.TestSec50UatSf@cc43f62]" started-at="2024-05-14T17:04:54 IST" name="afterMethod" finished-at="2024-05-14T17:04:54 IST" duration-ms="15" status="PASS">
          <params>
            <param index="0">
              <value>
                <![CDATA[[TestResult name=OpenWestminsterBoUrl status=SUCCESS method=TestSec50UatSf.OpenWestminsterBoUrl(java.lang.reflect.Method)[pri:1, instance:qa.test.TestSec50UatSf@cc43f62] output={null}]]]>
              </value>
            </param>
          </params>
          <reporter-output>
          </reporter-output>
        </test-method> <!-- afterMethod -->
        <test-method signature="confirmInformationTrue(java.lang.reflect.Method)[pri:2, instance:qa.test.TestSec50UatSf@cc43f62]" started-at="2024-05-14T17:04:54 IST" name="confirmInformationTrue" finished-at="2024-05-14T17:04:57 IST" duration-ms="2589" status="PASS">
          <params>
            <param index="0">
              <value>
                <![CDATA[public void qa.test.TestSec50UatSf.confirmInformationTrue(java.lang.reflect.Method)]]>
              </value>
            </param>
          </params>
          <reporter-output>
          </reporter-output>
        </test-method> <!-- confirmInformationTrue -->
        <test-method is-config="true" signature="afterMethod(org.testng.ITestResult)[pri:0, instance:qa.test.TestSec50UatSf@cc43f62]" started-at="2024-05-14T17:04:57 IST" name="afterMethod" finished-at="2024-05-14T17:04:57 IST" duration-ms="2" status="PASS">
          <params>
            <param index="0">
              <value>
                <![CDATA[[TestResult name=confirmInformationTrue status=SUCCESS method=TestSec50UatSf.confirmInformationTrue(java.lang.reflect.Method)[pri:2, instance:qa.test.TestSec50UatSf@cc43f62] output={null}]]]>
              </value>
            </param>
          </params>
          <reporter-output>
          </reporter-output>
        </test-method> <!-- afterMethod -->
        <test-method signature="fillingApplicationDates(java.lang.reflect.Method)[pri:3, instance:qa.test.TestSec50UatSf@cc43f62]" started-at="2024-05-14T17:04:57 IST" name="fillingApplicationDates" finished-at="2024-05-14T17:05:01 IST" duration-ms="4190" status="PASS">
          <params>
            <param index="0">
              <value>
                <![CDATA[public void qa.test.TestSec50UatSf.fillingApplicationDates(java.lang.reflect.Method)]]>
              </value>
            </param>
          </params>
          <reporter-output>
          </reporter-output>
        </test-method> <!-- fillingApplicationDates -->
        <test-method is-config="true" signature="afterMethod(org.testng.ITestResult)[pri:0, instance:qa.test.TestSec50UatSf@cc43f62]" started-at="2024-05-14T17:05:01 IST" name="afterMethod" finished-at="2024-05-14T17:05:01 IST" duration-ms="3" status="PASS">
          <params>
            <param index="0">
              <value>
                <![CDATA[[TestResult name=fillingApplicationDates status=SUCCESS method=TestSec50UatSf.fillingApplicationDates(java.lang.reflect.Method)[pri:3, instance:qa.test.TestSec50UatSf@cc43f62] output={null}]]]>
              </value>
            </param>
          </params>
          <reporter-output>
          </reporter-output>
        </test-method> <!-- afterMethod -->
        <test-method signature="fillingSiteDetails(java.lang.reflect.Method)[pri:4, instance:qa.test.TestSec50UatSf@cc43f62]" started-at="2024-05-14T17:05:01 IST" name="fillingSiteDetails" finished-at="2024-05-14T17:05:08 IST" duration-ms="6836" status="PASS">
          <params>
            <param index="0">
              <value>
                <![CDATA[public void qa.test.TestSec50UatSf.fillingSiteDetails(java.lang.reflect.Method)]]>
              </value>
            </param>
          </params>
          <reporter-output>
          </reporter-output>
        </test-method> <!-- fillingSiteDetails -->
        <test-method is-config="true" signature="afterMethod(org.testng.ITestResult)[pri:0, instance:qa.test.TestSec50UatSf@cc43f62]" started-at="2024-05-14T17:05:08 IST" name="afterMethod" finished-at="2024-05-14T17:05:08 IST" duration-ms="1" status="PASS">
          <params>
            <param index="0">
              <value>
                <![CDATA[[TestResult name=fillingSiteDetails status=SUCCESS method=TestSec50UatSf.fillingSiteDetails(java.lang.reflect.Method)[pri:4, instance:qa.test.TestSec50UatSf@cc43f62] output={null}]]]>
              </value>
            </param>
          </params>
          <reporter-output>
          </reporter-output>
        </test-method> <!-- afterMethod -->
        <test-method signature="fillAboutTheWorkSection(java.lang.reflect.Method)[pri:5, instance:qa.test.TestSec50UatSf@cc43f62]" started-at="2024-05-14T17:05:08 IST" name="fillAboutTheWorkSection" finished-at="2024-05-14T17:05:10 IST" duration-ms="2221" status="PASS">
          <params>
            <param index="0">
              <value>
                <![CDATA[public void qa.test.TestSec50UatSf.fillAboutTheWorkSection(java.lang.reflect.Method)]]>
              </value>
            </param>
          </params>
          <reporter-output>
          </reporter-output>
        </test-method> <!-- fillAboutTheWorkSection -->
        <test-method is-config="true" signature="afterMethod(org.testng.ITestResult)[pri:0, instance:qa.test.TestSec50UatSf@cc43f62]" started-at="2024-05-14T17:05:10 IST" name="afterMethod" finished-at="2024-05-14T17:05:10 IST" duration-ms="2" status="PASS">
          <params>
            <param index="0">
              <value>
                <![CDATA[[TestResult name=fillAboutTheWorkSection status=SUCCESS method=TestSec50UatSf.fillAboutTheWorkSection(java.lang.reflect.Method)[pri:5, instance:qa.test.TestSec50UatSf@cc43f62] output={null}]]]>
              </value>
            </param>
          </params>
          <reporter-output>
          </reporter-output>
        </test-method> <!-- afterMethod -->
        <test-method signature="fillSupervisorDetails(java.lang.reflect.Method)[pri:6, instance:qa.test.TestSec50UatSf@cc43f62]" started-at="2024-05-14T17:05:10 IST" name="fillSupervisorDetails" finished-at="2024-05-14T17:05:19 IST" duration-ms="9054" status="PASS">
          <params>
            <param index="0">
              <value>
                <![CDATA[public void qa.test.TestSec50UatSf.fillSupervisorDetails(java.lang.reflect.Method)]]>
              </value>
            </param>
          </params>
          <reporter-output>
          </reporter-output>
        </test-method> <!-- fillSupervisorDetails -->
        <test-method is-config="true" signature="afterMethod(org.testng.ITestResult)[pri:0, instance:qa.test.TestSec50UatSf@cc43f62]" started-at="2024-05-14T17:05:19 IST" name="afterMethod" finished-at="2024-05-14T17:05:19 IST" duration-ms="3" status="PASS">
          <params>
            <param index="0">
              <value>
                <![CDATA[[TestResult name=fillSupervisorDetails status=SUCCESS method=TestSec50UatSf.fillSupervisorDetails(java.lang.reflect.Method)[pri:6, instance:qa.test.TestSec50UatSf@cc43f62] output={null}]]]>
              </value>
            </param>
          </params>
          <reporter-output>
          </reporter-output>
        </test-method> <!-- afterMethod -->
        <test-method signature="fillOperatorDetails(java.lang.reflect.Method)[pri:7, instance:qa.test.TestSec50UatSf@cc43f62]" started-at="2024-05-14T17:05:19 IST" name="fillOperatorDetails" finished-at="2024-05-14T17:05:29 IST" duration-ms="9985" status="PASS">
          <params>
            <param index="0">
              <value>
                <![CDATA[public void qa.test.TestSec50UatSf.fillOperatorDetails(java.lang.reflect.Method)]]>
              </value>
            </param>
          </params>
          <reporter-output>
          </reporter-output>
        </test-method> <!-- fillOperatorDetails -->
        <test-method is-config="true" signature="afterMethod(org.testng.ITestResult)[pri:0, instance:qa.test.TestSec50UatSf@cc43f62]" started-at="2024-05-14T17:05:29 IST" name="afterMethod" finished-at="2024-05-14T17:05:29 IST" duration-ms="3" status="PASS">
          <params>
            <param index="0">
              <value>
                <![CDATA[[TestResult name=fillOperatorDetails status=SUCCESS method=TestSec50UatSf.fillOperatorDetails(java.lang.reflect.Method)[pri:7, instance:qa.test.TestSec50UatSf@cc43f62] output={null}]]]>
              </value>
            </param>
          </params>
          <reporter-output>
          </reporter-output>
        </test-method> <!-- afterMethod -->
        <test-method signature="addDeclarations(java.lang.reflect.Method)[pri:8, instance:qa.test.TestSec50UatSf@cc43f62]" started-at="2024-05-14T17:05:29 IST" name="addDeclarations" finished-at="2024-05-14T17:05:38 IST" duration-ms="9051" status="PASS">
          <params>
            <param index="0">
              <value>
                <![CDATA[public void qa.test.TestSec50UatSf.addDeclarations(java.lang.reflect.Method)]]>
              </value>
            </param>
          </params>
          <reporter-output>
          </reporter-output>
        </test-method> <!-- addDeclarations -->
        <test-method is-config="true" signature="afterMethod(org.testng.ITestResult)[pri:0, instance:qa.test.TestSec50UatSf@cc43f62]" started-at="2024-05-14T17:05:38 IST" name="afterMethod" finished-at="2024-05-14T17:05:38 IST" duration-ms="1" status="PASS">
          <params>
            <param index="0">
              <value>
                <![CDATA[[TestResult name=addDeclarations status=SUCCESS method=TestSec50UatSf.addDeclarations(java.lang.reflect.Method)[pri:8, instance:qa.test.TestSec50UatSf@cc43f62] output={null}]]]>
              </value>
            </param>
          </params>
          <reporter-output>
          </reporter-output>
        </test-method> <!-- afterMethod -->
        <test-method signature="checkOrderSummary(java.lang.reflect.Method)[pri:9, instance:qa.test.TestSec50UatSf@cc43f62]" started-at="2024-05-14T17:05:38 IST" name="checkOrderSummary" finished-at="2024-05-14T17:05:40 IST" duration-ms="2076" status="PASS">
          <params>
            <param index="0">
              <value>
                <![CDATA[public void qa.test.TestSec50UatSf.checkOrderSummary(java.lang.reflect.Method)]]>
              </value>
            </param>
          </params>
          <reporter-output>
          </reporter-output>
        </test-method> <!-- checkOrderSummary -->
        <test-method is-config="true" signature="afterMethod(org.testng.ITestResult)[pri:0, instance:qa.test.TestSec50UatSf@cc43f62]" started-at="2024-05-14T17:05:40 IST" name="afterMethod" finished-at="2024-05-14T17:05:40 IST" duration-ms="1" status="PASS">
          <params>
            <param index="0">
              <value>
                <![CDATA[[TestResult name=checkOrderSummary status=SUCCESS method=TestSec50UatSf.checkOrderSummary(java.lang.reflect.Method)[pri:9, instance:qa.test.TestSec50UatSf@cc43f62] output={null}]]]>
              </value>
            </param>
          </params>
          <reporter-output>
          </reporter-output>
        </test-method> <!-- afterMethod -->
        <test-method is-config="true" signature="afterTest()[pri:0, instance:qa.test.TestSec50UatSf@cc43f62]" started-at="2024-05-14T17:05:40 IST" name="afterTest" finished-at="2024-05-14T17:05:41 IST" duration-ms="787" status="PASS">
          <reporter-output>
          </reporter-output>
        </test-method> <!-- afterTest -->
      </class> <!-- qa.test.TestSec50UatSf -->
    </test> <!-- FireFoxTest1 -->
  </suite> <!-- Suite -->
</testng-results>
