<?xml version="1.0" encoding="UTF-8"?>
<testng-results ignored="0" total="25" passed="24" failed="1" skipped="0">
  <reporter-output>
  </reporter-output>
  <suite started-at="2024-05-22T14:50:10 IST" name="Suite" finished-at="2024-05-22T14:53:42 IST" duration-ms="212640">
    <groups>
    </groups>
    <test started-at="2024-05-22T14:50:10 IST" name="FireFoxTest2" finished-at="2024-05-22T14:51:54 IST" duration-ms="104334">
      <class name="qa.test.TestPremiseAppUatSf">
        <test-method is-config="true" signature="beforeTestMethod(java.lang.String)[pri:0, instance:qa.test.TestPremiseAppUatSf@645aa696]" started-at="2024-05-22T14:50:10 IST" name="beforeTestMethod" finished-at="2024-05-22T14:50:18 IST" duration-ms="7932" status="PASS">
          <params>
            <param index="0">
              <value>
                <![CDATA[firefox]]>
              </value>
            </param>
          </params>
          <reporter-output>
          </reporter-output>
        </test-method> <!-- beforeTestMethod -->
        <test-method signature="openLa_03LoginUrl(java.lang.reflect.Method)[pri:1, instance:qa.test.TestPremiseAppUatSf@645aa696]" started-at="2024-05-22T14:50:18 IST" name="openLa_03LoginUrl" finished-at="2024-05-22T14:50:31 IST" duration-ms="13527" status="PASS">
          <params>
            <param index="0">
              <value>
                <![CDATA[public void qa.test.TestPremiseAppUatSf.openLa_03LoginUrl(java.lang.reflect.Method)]]>
              </value>
            </param>
          </params>
          <reporter-output>
          </reporter-output>
        </test-method> <!-- openLa_03LoginUrl -->
        <test-method is-config="true" signature="afterMethod(org.testng.ITestResult)[pri:0, instance:qa.test.TestPremiseAppUatSf@645aa696]" started-at="2024-05-22T14:50:31 IST" name="afterMethod" finished-at="2024-05-22T14:50:31 IST" duration-ms="12" status="PASS">
          <params>
            <param index="0">
              <value>
                <![CDATA[[TestResult name=openLa_03LoginUrl status=SUCCESS method=TestPremiseAppUatSf.openLa_03LoginUrl(java.lang.reflect.Method)[pri:1, instance:qa.test.TestPremiseAppUatSf@645aa696] output={null}]]]>
              </value>
            </param>
          </params>
          <reporter-output>
          </reporter-output>
        </test-method> <!-- afterMethod -->
        <test-method signature="confirmInformationtrue(java.lang.reflect.Method)[pri:2, instance:qa.test.TestPremiseAppUatSf@645aa696]" started-at="2024-05-22T14:50:31 IST" name="confirmInformationtrue" finished-at="2024-05-22T14:50:35 IST" duration-ms="3437" status="PASS">
          <params>
            <param index="0">
              <value>
                <![CDATA[public void qa.test.TestPremiseAppUatSf.confirmInformationtrue(java.lang.reflect.Method)]]>
              </value>
            </param>
          </params>
          <reporter-output>
          </reporter-output>
        </test-method> <!-- confirmInformationtrue -->
        <test-method is-config="true" signature="afterMethod(org.testng.ITestResult)[pri:0, instance:qa.test.TestPremiseAppUatSf@645aa696]" started-at="2024-05-22T14:50:35 IST" name="afterMethod" finished-at="2024-05-22T14:50:35 IST" duration-ms="1" status="PASS">
          <params>
            <param index="0">
              <value>
                <![CDATA[[TestResult name=confirmInformationtrue status=SUCCESS method=TestPremiseAppUatSf.confirmInformationtrue(java.lang.reflect.Method)[pri:2, instance:qa.test.TestPremiseAppUatSf@645aa696] output={null}]]]>
              </value>
            </param>
          </params>
          <reporter-output>
          </reporter-output>
        </test-method> <!-- afterMethod -->
        <test-method signature="fillingLicenceDuration(java.lang.reflect.Method)[pri:3, instance:qa.test.TestPremiseAppUatSf@645aa696]" started-at="2024-05-22T14:50:35 IST" name="fillingLicenceDuration" finished-at="2024-05-22T14:50:35 IST" duration-ms="445" status="PASS">
          <params>
            <param index="0">
              <value>
                <![CDATA[public void qa.test.TestPremiseAppUatSf.fillingLicenceDuration(java.lang.reflect.Method)]]>
              </value>
            </param>
          </params>
          <reporter-output>
          </reporter-output>
        </test-method> <!-- fillingLicenceDuration -->
        <test-method is-config="true" signature="afterMethod(org.testng.ITestResult)[pri:0, instance:qa.test.TestPremiseAppUatSf@645aa696]" started-at="2024-05-22T14:50:35 IST" name="afterMethod" finished-at="2024-05-22T14:50:35 IST" duration-ms="2" status="PASS">
          <params>
            <param index="0">
              <value>
                <![CDATA[[TestResult name=fillingLicenceDuration status=SUCCESS method=TestPremiseAppUatSf.fillingLicenceDuration(java.lang.reflect.Method)[pri:3, instance:qa.test.TestPremiseAppUatSf@645aa696] output={null}]]]>
              </value>
            </param>
          </params>
          <reporter-output>
          </reporter-output>
        </test-method> <!-- afterMethod -->
        <test-method signature="fillingApplicantDetails(java.lang.reflect.Method)[pri:4, instance:qa.test.TestPremiseAppUatSf@645aa696]" started-at="2024-05-22T14:50:35 IST" name="fillingApplicantDetails" finished-at="2024-05-22T14:50:46 IST" duration-ms="11135" status="PASS">
          <params>
            <param index="0">
              <value>
                <![CDATA[public void qa.test.TestPremiseAppUatSf.fillingApplicantDetails(java.lang.reflect.Method)]]>
              </value>
            </param>
          </params>
          <reporter-output>
          </reporter-output>
        </test-method> <!-- fillingApplicantDetails -->
        <test-method is-config="true" signature="afterMethod(org.testng.ITestResult)[pri:0, instance:qa.test.TestPremiseAppUatSf@645aa696]" started-at="2024-05-22T14:50:46 IST" name="afterMethod" finished-at="2024-05-22T14:50:46 IST" duration-ms="1" status="PASS">
          <params>
            <param index="0">
              <value>
                <![CDATA[[TestResult name=fillingApplicantDetails status=SUCCESS method=TestPremiseAppUatSf.fillingApplicantDetails(java.lang.reflect.Method)[pri:4, instance:qa.test.TestPremiseAppUatSf@645aa696] output={null}]]]>
              </value>
            </param>
          </params>
          <reporter-output>
          </reporter-output>
        </test-method> <!-- afterMethod -->
        <test-method signature="fillingDesignatedPremisesSupervisor(java.lang.reflect.Method)[pri:5, instance:qa.test.TestPremiseAppUatSf@645aa696]" started-at="2024-05-22T14:50:46 IST" name="fillingDesignatedPremisesSupervisor" finished-at="2024-05-22T14:50:53 IST" duration-ms="6762" status="PASS">
          <params>
            <param index="0">
              <value>
                <![CDATA[public void qa.test.TestPremiseAppUatSf.fillingDesignatedPremisesSupervisor(java.lang.reflect.Method)]]>
              </value>
            </param>
          </params>
          <reporter-output>
          </reporter-output>
        </test-method> <!-- fillingDesignatedPremisesSupervisor -->
        <test-method is-config="true" signature="afterMethod(org.testng.ITestResult)[pri:0, instance:qa.test.TestPremiseAppUatSf@645aa696]" started-at="2024-05-22T14:50:53 IST" name="afterMethod" finished-at="2024-05-22T14:50:53 IST" duration-ms="2" status="PASS">
          <params>
            <param index="0">
              <value>
                <![CDATA[[TestResult name=fillingDesignatedPremisesSupervisor status=SUCCESS method=TestPremiseAppUatSf.fillingDesignatedPremisesSupervisor(java.lang.reflect.Method)[pri:5, instance:qa.test.TestPremiseAppUatSf@645aa696] output={null}]]]>
              </value>
            </param>
          </params>
          <reporter-output>
          </reporter-output>
        </test-method> <!-- afterMethod -->
        <test-method signature="uploadApplicationEvidence(java.lang.reflect.Method)[pri:6, instance:qa.test.TestPremiseAppUatSf@645aa696]" started-at="2024-05-22T14:50:53 IST" name="uploadApplicationEvidence" finished-at="2024-05-22T14:50:54 IST" duration-ms="1340" status="PASS">
          <params>
            <param index="0">
              <value>
                <![CDATA[public void qa.test.TestPremiseAppUatSf.uploadApplicationEvidence(java.lang.reflect.Method)]]>
              </value>
            </param>
          </params>
          <reporter-output>
          </reporter-output>
        </test-method> <!-- uploadApplicationEvidence -->
        <test-method is-config="true" signature="afterMethod(org.testng.ITestResult)[pri:0, instance:qa.test.TestPremiseAppUatSf@645aa696]" started-at="2024-05-22T14:50:54 IST" name="afterMethod" finished-at="2024-05-22T14:50:54 IST" duration-ms="1" status="PASS">
          <params>
            <param index="0">
              <value>
                <![CDATA[[TestResult name=uploadApplicationEvidence status=SUCCESS method=TestPremiseAppUatSf.uploadApplicationEvidence(java.lang.reflect.Method)[pri:6, instance:qa.test.TestPremiseAppUatSf@645aa696] output={null}]]]>
              </value>
            </param>
          </params>
          <reporter-output>
          </reporter-output>
        </test-method> <!-- afterMethod -->
        <test-method signature="fillPremisesDetails(java.lang.reflect.Method)[pri:7, instance:qa.test.TestPremiseAppUatSf@645aa696]" started-at="2024-05-22T14:50:54 IST" name="fillPremisesDetails" finished-at="2024-05-22T14:51:03 IST" duration-ms="8777" status="PASS">
          <params>
            <param index="0">
              <value>
                <![CDATA[public void qa.test.TestPremiseAppUatSf.fillPremisesDetails(java.lang.reflect.Method)]]>
              </value>
            </param>
          </params>
          <reporter-output>
          </reporter-output>
        </test-method> <!-- fillPremisesDetails -->
        <test-method is-config="true" signature="afterMethod(org.testng.ITestResult)[pri:0, instance:qa.test.TestPremiseAppUatSf@645aa696]" started-at="2024-05-22T14:51:03 IST" name="afterMethod" finished-at="2024-05-22T14:51:03 IST" duration-ms="2" status="PASS">
          <params>
            <param index="0">
              <value>
                <![CDATA[[TestResult name=fillPremisesDetails status=SUCCESS method=TestPremiseAppUatSf.fillPremisesDetails(java.lang.reflect.Method)[pri:7, instance:qa.test.TestPremiseAppUatSf@645aa696] output={null}]]]>
              </value>
            </param>
          </params>
          <reporter-output>
          </reporter-output>
        </test-method> <!-- afterMethod -->
        <test-method signature="fillBusinessHours(java.lang.reflect.Method)[pri:8, instance:qa.test.TestPremiseAppUatSf@645aa696]" started-at="2024-05-22T14:51:03 IST" name="fillBusinessHours" finished-at="2024-05-22T14:51:17 IST" duration-ms="13853" status="PASS">
          <params>
            <param index="0">
              <value>
                <![CDATA[public void qa.test.TestPremiseAppUatSf.fillBusinessHours(java.lang.reflect.Method)]]>
              </value>
            </param>
          </params>
          <reporter-output>
          </reporter-output>
        </test-method> <!-- fillBusinessHours -->
        <test-method is-config="true" signature="afterMethod(org.testng.ITestResult)[pri:0, instance:qa.test.TestPremiseAppUatSf@645aa696]" started-at="2024-05-22T14:51:17 IST" name="afterMethod" finished-at="2024-05-22T14:51:17 IST" duration-ms="1" status="PASS">
          <params>
            <param index="0">
              <value>
                <![CDATA[[TestResult name=fillBusinessHours status=SUCCESS method=TestPremiseAppUatSf.fillBusinessHours(java.lang.reflect.Method)[pri:8, instance:qa.test.TestPremiseAppUatSf@645aa696] output={null}]]]>
              </value>
            </param>
          </params>
          <reporter-output>
          </reporter-output>
        </test-method> <!-- afterMethod -->
        <test-method signature="fillOperatingSchedule(java.lang.reflect.Method)[pri:9, instance:qa.test.TestPremiseAppUatSf@645aa696]" started-at="2024-05-22T14:51:17 IST" name="fillOperatingSchedule" finished-at="2024-05-22T14:51:32 IST" duration-ms="15300" status="PASS">
          <params>
            <param index="0">
              <value>
                <![CDATA[public void qa.test.TestPremiseAppUatSf.fillOperatingSchedule(java.lang.reflect.Method)]]>
              </value>
            </param>
          </params>
          <reporter-output>
          </reporter-output>
        </test-method> <!-- fillOperatingSchedule -->
        <test-method is-config="true" signature="afterMethod(org.testng.ITestResult)[pri:0, instance:qa.test.TestPremiseAppUatSf@645aa696]" started-at="2024-05-22T14:51:32 IST" name="afterMethod" finished-at="2024-05-22T14:51:32 IST" duration-ms="1" status="PASS">
          <params>
            <param index="0">
              <value>
                <![CDATA[[TestResult name=fillOperatingSchedule status=SUCCESS method=TestPremiseAppUatSf.fillOperatingSchedule(java.lang.reflect.Method)[pri:9, instance:qa.test.TestPremiseAppUatSf@645aa696] output={null}]]]>
              </value>
            </param>
          </params>
          <reporter-output>
          </reporter-output>
        </test-method> <!-- afterMethod -->
        <test-method signature="fillLicenceObjectives(java.lang.reflect.Method)[pri:10, instance:qa.test.TestPremiseAppUatSf@645aa696]" started-at="2024-05-22T14:51:32 IST" name="fillLicenceObjectives" finished-at="2024-05-22T14:51:33 IST" duration-ms="824" status="PASS">
          <params>
            <param index="0">
              <value>
                <![CDATA[public void qa.test.TestPremiseAppUatSf.fillLicenceObjectives(java.lang.reflect.Method)]]>
              </value>
            </param>
          </params>
          <reporter-output>
          </reporter-output>
        </test-method> <!-- fillLicenceObjectives -->
        <test-method is-config="true" signature="afterMethod(org.testng.ITestResult)[pri:0, instance:qa.test.TestPremiseAppUatSf@645aa696]" started-at="2024-05-22T14:51:33 IST" name="afterMethod" finished-at="2024-05-22T14:51:33 IST" duration-ms="1" status="PASS">
          <params>
            <param index="0">
              <value>
                <![CDATA[[TestResult name=fillLicenceObjectives status=SUCCESS method=TestPremiseAppUatSf.fillLicenceObjectives(java.lang.reflect.Method)[pri:10, instance:qa.test.TestPremiseAppUatSf@645aa696] output={null}]]]>
              </value>
            </param>
          </params>
          <reporter-output>
          </reporter-output>
        </test-method> <!-- afterMethod -->
        <test-method signature="fillDeclaration(java.lang.reflect.Method)[pri:11, instance:qa.test.TestPremiseAppUatSf@645aa696]" started-at="2024-05-22T14:51:33 IST" name="fillDeclaration" finished-at="2024-05-22T14:51:41 IST" duration-ms="7394" status="PASS">
          <params>
            <param index="0">
              <value>
                <![CDATA[public void qa.test.TestPremiseAppUatSf.fillDeclaration(java.lang.reflect.Method)]]>
              </value>
            </param>
          </params>
          <reporter-output>
          </reporter-output>
        </test-method> <!-- fillDeclaration -->
        <test-method is-config="true" signature="afterMethod(org.testng.ITestResult)[pri:0, instance:qa.test.TestPremiseAppUatSf@645aa696]" started-at="2024-05-22T14:51:41 IST" name="afterMethod" finished-at="2024-05-22T14:51:41 IST" duration-ms="1" status="PASS">
          <params>
            <param index="0">
              <value>
                <![CDATA[[TestResult name=fillDeclaration status=SUCCESS method=TestPremiseAppUatSf.fillDeclaration(java.lang.reflect.Method)[pri:11, instance:qa.test.TestPremiseAppUatSf@645aa696] output={null}]]]>
              </value>
            </param>
          </params>
          <reporter-output>
          </reporter-output>
        </test-method> <!-- afterMethod -->
        <test-method signature="payment(java.lang.reflect.Method)[pri:12, instance:qa.test.TestPremiseAppUatSf@645aa696]" started-at="2024-05-22T14:51:41 IST" name="payment" finished-at="2024-05-22T14:51:53 IST" duration-ms="12355" status="FAIL">
          <params>
            <param index="0">
              <value>
                <![CDATA[public void qa.test.TestPremiseAppUatSf.payment(java.lang.reflect.Method)]]>
              </value>
            </param>
          </params>
          <exception class="junit.framework.ComparisonFailure">
            <message>
              <![CDATA[expected:<Payment successful> but was:<Error :Unable to locate element: #Field\-numberInput
For documentation on this error, please visit: https://www.selenium.dev/documentation/webdriver/troubleshooting/errors#no-such-element-exception
Build info: version: '4.16.1', revision: '9b4c83354e'
System info: os.name: 'Windows 10', os.arch: 'amd64', os.version: '10.0', java.version: '17.0.3'
Driver info: org.openqa.selenium.firefox.FirefoxDriver
Command: [02e9ce0b-c8aa-4497-9b82-b6737ee5ebe4, findElement {using=id, value=Field-numberInput}]
Capabilities {acceptInsecureCerts: true, browserName: firefox, browserVersion: 125.0.3, moz:accessibilityChecks: false, moz:buildID: 20240425211020, moz:debuggerAddress: 127.0.0.1:22173, moz:geckodriverVersion: 0.34.0, moz:headless: false, moz:platformVersion: 10.0, moz:processID: 20536, moz:profile: C:\Users\Gaurav\AppData\Loc..., moz:shutdownTimeout: 60000, moz:webdriverClick: true, moz:windowless: false, pageLoadStrategy: normal, platformName: windows, proxy: Proxy(), se:cdp: ws://127.0.0.1:22173/devtoo..., se:cdpVersion: 85.0, setWindowRect: true, strictFileInteractability: false, timeouts: {implicit: 0, pageLoad: 300000, script: 30000}, unhandledPromptBehavior: dismiss and notify, userAgent: Mozilla/5.0 (Windows NT 10....}
Session ID: 02e9ce0b-c8aa-4497-9b82-b6737ee5ebe4>]]>
            </message>
            <full-stacktrace>
              <![CDATA[junit.framework.ComparisonFailure: expected:<Payment successful> but was:<Error :Unable to locate element: #Field\-numberInput
For documentation on this error, please visit: https://www.selenium.dev/documentation/webdriver/troubleshooting/errors#no-such-element-exception
Build info: version: '4.16.1', revision: '9b4c83354e'
System info: os.name: 'Windows 10', os.arch: 'amd64', os.version: '10.0', java.version: '17.0.3'
Driver info: org.openqa.selenium.firefox.FirefoxDriver
Command: [02e9ce0b-c8aa-4497-9b82-b6737ee5ebe4, findElement {using=id, value=Field-numberInput}]
Capabilities {acceptInsecureCerts: true, browserName: firefox, browserVersion: 125.0.3, moz:accessibilityChecks: false, moz:buildID: 20240425211020, moz:debuggerAddress: 127.0.0.1:22173, moz:geckodriverVersion: 0.34.0, moz:headless: false, moz:platformVersion: 10.0, moz:processID: 20536, moz:profile: C:\Users\Gaurav\AppData\Loc..., moz:shutdownTimeout: 60000, moz:webdriverClick: true, moz:windowless: false, pageLoadStrategy: normal, platformName: windows, proxy: Proxy(), se:cdp: ws://127.0.0.1:22173/devtoo..., se:cdpVersion: 85.0, setWindowRect: true, strictFileInteractability: false, timeouts: {implicit: 0, pageLoad: 300000, script: 30000}, unhandledPromptBehavior: dismiss and notify, userAgent: Mozilla/5.0 (Windows NT 10....}
Session ID: 02e9ce0b-c8aa-4497-9b82-b6737ee5ebe4>
at junit.framework.Assert.assertEquals(Assert.java:81)
at junit.framework.Assert.assertEquals(Assert.java:87)
at qa.test.TestPremiseAppUatSf.payment(TestPremiseAppUatSf.java:160)
at java.base/jdk.internal.reflect.NativeMethodAccessorImpl.invoke0(Native Method)
at java.base/jdk.internal.reflect.NativeMethodAccessorImpl.invoke(NativeMethodAccessorImpl.java:77)
at java.base/jdk.internal.reflect.DelegatingMethodAccessorImpl.invoke(DelegatingMethodAccessorImpl.java:43)
at java.base/java.lang.reflect.Method.invoke(Method.java:568)
at org.testng.internal.invokers.MethodInvocationHelper.invokeMethod(MethodInvocationHelper.java:139)
at org.testng.internal.invokers.TestInvoker.invokeMethod(TestInvoker.java:664)
at org.testng.internal.invokers.TestInvoker.invokeTestMethod(TestInvoker.java:227)
at org.testng.internal.invokers.MethodRunner.runInSequence(MethodRunner.java:50)
at org.testng.internal.invokers.TestInvoker$MethodInvocationAgent.invoke(TestInvoker.java:957)
at org.testng.internal.invokers.TestInvoker.invokeTestMethods(TestInvoker.java:200)
at org.testng.internal.invokers.TestMethodWorker.invokeTestMethods(TestMethodWorker.java:148)
at org.testng.internal.invokers.TestMethodWorker.run(TestMethodWorker.java:128)
at java.base/java.util.ArrayList.forEach(ArrayList.java:1511)
at org.testng.TestRunner.privateRun(TestRunner.java:848)
at org.testng.TestRunner.run(TestRunner.java:621)
at org.testng.SuiteRunner.runTest(SuiteRunner.java:443)
at org.testng.SuiteRunner.runSequentially(SuiteRunner.java:437)
at org.testng.SuiteRunner.privateRun(SuiteRunner.java:397)
at org.testng.SuiteRunner.run(SuiteRunner.java:336)
at org.testng.SuiteRunnerWorker.runSuite(SuiteRunnerWorker.java:52)
at org.testng.SuiteRunnerWorker.run(SuiteRunnerWorker.java:95)
at org.testng.TestNG.runSuitesSequentially(TestNG.java:1280)
at org.testng.TestNG.runSuitesLocally(TestNG.java:1200)
at org.testng.TestNG.runSuites(TestNG.java:1114)
at org.testng.TestNG.run(TestNG.java:1082)
at org.testng.remote.AbstractRemoteTestNG.run(AbstractRemoteTestNG.java:115)
at org.testng.remote.RemoteTestNG.initAndRun(RemoteTestNG.java:251)
at org.testng.remote.RemoteTestNG.main(RemoteTestNG.java:77)
]]>
            </full-stacktrace>
          </exception> <!-- junit.framework.ComparisonFailure -->
          <reporter-output>
          </reporter-output>
        </test-method> <!-- payment -->
        <test-method is-config="true" signature="afterMethod(org.testng.ITestResult)[pri:0, instance:qa.test.TestPremiseAppUatSf@645aa696]" started-at="2024-05-22T14:51:53 IST" name="afterMethod" finished-at="2024-05-22T14:51:53 IST" duration-ms="196" status="PASS">
          <params>
            <param index="0">
              <value>
                <![CDATA[[TestResult name=payment status=FAILURE method=TestPremiseAppUatSf.payment(java.lang.reflect.Method)[pri:12, instance:qa.test.TestPremiseAppUatSf@645aa696] output={null}]]]>
              </value>
            </param>
          </params>
          <reporter-output>
          </reporter-output>
        </test-method> <!-- afterMethod -->
        <test-method is-config="true" signature="afterTest()[pri:0, instance:qa.test.TestPremiseAppUatSf@645aa696]" started-at="2024-05-22T14:51:53 IST" name="afterTest" finished-at="2024-05-22T14:51:54 IST" duration-ms="891" status="PASS">
          <reporter-output>
          </reporter-output>
        </test-method> <!-- afterTest -->
      </class> <!-- qa.test.TestPremiseAppUatSf -->
    </test> <!-- FireFoxTest2 -->
    <test started-at="2024-05-22T14:51:54 IST" name="FireFoxTest3" finished-at="2024-05-22T14:53:42 IST" duration-ms="108234">
      <class name="qa.test.TestPremiseAppUatSfbo">
        <test-method is-config="true" signature="beforeTestMethod(java.lang.String)[pri:0, instance:qa.test.TestPremiseAppUatSfbo@4d0d9fe7]" started-at="2024-05-22T14:51:54 IST" name="beforeTestMethod" finished-at="2024-05-22T14:52:00 IST" duration-ms="6079" status="PASS">
          <params>
            <param index="0">
              <value>
                <![CDATA[firefox]]>
              </value>
            </param>
          </params>
          <reporter-output>
          </reporter-output>
        </test-method> <!-- beforeTestMethod -->
        <test-method signature="openLa_03LoginUrl(java.lang.reflect.Method)[pri:1, instance:qa.test.TestPremiseAppUatSfbo@4d0d9fe7]" started-at="2024-05-22T14:52:00 IST" name="openLa_03LoginUrl" finished-at="2024-05-22T14:52:19 IST" duration-ms="19199" status="PASS">
          <params>
            <param index="0">
              <value>
                <![CDATA[public void qa.test.TestPremiseAppUatSfbo.openLa_03LoginUrl(java.lang.reflect.Method)]]>
              </value>
            </param>
          </params>
          <reporter-output>
          </reporter-output>
        </test-method> <!-- openLa_03LoginUrl -->
        <test-method is-config="true" signature="afterMethod(org.testng.ITestResult)[pri:0, instance:qa.test.TestPremiseAppUatSfbo@4d0d9fe7]" started-at="2024-05-22T14:52:19 IST" name="afterMethod" finished-at="2024-05-22T14:52:19 IST" duration-ms="3" status="PASS">
          <params>
            <param index="0">
              <value>
                <![CDATA[[TestResult name=openLa_03LoginUrl status=SUCCESS method=TestPremiseAppUatSfbo.openLa_03LoginUrl(java.lang.reflect.Method)[pri:1, instance:qa.test.TestPremiseAppUatSfbo@4d0d9fe7] output={null}]]]>
              </value>
            </param>
          </params>
          <reporter-output>
          </reporter-output>
        </test-method> <!-- afterMethod -->
        <test-method signature="fillBusinessDetails(java.lang.reflect.Method)[pri:2, instance:qa.test.TestPremiseAppUatSfbo@4d0d9fe7]" started-at="2024-05-22T14:52:19 IST" name="fillBusinessDetails" finished-at="2024-05-22T14:52:26 IST" duration-ms="6988" status="PASS">
          <params>
            <param index="0">
              <value>
                <![CDATA[public void qa.test.TestPremiseAppUatSfbo.fillBusinessDetails(java.lang.reflect.Method)]]>
              </value>
            </param>
          </params>
          <reporter-output>
          </reporter-output>
        </test-method> <!-- fillBusinessDetails -->
        <test-method is-config="true" signature="afterMethod(org.testng.ITestResult)[pri:0, instance:qa.test.TestPremiseAppUatSfbo@4d0d9fe7]" started-at="2024-05-22T14:52:26 IST" name="afterMethod" finished-at="2024-05-22T14:52:26 IST" duration-ms="3" status="PASS">
          <params>
            <param index="0">
              <value>
                <![CDATA[[TestResult name=fillBusinessDetails status=SUCCESS method=TestPremiseAppUatSfbo.fillBusinessDetails(java.lang.reflect.Method)[pri:2, instance:qa.test.TestPremiseAppUatSfbo@4d0d9fe7] output={null}]]]>
              </value>
            </param>
          </params>
          <reporter-output>
          </reporter-output>
        </test-method> <!-- afterMethod -->
        <test-method signature="confirmInformationTrue(java.lang.reflect.Method)[pri:3, instance:qa.test.TestPremiseAppUatSfbo@4d0d9fe7]" started-at="2024-05-22T14:52:26 IST" name="confirmInformationTrue" finished-at="2024-05-22T14:52:28 IST" duration-ms="2115" status="PASS">
          <params>
            <param index="0">
              <value>
                <![CDATA[public void qa.test.TestPremiseAppUatSfbo.confirmInformationTrue(java.lang.reflect.Method)]]>
              </value>
            </param>
          </params>
          <reporter-output>
          </reporter-output>
        </test-method> <!-- confirmInformationTrue -->
        <test-method is-config="true" signature="afterMethod(org.testng.ITestResult)[pri:0, instance:qa.test.TestPremiseAppUatSfbo@4d0d9fe7]" started-at="2024-05-22T14:52:28 IST" name="afterMethod" finished-at="2024-05-22T14:52:28 IST" duration-ms="2" status="PASS">
          <params>
            <param index="0">
              <value>
                <![CDATA[[TestResult name=confirmInformationTrue status=SUCCESS method=TestPremiseAppUatSfbo.confirmInformationTrue(java.lang.reflect.Method)[pri:3, instance:qa.test.TestPremiseAppUatSfbo@4d0d9fe7] output={null}]]]>
              </value>
            </param>
          </params>
          <reporter-output>
          </reporter-output>
        </test-method> <!-- afterMethod -->
        <test-method signature="fillingLicenceDuration(java.lang.reflect.Method)[pri:4, instance:qa.test.TestPremiseAppUatSfbo@4d0d9fe7]" started-at="2024-05-22T14:52:28 IST" name="fillingLicenceDuration" finished-at="2024-05-22T14:52:32 IST" duration-ms="3254" status="PASS">
          <params>
            <param index="0">
              <value>
                <![CDATA[public void qa.test.TestPremiseAppUatSfbo.fillingLicenceDuration(java.lang.reflect.Method)]]>
              </value>
            </param>
          </params>
          <reporter-output>
          </reporter-output>
        </test-method> <!-- fillingLicenceDuration -->
        <test-method is-config="true" signature="afterMethod(org.testng.ITestResult)[pri:0, instance:qa.test.TestPremiseAppUatSfbo@4d0d9fe7]" started-at="2024-05-22T14:52:32 IST" name="afterMethod" finished-at="2024-05-22T14:52:32 IST" duration-ms="3" status="PASS">
          <params>
            <param index="0">
              <value>
                <![CDATA[[TestResult name=fillingLicenceDuration status=SUCCESS method=TestPremiseAppUatSfbo.fillingLicenceDuration(java.lang.reflect.Method)[pri:4, instance:qa.test.TestPremiseAppUatSfbo@4d0d9fe7] output={null}]]]>
              </value>
            </param>
          </params>
          <reporter-output>
          </reporter-output>
        </test-method> <!-- afterMethod -->
        <test-method signature="fillingApplicantDetails(java.lang.reflect.Method)[pri:5, instance:qa.test.TestPremiseAppUatSfbo@4d0d9fe7]" started-at="2024-05-22T14:52:32 IST" name="fillingApplicantDetails" finished-at="2024-05-22T14:52:43 IST" duration-ms="11527" status="PASS">
          <params>
            <param index="0">
              <value>
                <![CDATA[public void qa.test.TestPremiseAppUatSfbo.fillingApplicantDetails(java.lang.reflect.Method)]]>
              </value>
            </param>
          </params>
          <reporter-output>
          </reporter-output>
        </test-method> <!-- fillingApplicantDetails -->
        <test-method is-config="true" signature="afterMethod(org.testng.ITestResult)[pri:0, instance:qa.test.TestPremiseAppUatSfbo@4d0d9fe7]" started-at="2024-05-22T14:52:43 IST" name="afterMethod" finished-at="2024-05-22T14:52:43 IST" duration-ms="0" status="PASS">
          <params>
            <param index="0">
              <value>
                <![CDATA[[TestResult name=fillingApplicantDetails status=SUCCESS method=TestPremiseAppUatSfbo.fillingApplicantDetails(java.lang.reflect.Method)[pri:5, instance:qa.test.TestPremiseAppUatSfbo@4d0d9fe7] output={null}]]]>
              </value>
            </param>
          </params>
          <reporter-output>
          </reporter-output>
        </test-method> <!-- afterMethod -->
        <test-method signature="fillingDesignatedPremisesSupervisor(java.lang.reflect.Method)[pri:6, instance:qa.test.TestPremiseAppUatSfbo@4d0d9fe7]" started-at="2024-05-22T14:52:43 IST" name="fillingDesignatedPremisesSupervisor" finished-at="2024-05-22T14:52:50 IST" duration-ms="6718" status="PASS">
          <params>
            <param index="0">
              <value>
                <![CDATA[public void qa.test.TestPremiseAppUatSfbo.fillingDesignatedPremisesSupervisor(java.lang.reflect.Method)]]>
              </value>
            </param>
          </params>
          <reporter-output>
          </reporter-output>
        </test-method> <!-- fillingDesignatedPremisesSupervisor -->
        <test-method is-config="true" signature="afterMethod(org.testng.ITestResult)[pri:0, instance:qa.test.TestPremiseAppUatSfbo@4d0d9fe7]" started-at="2024-05-22T14:52:50 IST" name="afterMethod" finished-at="2024-05-22T14:52:50 IST" duration-ms="1" status="PASS">
          <params>
            <param index="0">
              <value>
                <![CDATA[[TestResult name=fillingDesignatedPremisesSupervisor status=SUCCESS method=TestPremiseAppUatSfbo.fillingDesignatedPremisesSupervisor(java.lang.reflect.Method)[pri:6, instance:qa.test.TestPremiseAppUatSfbo@4d0d9fe7] output={null}]]]>
              </value>
            </param>
          </params>
          <reporter-output>
          </reporter-output>
        </test-method> <!-- afterMethod -->
        <test-method signature="uploadApplicationEvidence(java.lang.reflect.Method)[pri:7, instance:qa.test.TestPremiseAppUatSfbo@4d0d9fe7]" started-at="2024-05-22T14:52:50 IST" name="uploadApplicationEvidence" finished-at="2024-05-22T14:52:51 IST" duration-ms="1334" status="PASS">
          <params>
            <param index="0">
              <value>
                <![CDATA[public void qa.test.TestPremiseAppUatSfbo.uploadApplicationEvidence(java.lang.reflect.Method)]]>
              </value>
            </param>
          </params>
          <reporter-output>
          </reporter-output>
        </test-method> <!-- uploadApplicationEvidence -->
        <test-method is-config="true" signature="afterMethod(org.testng.ITestResult)[pri:0, instance:qa.test.TestPremiseAppUatSfbo@4d0d9fe7]" started-at="2024-05-22T14:52:51 IST" name="afterMethod" finished-at="2024-05-22T14:52:51 IST" duration-ms="1" status="PASS">
          <params>
            <param index="0">
              <value>
                <![CDATA[[TestResult name=uploadApplicationEvidence status=SUCCESS method=TestPremiseAppUatSfbo.uploadApplicationEvidence(java.lang.reflect.Method)[pri:7, instance:qa.test.TestPremiseAppUatSfbo@4d0d9fe7] output={null}]]]>
              </value>
            </param>
          </params>
          <reporter-output>
          </reporter-output>
        </test-method> <!-- afterMethod -->
        <test-method signature="fillPremisesDetails(java.lang.reflect.Method)[pri:8, instance:qa.test.TestPremiseAppUatSfbo@4d0d9fe7]" started-at="2024-05-22T14:52:51 IST" name="fillPremisesDetails" finished-at="2024-05-22T14:53:00 IST" duration-ms="8685" status="PASS">
          <params>
            <param index="0">
              <value>
                <![CDATA[public void qa.test.TestPremiseAppUatSfbo.fillPremisesDetails(java.lang.reflect.Method)]]>
              </value>
            </param>
          </params>
          <reporter-output>
          </reporter-output>
        </test-method> <!-- fillPremisesDetails -->
        <test-method is-config="true" signature="afterMethod(org.testng.ITestResult)[pri:0, instance:qa.test.TestPremiseAppUatSfbo@4d0d9fe7]" started-at="2024-05-22T14:53:00 IST" name="afterMethod" finished-at="2024-05-22T14:53:00 IST" duration-ms="0" status="PASS">
          <params>
            <param index="0">
              <value>
                <![CDATA[[TestResult name=fillPremisesDetails status=SUCCESS method=TestPremiseAppUatSfbo.fillPremisesDetails(java.lang.reflect.Method)[pri:8, instance:qa.test.TestPremiseAppUatSfbo@4d0d9fe7] output={null}]]]>
              </value>
            </param>
          </params>
          <reporter-output>
          </reporter-output>
        </test-method> <!-- afterMethod -->
        <test-method signature="fillBusinessHours(java.lang.reflect.Method)[pri:9, instance:qa.test.TestPremiseAppUatSfbo@4d0d9fe7]" started-at="2024-05-22T14:53:00 IST" name="fillBusinessHours" finished-at="2024-05-22T14:53:13 IST" duration-ms="13226" status="PASS">
          <params>
            <param index="0">
              <value>
                <![CDATA[public void qa.test.TestPremiseAppUatSfbo.fillBusinessHours(java.lang.reflect.Method)]]>
              </value>
            </param>
          </params>
          <reporter-output>
          </reporter-output>
        </test-method> <!-- fillBusinessHours -->
        <test-method is-config="true" signature="afterMethod(org.testng.ITestResult)[pri:0, instance:qa.test.TestPremiseAppUatSfbo@4d0d9fe7]" started-at="2024-05-22T14:53:13 IST" name="afterMethod" finished-at="2024-05-22T14:53:13 IST" duration-ms="1" status="PASS">
          <params>
            <param index="0">
              <value>
                <![CDATA[[TestResult name=fillBusinessHours status=SUCCESS method=TestPremiseAppUatSfbo.fillBusinessHours(java.lang.reflect.Method)[pri:9, instance:qa.test.TestPremiseAppUatSfbo@4d0d9fe7] output={null}]]]>
              </value>
            </param>
          </params>
          <reporter-output>
          </reporter-output>
        </test-method> <!-- afterMethod -->
        <test-method signature="fillOperatingSchedule(java.lang.reflect.Method)[pri:10, instance:qa.test.TestPremiseAppUatSfbo@4d0d9fe7]" started-at="2024-05-22T14:53:13 IST" name="fillOperatingSchedule" finished-at="2024-05-22T14:53:30 IST" duration-ms="16313" status="PASS">
          <params>
            <param index="0">
              <value>
                <![CDATA[public void qa.test.TestPremiseAppUatSfbo.fillOperatingSchedule(java.lang.reflect.Method)]]>
              </value>
            </param>
          </params>
          <reporter-output>
          </reporter-output>
        </test-method> <!-- fillOperatingSchedule -->
        <test-method is-config="true" signature="afterMethod(org.testng.ITestResult)[pri:0, instance:qa.test.TestPremiseAppUatSfbo@4d0d9fe7]" started-at="2024-05-22T14:53:30 IST" name="afterMethod" finished-at="2024-05-22T14:53:30 IST" duration-ms="1" status="PASS">
          <params>
            <param index="0">
              <value>
                <![CDATA[[TestResult name=fillOperatingSchedule status=SUCCESS method=TestPremiseAppUatSfbo.fillOperatingSchedule(java.lang.reflect.Method)[pri:10, instance:qa.test.TestPremiseAppUatSfbo@4d0d9fe7] output={null}]]]>
              </value>
            </param>
          </params>
          <reporter-output>
          </reporter-output>
        </test-method> <!-- afterMethod -->
        <test-method signature="fillLicenceObjectives(java.lang.reflect.Method)[pri:11, instance:qa.test.TestPremiseAppUatSfbo@4d0d9fe7]" started-at="2024-05-22T14:53:30 IST" name="fillLicenceObjectives" finished-at="2024-05-22T14:53:30 IST" duration-ms="751" status="PASS">
          <params>
            <param index="0">
              <value>
                <![CDATA[public void qa.test.TestPremiseAppUatSfbo.fillLicenceObjectives(java.lang.reflect.Method)]]>
              </value>
            </param>
          </params>
          <reporter-output>
          </reporter-output>
        </test-method> <!-- fillLicenceObjectives -->
        <test-method is-config="true" signature="afterMethod(org.testng.ITestResult)[pri:0, instance:qa.test.TestPremiseAppUatSfbo@4d0d9fe7]" started-at="2024-05-22T14:53:30 IST" name="afterMethod" finished-at="2024-05-22T14:53:30 IST" duration-ms="1" status="PASS">
          <params>
            <param index="0">
              <value>
                <![CDATA[[TestResult name=fillLicenceObjectives status=SUCCESS method=TestPremiseAppUatSfbo.fillLicenceObjectives(java.lang.reflect.Method)[pri:11, instance:qa.test.TestPremiseAppUatSfbo@4d0d9fe7] output={null}]]]>
              </value>
            </param>
          </params>
          <reporter-output>
          </reporter-output>
        </test-method> <!-- afterMethod -->
        <test-method signature="fillDeclaration(java.lang.reflect.Method)[pri:12, instance:qa.test.TestPremiseAppUatSfbo@4d0d9fe7]" started-at="2024-05-22T14:53:30 IST" name="fillDeclaration" finished-at="2024-05-22T14:53:38 IST" duration-ms="7357" status="PASS">
          <params>
            <param index="0">
              <value>
                <![CDATA[public void qa.test.TestPremiseAppUatSfbo.fillDeclaration(java.lang.reflect.Method)]]>
              </value>
            </param>
          </params>
          <reporter-output>
          </reporter-output>
        </test-method> <!-- fillDeclaration -->
        <test-method is-config="true" signature="afterMethod(org.testng.ITestResult)[pri:0, instance:qa.test.TestPremiseAppUatSfbo@4d0d9fe7]" started-at="2024-05-22T14:53:38 IST" name="afterMethod" finished-at="2024-05-22T14:53:38 IST" duration-ms="0" status="PASS">
          <params>
            <param index="0">
              <value>
                <![CDATA[[TestResult name=fillDeclaration status=SUCCESS method=TestPremiseAppUatSfbo.fillDeclaration(java.lang.reflect.Method)[pri:12, instance:qa.test.TestPremiseAppUatSfbo@4d0d9fe7] output={null}]]]>
              </value>
            </param>
          </params>
          <reporter-output>
          </reporter-output>
        </test-method> <!-- afterMethod -->
        <test-method signature="payment(java.lang.reflect.Method)[pri:13, instance:qa.test.TestPremiseAppUatSfbo@4d0d9fe7]" started-at="2024-05-22T14:53:38 IST" name="payment" finished-at="2024-05-22T14:53:42 IST" duration-ms="4319" status="PASS">
          <params>
            <param index="0">
              <value>
                <![CDATA[public void qa.test.TestPremiseAppUatSfbo.payment(java.lang.reflect.Method)]]>
              </value>
            </param>
          </params>
          <reporter-output>
          </reporter-output>
        </test-method> <!-- payment -->
        <test-method is-config="true" signature="afterMethod(org.testng.ITestResult)[pri:0, instance:qa.test.TestPremiseAppUatSfbo@4d0d9fe7]" started-at="2024-05-22T14:53:42 IST" name="afterMethod" finished-at="2024-05-22T14:53:42 IST" duration-ms="1" status="PASS">
          <params>
            <param index="0">
              <value>
                <![CDATA[[TestResult name=payment status=SUCCESS method=TestPremiseAppUatSfbo.payment(java.lang.reflect.Method)[pri:13, instance:qa.test.TestPremiseAppUatSfbo@4d0d9fe7] output={null}]]]>
              </value>
            </param>
          </params>
          <reporter-output>
          </reporter-output>
        </test-method> <!-- afterMethod -->
        <test-method is-config="true" signature="afterTest()[pri:0, instance:qa.test.TestPremiseAppUatSfbo@4d0d9fe7]" started-at="2024-05-22T14:53:42 IST" name="afterTest" finished-at="2024-05-22T14:53:42 IST" duration-ms="301" status="PASS">
          <reporter-output>
          </reporter-output>
        </test-method> <!-- afterTest -->
      </class> <!-- qa.test.TestPremiseAppUatSfbo -->
    </test> <!-- FireFoxTest3 -->
  </suite> <!-- Suite -->
</testng-results>
