<?xml version="1.0" encoding="UTF-8"?>
<testng-results ignored="0" total="2" passed="2" failed="0" skipped="0">
  <reporter-output>
  </reporter-output>
  <suite started-at="2024-05-17T10:41:48 IST" name="Suite" finished-at="2024-05-17T10:42:15 IST" duration-ms="26891">
    <groups>
    </groups>
    <test started-at="2024-05-17T10:41:48 IST" name="FireFoxTest" finished-at="2024-05-17T10:42:15 IST" duration-ms="26891">
      <class name="qa.test.TestPremiseAppUatSf">
        <test-method is-config="true" signature="beforeTestMethod(java.lang.String)[pri:0, instance:qa.test.TestPremiseAppUatSf@cc43f62]" started-at="2024-05-17T10:41:48 IST" name="beforeTestMethod" finished-at="2024-05-17T10:41:55 IST" duration-ms="7590" status="PASS">
          <params>
            <param index="0">
              <value>
                <![CDATA[firefox]]>
              </value>
            </param>
          </params>
          <reporter-output>
          </reporter-output>
        </test-method> <!-- beforeTestMethod -->
        <test-method signature="openLa_03LoginUrl(java.lang.reflect.Method)[pri:1, instance:qa.test.TestPremiseAppUatSf@cc43f62]" started-at="2024-05-17T10:41:55 IST" name="openLa_03LoginUrl" finished-at="2024-05-17T10:42:08 IST" duration-ms="12783" status="PASS">
          <params>
            <param index="0">
              <value>
                <![CDATA[public void qa.test.TestPremiseAppUatSf.openLa_03LoginUrl(java.lang.reflect.Method)]]>
              </value>
            </param>
          </params>
          <reporter-output>
          </reporter-output>
        </test-method> <!-- openLa_03LoginUrl -->
        <test-method is-config="true" signature="afterMethod(org.testng.ITestResult)[pri:0, instance:qa.test.TestPremiseAppUatSf@cc43f62]" started-at="2024-05-17T10:42:08 IST" name="afterMethod" finished-at="2024-05-17T10:42:08 IST" duration-ms="10" status="PASS">
          <params>
            <param index="0">
              <value>
                <![CDATA[[TestResult name=openLa_03LoginUrl status=SUCCESS method=TestPremiseAppUatSf.openLa_03LoginUrl(java.lang.reflect.Method)[pri:1, instance:qa.test.TestPremiseAppUatSf@cc43f62] output={null}]]]>
              </value>
            </param>
          </params>
          <reporter-output>
          </reporter-output>
        </test-method> <!-- afterMethod -->
        <test-method signature="fillBusinessHours(java.lang.reflect.Method)[pri:8, instance:qa.test.TestPremiseAppUatSf@cc43f62]" started-at="2024-05-17T10:42:08 IST" name="fillBusinessHours" finished-at="2024-05-17T10:42:14 IST" duration-ms="5756" status="PASS">
          <params>
            <param index="0">
              <value>
                <![CDATA[public void qa.test.TestPremiseAppUatSf.fillBusinessHours(java.lang.reflect.Method)]]>
              </value>
            </param>
          </params>
          <reporter-output>
          </reporter-output>
        </test-method> <!-- fillBusinessHours -->
        <test-method is-config="true" signature="afterMethod(org.testng.ITestResult)[pri:0, instance:qa.test.TestPremiseAppUatSf@cc43f62]" started-at="2024-05-17T10:42:14 IST" name="afterMethod" finished-at="2024-05-17T10:42:14 IST" duration-ms="2" status="PASS">
          <params>
            <param index="0">
              <value>
                <![CDATA[[TestResult name=fillBusinessHours status=SUCCESS method=TestPremiseAppUatSf.fillBusinessHours(java.lang.reflect.Method)[pri:8, instance:qa.test.TestPremiseAppUatSf@cc43f62] output={null}]]]>
              </value>
            </param>
          </params>
          <reporter-output>
          </reporter-output>
        </test-method> <!-- afterMethod -->
        <test-method is-config="true" signature="afterTest()[pri:0, instance:qa.test.TestPremiseAppUatSf@cc43f62]" started-at="2024-05-17T10:42:14 IST" name="afterTest" finished-at="2024-05-17T10:42:15 IST" duration-ms="655" status="PASS">
          <reporter-output>
          </reporter-output>
        </test-method> <!-- afterTest -->
      </class> <!-- qa.test.TestPremiseAppUatSf -->
    </test> <!-- FireFoxTest -->
  </suite> <!-- Suite -->
</testng-results>
