<?xml version="1.0" encoding="UTF-8"?>
<testng-results ignored="0" total="3" passed="3" failed="0" skipped="0">
  <reporter-output>
  </reporter-output>
  <suite started-at="2024-05-15T13:54:39 IST" name="Suite" finished-at="2024-05-15T13:55:20 IST" duration-ms="41284">
    <groups>
    </groups>
    <test started-at="2024-05-15T13:54:39 IST" name="FireFoxTest1" finished-at="2024-05-15T13:55:20 IST" duration-ms="41284">
      <class name="qa.test.TestPremiseAppUatSf">
        <test-method is-config="true" signature="beforeTestMethod(java.lang.String)[pri:0, instance:qa.test.TestPremiseAppUatSf@48075da3]" started-at="2024-05-15T13:54:39 IST" name="beforeTestMethod" finished-at="2024-05-15T13:54:47 IST" duration-ms="7965" status="PASS">
          <params>
            <param index="0">
              <value>
                <![CDATA[firefox]]>
              </value>
            </param>
          </params>
          <reporter-output>
          </reporter-output>
        </test-method> <!-- beforeTestMethod -->
        <test-method signature="openLa_03LoginUrl(java.lang.reflect.Method)[pri:1, instance:qa.test.TestPremiseAppUatSf@48075da3]" started-at="2024-05-15T13:54:47 IST" name="openLa_03LoginUrl" finished-at="2024-05-15T13:55:05 IST" duration-ms="17811" status="PASS">
          <params>
            <param index="0">
              <value>
                <![CDATA[public void qa.test.TestPremiseAppUatSf.openLa_03LoginUrl(java.lang.reflect.Method)]]>
              </value>
            </param>
          </params>
          <reporter-output>
          </reporter-output>
        </test-method> <!-- openLa_03LoginUrl -->
        <test-method is-config="true" signature="afterMethod(org.testng.ITestResult)[pri:0, instance:qa.test.TestPremiseAppUatSf@48075da3]" started-at="2024-05-15T13:55:05 IST" name="afterMethod" finished-at="2024-05-15T13:55:05 IST" duration-ms="13" status="PASS">
          <params>
            <param index="0">
              <value>
                <![CDATA[[TestResult name=openLa_03LoginUrl status=SUCCESS method=TestPremiseAppUatSf.openLa_03LoginUrl(java.lang.reflect.Method)[pri:1, instance:qa.test.TestPremiseAppUatSf@48075da3] output={null}]]]>
              </value>
            </param>
          </params>
          <reporter-output>
          </reporter-output>
        </test-method> <!-- afterMethod -->
        <test-method signature="confirmInformationTrue(java.lang.reflect.Method)[pri:2, instance:qa.test.TestPremiseAppUatSf@48075da3]" started-at="2024-05-15T13:55:05 IST" name="confirmInformationTrue" finished-at="2024-05-15T13:55:07 IST" duration-ms="2406" status="PASS">
          <params>
            <param index="0">
              <value>
                <![CDATA[public void qa.test.TestPremiseAppUatSf.confirmInformationTrue(java.lang.reflect.Method)]]>
              </value>
            </param>
          </params>
          <reporter-output>
          </reporter-output>
        </test-method> <!-- confirmInformationTrue -->
        <test-method is-config="true" signature="afterMethod(org.testng.ITestResult)[pri:0, instance:qa.test.TestPremiseAppUatSf@48075da3]" started-at="2024-05-15T13:55:07 IST" name="afterMethod" finished-at="2024-05-15T13:55:07 IST" duration-ms="3" status="PASS">
          <params>
            <param index="0">
              <value>
                <![CDATA[[TestResult name=confirmInformationTrue status=SUCCESS method=TestPremiseAppUatSf.confirmInformationTrue(java.lang.reflect.Method)[pri:2, instance:qa.test.TestPremiseAppUatSf@48075da3] output={null}]]]>
              </value>
            </param>
          </params>
          <reporter-output>
          </reporter-output>
        </test-method> <!-- afterMethod -->
        <test-method signature="fillPremisesDetails(java.lang.reflect.Method)[pri:6, instance:qa.test.TestPremiseAppUatSf@48075da3]" started-at="2024-05-15T13:55:07 IST" name="fillPremisesDetails" finished-at="2024-05-15T13:55:19 IST" duration-ms="12297" status="PASS">
          <params>
            <param index="0">
              <value>
                <![CDATA[public void qa.test.TestPremiseAppUatSf.fillPremisesDetails(java.lang.reflect.Method)]]>
              </value>
            </param>
          </params>
          <reporter-output>
          </reporter-output>
        </test-method> <!-- fillPremisesDetails -->
        <test-method is-config="true" signature="afterMethod(org.testng.ITestResult)[pri:0, instance:qa.test.TestPremiseAppUatSf@48075da3]" started-at="2024-05-15T13:55:19 IST" name="afterMethod" finished-at="2024-05-15T13:55:19 IST" duration-ms="1" status="PASS">
          <params>
            <param index="0">
              <value>
                <![CDATA[[TestResult name=fillPremisesDetails status=SUCCESS method=TestPremiseAppUatSf.fillPremisesDetails(java.lang.reflect.Method)[pri:6, instance:qa.test.TestPremiseAppUatSf@48075da3] output={null}]]]>
              </value>
            </param>
          </params>
          <reporter-output>
          </reporter-output>
        </test-method> <!-- afterMethod -->
        <test-method is-config="true" signature="afterTest()[pri:0, instance:qa.test.TestPremiseAppUatSf@48075da3]" started-at="2024-05-15T13:55:19 IST" name="afterTest" finished-at="2024-05-15T13:55:20 IST" duration-ms="680" status="PASS">
          <reporter-output>
          </reporter-output>
        </test-method> <!-- afterTest -->
      </class> <!-- qa.test.TestPremiseAppUatSf -->
    </test> <!-- FireFoxTest1 -->
  </suite> <!-- Suite -->
</testng-results>
