<?xml version="1.0" encoding="UTF-8"?>
<testng-results ignored="0" total="7" passed="7" failed="0" skipped="0">
  <reporter-output>
  </reporter-output>
  <suite started-at="2024-05-14T14:55:28 IST" name="Suite" finished-at="2024-05-14T14:56:30 IST" duration-ms="61946">
    <groups>
    </groups>
    <test started-at="2024-05-14T14:55:28 IST" name="FireFoxTest1" finished-at="2024-05-14T14:56:30 IST" duration-ms="61946">
      <class name="qa.test.TestSec50UatSf">
        <test-method is-config="true" signature="beforeTestMethod(java.lang.String)[pri:0, instance:qa.test.TestSec50UatSf@cc43f62]" started-at="2024-05-14T14:55:28 IST" name="beforeTestMethod" finished-at="2024-05-14T14:55:37 IST" duration-ms="8438" status="PASS">
          <params>
            <param index="0">
              <value>
                <![CDATA[firefox]]>
              </value>
            </param>
          </params>
          <reporter-output>
          </reporter-output>
        </test-method> <!-- beforeTestMethod -->
        <test-method signature="OpenWestminsterBoUrl(java.lang.reflect.Method)[pri:49, instance:qa.test.TestSec50UatSf@cc43f62]" started-at="2024-05-14T14:55:37 IST" name="OpenWestminsterBoUrl" finished-at="2024-05-14T14:55:51 IST" duration-ms="13761" status="PASS">
          <params>
            <param index="0">
              <value>
                <![CDATA[public void qa.test.TestSec50UatSf.OpenWestminsterBoUrl(java.lang.reflect.Method)]]>
              </value>
            </param>
          </params>
          <reporter-output>
          </reporter-output>
        </test-method> <!-- OpenWestminsterBoUrl -->
        <test-method is-config="true" signature="afterMethod(org.testng.ITestResult)[pri:0, instance:qa.test.TestSec50UatSf@cc43f62]" started-at="2024-05-14T14:55:51 IST" name="afterMethod" finished-at="2024-05-14T14:55:51 IST" duration-ms="8" status="PASS">
          <params>
            <param index="0">
              <value>
                <![CDATA[[TestResult name=OpenWestminsterBoUrl status=SUCCESS method=TestSec50UatSf.OpenWestminsterBoUrl(java.lang.reflect.Method)[pri:49, instance:qa.test.TestSec50UatSf@cc43f62] output={null}]]]>
              </value>
            </param>
          </params>
          <reporter-output>
          </reporter-output>
        </test-method> <!-- afterMethod -->
        <test-method signature="confirmInformationTrue(java.lang.reflect.Method)[pri:50, instance:qa.test.TestSec50UatSf@cc43f62]" started-at="2024-05-14T14:55:51 IST" name="confirmInformationTrue" finished-at="2024-05-14T14:55:53 IST" duration-ms="2475" status="PASS">
          <params>
            <param index="0">
              <value>
                <![CDATA[public void qa.test.TestSec50UatSf.confirmInformationTrue(java.lang.reflect.Method)]]>
              </value>
            </param>
          </params>
          <reporter-output>
          </reporter-output>
        </test-method> <!-- confirmInformationTrue -->
        <test-method is-config="true" signature="afterMethod(org.testng.ITestResult)[pri:0, instance:qa.test.TestSec50UatSf@cc43f62]" started-at="2024-05-14T14:55:53 IST" name="afterMethod" finished-at="2024-05-14T14:55:53 IST" duration-ms="2" status="PASS">
          <params>
            <param index="0">
              <value>
                <![CDATA[[TestResult name=confirmInformationTrue status=SUCCESS method=TestSec50UatSf.confirmInformationTrue(java.lang.reflect.Method)[pri:50, instance:qa.test.TestSec50UatSf@cc43f62] output={null}]]]>
              </value>
            </param>
          </params>
          <reporter-output>
          </reporter-output>
        </test-method> <!-- afterMethod -->
        <test-method signature="fillingApplicationDates(java.lang.reflect.Method)[pri:51, instance:qa.test.TestSec50UatSf@cc43f62]" started-at="2024-05-14T14:55:53 IST" name="fillingApplicationDates" finished-at="2024-05-14T14:56:00 IST" duration-ms="6533" status="PASS">
          <params>
            <param index="0">
              <value>
                <![CDATA[public void qa.test.TestSec50UatSf.fillingApplicationDates(java.lang.reflect.Method)]]>
              </value>
            </param>
          </params>
          <reporter-output>
          </reporter-output>
        </test-method> <!-- fillingApplicationDates -->
        <test-method is-config="true" signature="afterMethod(org.testng.ITestResult)[pri:0, instance:qa.test.TestSec50UatSf@cc43f62]" started-at="2024-05-14T14:56:00 IST" name="afterMethod" finished-at="2024-05-14T14:56:00 IST" duration-ms="1" status="PASS">
          <params>
            <param index="0">
              <value>
                <![CDATA[[TestResult name=fillingApplicationDates status=SUCCESS method=TestSec50UatSf.fillingApplicationDates(java.lang.reflect.Method)[pri:51, instance:qa.test.TestSec50UatSf@cc43f62] output={null}]]]>
              </value>
            </param>
          </params>
          <reporter-output>
          </reporter-output>
        </test-method> <!-- afterMethod -->
        <test-method signature="fillSupervisorDetails(java.lang.reflect.Method)[pri:55, instance:qa.test.TestSec50UatSf@cc43f62]" started-at="2024-05-14T14:56:00 IST" name="fillSupervisorDetails" finished-at="2024-05-14T14:56:09 IST" duration-ms="9791" status="PASS">
          <params>
            <param index="0">
              <value>
                <![CDATA[public void qa.test.TestSec50UatSf.fillSupervisorDetails(java.lang.reflect.Method)]]>
              </value>
            </param>
          </params>
          <reporter-output>
          </reporter-output>
        </test-method> <!-- fillSupervisorDetails -->
        <test-method is-config="true" signature="afterMethod(org.testng.ITestResult)[pri:0, instance:qa.test.TestSec50UatSf@cc43f62]" started-at="2024-05-14T14:56:09 IST" name="afterMethod" finished-at="2024-05-14T14:56:09 IST" duration-ms="1" status="PASS">
          <params>
            <param index="0">
              <value>
                <![CDATA[[TestResult name=fillSupervisorDetails status=SUCCESS method=TestSec50UatSf.fillSupervisorDetails(java.lang.reflect.Method)[pri:55, instance:qa.test.TestSec50UatSf@cc43f62] output={null}]]]>
              </value>
            </param>
          </params>
          <reporter-output>
          </reporter-output>
        </test-method> <!-- afterMethod -->
        <test-method signature="fillOperatorDetails(java.lang.reflect.Method)[pri:56, instance:qa.test.TestSec50UatSf@cc43f62]" started-at="2024-05-14T14:56:09 IST" name="fillOperatorDetails" finished-at="2024-05-14T14:56:19 IST" duration-ms="9672" status="PASS">
          <params>
            <param index="0">
              <value>
                <![CDATA[public void qa.test.TestSec50UatSf.fillOperatorDetails(java.lang.reflect.Method)]]>
              </value>
            </param>
          </params>
          <reporter-output>
          </reporter-output>
        </test-method> <!-- fillOperatorDetails -->
        <test-method is-config="true" signature="afterMethod(org.testng.ITestResult)[pri:0, instance:qa.test.TestSec50UatSf@cc43f62]" started-at="2024-05-14T14:56:19 IST" name="afterMethod" finished-at="2024-05-14T14:56:19 IST" duration-ms="1" status="PASS">
          <params>
            <param index="0">
              <value>
                <![CDATA[[TestResult name=fillOperatorDetails status=SUCCESS method=TestSec50UatSf.fillOperatorDetails(java.lang.reflect.Method)[pri:56, instance:qa.test.TestSec50UatSf@cc43f62] output={null}]]]>
              </value>
            </param>
          </params>
          <reporter-output>
          </reporter-output>
        </test-method> <!-- afterMethod -->
        <test-method signature="addDeclarations(java.lang.reflect.Method)[pri:57, instance:qa.test.TestSec50UatSf@cc43f62]" started-at="2024-05-14T14:56:19 IST" name="addDeclarations" finished-at="2024-05-14T14:56:28 IST" duration-ms="8520" status="PASS">
          <params>
            <param index="0">
              <value>
                <![CDATA[public void qa.test.TestSec50UatSf.addDeclarations(java.lang.reflect.Method)]]>
              </value>
            </param>
          </params>
          <reporter-output>
          </reporter-output>
        </test-method> <!-- addDeclarations -->
        <test-method is-config="true" signature="afterMethod(org.testng.ITestResult)[pri:0, instance:qa.test.TestSec50UatSf@cc43f62]" started-at="2024-05-14T14:56:28 IST" name="afterMethod" finished-at="2024-05-14T14:56:28 IST" duration-ms="1" status="PASS">
          <params>
            <param index="0">
              <value>
                <![CDATA[[TestResult name=addDeclarations status=SUCCESS method=TestSec50UatSf.addDeclarations(java.lang.reflect.Method)[pri:57, instance:qa.test.TestSec50UatSf@cc43f62] output={null}]]]>
              </value>
            </param>
          </params>
          <reporter-output>
          </reporter-output>
        </test-method> <!-- afterMethod -->
        <test-method signature="checkOrderSummary(java.lang.reflect.Method)[pri:57, instance:qa.test.TestSec50UatSf@cc43f62]" started-at="2024-05-14T14:56:28 IST" name="checkOrderSummary" finished-at="2024-05-14T14:56:30 IST" duration-ms="2062" status="PASS">
          <params>
            <param index="0">
              <value>
                <![CDATA[public void qa.test.TestSec50UatSf.checkOrderSummary(java.lang.reflect.Method)]]>
              </value>
            </param>
          </params>
          <reporter-output>
          </reporter-output>
        </test-method> <!-- checkOrderSummary -->
        <test-method is-config="true" signature="afterMethod(org.testng.ITestResult)[pri:0, instance:qa.test.TestSec50UatSf@cc43f62]" started-at="2024-05-14T14:56:30 IST" name="afterMethod" finished-at="2024-05-14T14:56:30 IST" duration-ms="0" status="PASS">
          <params>
            <param index="0">
              <value>
                <![CDATA[[TestResult name=checkOrderSummary status=SUCCESS method=TestSec50UatSf.checkOrderSummary(java.lang.reflect.Method)[pri:57, instance:qa.test.TestSec50UatSf@cc43f62] output={null}]]]>
              </value>
            </param>
          </params>
          <reporter-output>
          </reporter-output>
        </test-method> <!-- afterMethod -->
        <test-method is-config="true" signature="afterTest()[pri:0, instance:qa.test.TestSec50UatSf@cc43f62]" started-at="2024-05-14T14:56:30 IST" name="afterTest" finished-at="2024-05-14T14:56:30 IST" duration-ms="575" status="PASS">
          <reporter-output>
          </reporter-output>
        </test-method> <!-- afterTest -->
      </class> <!-- qa.test.TestSec50UatSf -->
    </test> <!-- FireFoxTest1 -->
  </suite> <!-- Suite -->
</testng-results>
